TLC2 Version 2.17 of 02 February 2022 (rev: 3c7caa5)
Running breadth-first search Model-Checking with fp 41 and seed 4139384280052399237 with 6 workers on 12 cores with 7851MB heap and 64MB offheap memory [pid: 8352] (Windows 11 10.0 amd64, Oracle Corporation 17.0.3.1 x86_64, MSBDiskFPSet, DiskStateQueue).
Parsing file D:\Data Collection\BenOrMsgsByzCCL.tla
Parsing file C:\Users\marij\AppData\Local\Temp\TLC.tla
Parsing file C:\Users\marij\AppData\Local\Temp\Integers.tla
Parsing file C:\Users\marij\AppData\Local\Temp\FiniteSets.tla
Parsing file C:\Users\marij\AppData\Local\Temp\Naturals.tla
Parsing file C:\Users\marij\AppData\Local\Temp\Sequences.tla
Semantic processing of module Naturals
Semantic processing of module Sequences
Semantic processing of module FiniteSets
Semantic processing of module TLC
Semantic processing of module Integers
Semantic processing of module BenOrMsgsByzCCL
Starting... (2024-04-27 16:30:57)
Computing initial states...
Computed 2 initial states...
Computed 4 initial states...
Computed 8 initial states...
Computed 16 initial states...
Computed 32 initial states...
Computed 64 initial states...
Computed 128 initial states...
Computed 256 initial states...
Finished computing initial states: 512 distinct states generated at 2024-04-27 16:30:57.
Progress(5) at 2024-04-27 16:31:00: 398,764 states generated (398,764 s/min), 123,557 distinct states found (123,557 ds/min), 62,048 states left on queue.
Progress(23) at 2024-04-27 16:32:00: 4,308,569 states generated (3,909,805 s/min), 717,367 distinct states found (593,810 ds/min), 149,260 states left on queue.
Progress(24) at 2024-04-27 16:33:00: 10,167,091 states generated (5,858,522 s/min), 1,231,300 distinct states found (513,933 ds/min), 491,778 states left on queue.
Progress(24) at 2024-04-27 16:34:00: 15,911,436 states generated (5,744,345 s/min), 1,799,525 distinct states found (568,225 ds/min), 846,065 states left on queue.
Progress(25) at 2024-04-27 16:35:00: 22,621,810 states generated (6,710,374 s/min), 2,308,257 distinct states found (508,732 ds/min), 1,132,846 states left on queue.
Progress(25) at 2024-04-27 16:36:00: 28,482,125 states generated (5,860,315 s/min), 2,841,539 distinct states found (533,282 ds/min), 1,422,187 states left on queue.
Progress(25) at 2024-04-27 16:37:00: 33,623,668 states generated (5,141,543 s/min), 3,375,155 distinct states found (533,616 ds/min), 1,711,741 states left on queue.
Progress(25) at 2024-04-27 16:38:00: 38,239,974 states generated (4,616,306 s/min), 3,776,922 distinct states found (401,767 ds/min), 1,929,318 states left on queue.
Progress(26) at 2024-04-27 16:39:00: 44,699,861 states generated (6,459,887 s/min), 4,222,452 distinct states found (445,530 ds/min), 2,149,074 states left on queue.
Progress(26) at 2024-04-27 16:40:00: 51,128,530 states generated (6,428,669 s/min), 4,718,346 distinct states found (495,894 ds/min), 2,372,673 states left on queue.
Progress(26) at 2024-04-27 16:41:00: 56,844,558 states generated (5,716,028 s/min), 5,225,797 distinct states found (507,451 ds/min), 2,603,507 states left on queue.
Progress(26) at 2024-04-27 16:42:00: 61,961,004 states generated (5,116,446 s/min), 5,750,206 distinct states found (524,409 ds/min), 2,844,875 states left on queue.
Progress(26) at 2024-04-27 16:43:00: 66,907,998 states generated (4,946,994 s/min), 6,263,245 distinct states found (513,039 ds/min), 3,078,968 states left on queue.
Progress(26) at 2024-04-27 16:44:00: 72,581,968 states generated (5,673,970 s/min), 6,763,102 distinct states found (499,857 ds/min), 3,306,504 states left on queue.
Progress(26) at 2024-04-27 16:45:00: 77,926,881 states generated (5,344,913 s/min), 7,267,919 distinct states found (504,817 ds/min), 3,537,796 states left on queue.
Progress(26) at 2024-04-27 16:46:00: 84,448,963 states generated (6,522,082 s/min), 7,740,797 distinct states found (472,878 ds/min), 3,748,911 states left on queue.
Progress(27) at 2024-04-27 16:47:00: 91,502,878 states generated (7,053,915 s/min), 8,208,767 distinct states found (467,970 ds/min), 3,915,484 states left on queue.
Progress(27) at 2024-04-27 16:48:00: 97,591,173 states generated (6,088,295 s/min), 8,697,606 distinct states found (488,839 ds/min), 4,090,119 states left on queue.
Progress(27) at 2024-04-27 16:49:00: 103,429,766 states generated (5,838,593 s/min), 9,192,282 distinct states found (494,676 ds/min), 4,268,951 states left on queue.
Progress(27) at 2024-04-27 16:50:00: 108,883,906 states generated (5,454,140 s/min), 9,686,661 distinct states found (494,379 ds/min), 4,447,507 states left on queue.
Progress(27) at 2024-04-27 16:51:00: 113,901,522 states generated (5,017,616 s/min), 10,193,480 distinct states found (506,819 ds/min), 4,634,470 states left on queue.
Progress(27) at 2024-04-27 16:52:00: 118,537,987 states generated (4,636,465 s/min), 10,700,438 distinct states found (506,958 ds/min), 4,820,375 states left on queue.
Progress(27) at 2024-04-27 16:53:00: 123,613,481 states generated (5,075,494 s/min), 11,199,806 distinct states found (499,368 ds/min), 5,000,307 states left on queue.
Progress(27) at 2024-04-27 16:54:00: 128,520,731 states generated (4,907,250 s/min), 11,704,681 distinct states found (504,875 ds/min), 5,187,050 states left on queue.
Progress(27) at 2024-04-27 16:55:00: 134,149,130 states generated (5,628,399 s/min), 12,187,481 distinct states found (482,800 ds/min), 5,360,306 states left on queue.
Progress(27) at 2024-04-27 16:56:00: 139,542,863 states generated (5,393,733 s/min), 12,681,973 distinct states found (494,492 ds/min), 5,540,551 states left on queue.
Progress(27) at 2024-04-27 16:57:00: 145,526,194 states generated (5,983,331 s/min), 13,161,391 distinct states found (479,418 ds/min), 5,711,854 states left on queue.
Progress(27) at 2024-04-27 16:58:00: 151,974,111 states generated (6,447,917 s/min), 13,619,776 distinct states found (458,385 ds/min), 5,871,211 states left on queue.
Progress(28) at 2024-04-27 16:59:00: 158,948,502 states generated (6,974,391 s/min), 14,085,586 distinct states found (465,810 ds/min), 5,989,082 states left on queue.
Progress(28) at 2024-04-27 17:00:00: 165,544,095 states generated (6,595,593 s/min), 14,569,889 distinct states found (484,303 ds/min), 6,107,741 states left on queue.
Checkpointing of run states\24-04-27-16-30-56
Checkpointing completed at (2024-04-27 17:01:00)
Progress(28) at 2024-04-27 17:01:00: 171,281,015 states generated (5,736,920 s/min), 15,064,664 distinct states found (494,775 ds/min), 6,234,566 states left on queue.
Progress(28) at 2024-04-27 17:02:00: 177,061,961 states generated (5,780,946 s/min), 15,562,512 distinct states found (497,848 ds/min), 6,361,087 states left on queue.
Progress(28) at 2024-04-27 17:03:00: 182,279,297 states generated (5,217,336 s/min), 16,067,217 distinct states found (504,705 ds/min), 6,494,594 states left on queue.
Progress(28) at 2024-04-27 17:04:00: 187,922,584 states generated (5,643,287 s/min), 16,560,965 distinct states found (493,748 ds/min), 6,621,249 states left on queue.
Progress(28) at 2024-04-27 17:05:00: 192,673,792 states generated (4,751,208 s/min), 17,070,541 distinct states found (509,576 ds/min), 6,757,306 states left on queue.
Progress(28) at 2024-04-27 17:06:00: 197,005,903 states generated (4,332,111 s/min), 17,582,273 distinct states found (511,732 ds/min), 6,895,381 states left on queue.
Progress(28) at 2024-04-27 17:07:00: 202,567,130 states generated (5,561,227 s/min), 18,075,101 distinct states found (492,828 ds/min), 7,020,152 states left on queue.
Progress(28) at 2024-04-27 17:08:00: 207,191,580 states generated (4,624,450 s/min), 18,583,995 distinct states found (508,894 ds/min), 7,156,130 states left on queue.
Progress(28) at 2024-04-27 17:09:00: 212,067,462 states generated (4,875,882 s/min), 19,085,810 distinct states found (501,815 ds/min), 7,291,420 states left on queue.
Progress(28) at 2024-04-27 17:10:00: 217,844,102 states generated (5,776,640 s/min), 19,572,242 distinct states found (486,432 ds/min), 7,412,997 states left on queue.
Progress(28) at 2024-04-27 17:11:00: 222,906,479 states generated (5,062,377 s/min), 20,076,271 distinct states found (504,029 ds/min), 7,547,916 states left on queue.
Progress(28) at 2024-04-27 17:12:00: 228,624,178 states generated (5,717,699 s/min), 20,564,617 distinct states found (488,346 ds/min), 7,672,891 states left on queue.
Progress(28) at 2024-04-27 17:13:00: 234,659,931 states generated (6,035,753 s/min), 21,041,781 distinct states found (477,164 ds/min), 7,792,164 states left on queue.
Progress(28) at 2024-04-27 17:14:00: 241,358,358 states generated (6,698,427 s/min), 21,506,253 distinct states found (464,472 ds/min), 7,901,715 states left on queue.
Progress(29) at 2024-04-27 17:15:00: 248,412,802 states generated (7,054,444 s/min), 21,984,448 distinct states found (478,195 ds/min), 7,973,275 states left on queue.
Progress(29) at 2024-04-27 17:16:00: 254,872,748 states generated (6,459,946 s/min), 22,478,981 distinct states found (494,533 ds/min), 8,035,984 states left on queue.
Progress(29) at 2024-04-27 17:17:00: 260,903,039 states generated (6,030,291 s/min), 22,975,161 distinct states found (496,180 ds/min), 8,100,483 states left on queue.
Progress(29) at 2024-04-27 17:18:00: 266,882,744 states generated (5,979,705 s/min), 23,475,317 distinct states found (500,156 ds/min), 8,168,464 states left on queue.
Progress(29) at 2024-04-27 17:19:00: 271,842,416 states generated (4,959,672 s/min), 23,984,743 distinct states found (509,426 ds/min), 8,246,331 states left on queue.
Progress(29) at 2024-04-27 17:20:01: 277,574,845 states generated (5,732,429 s/min), 24,481,850 distinct states found (497,107 ds/min), 8,312,991 states left on queue.
Progress(29) at 2024-04-27 17:21:01: 282,961,426 states generated (5,386,581 s/min), 24,989,398 distinct states found (507,548 ds/min), 8,388,067 states left on queue.
Progress(29) at 2024-04-27 17:22:01: 287,705,767 states generated (4,744,341 s/min), 25,495,916 distinct states found (506,518 ds/min), 8,465,855 states left on queue.
Progress(29) at 2024-04-27 17:23:01: 291,789,297 states generated (4,083,530 s/min), 26,007,915 distinct states found (511,999 ds/min), 8,548,352 states left on queue.
Progress(29) at 2024-04-27 17:24:01: 297,532,259 states generated (5,742,962 s/min), 26,487,824 distinct states found (479,909 ds/min), 8,611,047 states left on queue.
Progress(29) at 2024-04-27 17:25:01: 301,801,791 states generated (4,269,532 s/min), 27,003,621 distinct states found (515,797 ds/min), 8,694,022 states left on queue.
Progress(29) at 2024-04-27 17:26:01: 306,638,786 states generated (4,836,995 s/min), 27,511,932 distinct states found (508,311 ds/min), 8,770,642 states left on queue.
Progress(29) at 2024-04-27 17:27:01: 311,789,182 states generated (5,150,396 s/min), 28,010,748 distinct states found (498,816 ds/min), 8,845,062 states left on queue.
Progress(29) at 2024-04-27 17:28:01: 317,430,125 states generated (5,640,943 s/min), 28,494,308 distinct states found (483,560 ds/min), 8,909,622 states left on queue.
Progress(29) at 2024-04-27 17:29:01: 322,292,630 states generated (4,862,505 s/min), 28,999,959 distinct states found (505,651 ds/min), 8,989,267 states left on queue.
Progress(29) at 2024-04-27 17:30:01: 328,348,900 states generated (6,056,270 s/min), 29,476,705 distinct states found (476,746 ds/min), 9,048,433 states left on queue.
Checkpointing of run states\24-04-27-16-30-56
Checkpointing completed at (2024-04-27 17:31:01)
Progress(29) at 2024-04-27 17:31:01: 333,943,262 states generated (5,594,362 s/min), 29,977,201 distinct states found (500,496 ds/min), 9,120,467 states left on queue.
Progress(29) at 2024-04-27 17:32:01: 340,217,510 states generated (6,274,248 s/min), 30,451,735 distinct states found (474,534 ds/min), 9,179,449 states left on queue.
Progress(30) at 2024-04-27 17:33:01: 346,948,564 states generated (6,731,054 s/min), 30,921,703 distinct states found (469,968 ds/min), 9,229,054 states left on queue.
Progress(30) at 2024-04-27 17:34:01: 353,853,693 states generated (6,905,129 s/min), 31,418,601 distinct states found (496,898 ds/min), 9,213,951 states left on queue.
Progress(30) at 2024-04-27 17:35:01: 360,201,431 states generated (6,347,738 s/min), 31,921,337 distinct states found (502,736 ds/min), 9,211,072 states left on queue.
Progress(30) at 2024-04-27 17:36:01: 365,752,625 states generated (5,551,194 s/min), 32,432,821 distinct states found (511,484 ds/min), 9,214,735 states left on queue.
Progress(30) at 2024-04-27 17:37:01: 371,172,876 states generated (5,420,251 s/min), 32,940,462 distinct states found (507,641 ds/min), 9,219,688 states left on queue.
Progress(30) at 2024-04-27 17:38:01: 375,975,203 states generated (4,802,327 s/min), 33,451,971 distinct states found (511,509 ds/min), 9,233,512 states left on queue.
Progress(30) at 2024-04-27 17:39:01: 382,091,964 states generated (6,116,761 s/min), 33,951,804 distinct states found (499,833 ds/min), 9,229,332 states left on queue.
Progress(30) at 2024-04-27 17:40:01: 386,641,426 states generated (4,549,462 s/min), 34,469,893 distinct states found (518,089 ds/min), 9,244,270 states left on queue.
Progress(30) at 2024-04-27 17:41:01: 391,430,928 states generated (4,789,502 s/min), 34,984,473 distinct states found (514,580 ds/min), 9,255,823 states left on queue.
Progress(30) at 2024-04-27 17:42:01: 396,370,394 states generated (4,939,466 s/min), 35,491,398 distinct states found (506,925 ds/min), 9,266,366 states left on queue.
Progress(30) at 2024-04-27 17:43:01: 401,646,971 states generated (5,276,577 s/min), 35,990,257 distinct states found (498,859 ds/min), 9,269,340 states left on queue.
Progress(30) at 2024-04-27 17:44:01: 406,468,182 states generated (4,821,211 s/min), 36,501,151 distinct states found (510,894 ds/min), 9,279,649 states left on queue.
Progress(30) at 2024-04-27 17:45:01: 411,012,064 states generated (4,543,882 s/min), 37,014,158 distinct states found (513,007 ds/min), 9,294,031 states left on queue.
Progress(30) at 2024-04-27 17:46:01: 416,652,689 states generated (5,640,625 s/min), 37,518,793 distinct states found (504,635 ds/min), 9,298,993 states left on queue.
Progress(30) at 2024-04-27 17:47:01: 421,542,263 states generated (4,889,574 s/min), 38,027,323 distinct states found (508,530 ds/min), 9,307,409 states left on queue.
Progress(30) at 2024-04-27 17:48:01: 426,923,314 states generated (5,381,051 s/min), 38,530,637 distinct states found (503,314 ds/min), 9,313,244 states left on queue.
Progress(30) at 2024-04-27 17:49:01: 432,644,167 states generated (5,720,853 s/min), 39,029,982 distinct states found (499,345 ds/min), 9,315,766 states left on queue.
Progress(30) at 2024-04-27 17:50:01: 438,540,764 states generated (5,896,597 s/min), 39,522,740 distinct states found (492,758 ds/min), 9,314,185 states left on queue.
Progress(30) at 2024-04-27 17:51:01: 445,127,130 states generated (6,586,366 s/min), 40,009,092 distinct states found (486,352 ds/min), 9,306,513 states left on queue.
Progress(31) at 2024-04-27 17:52:01: 451,994,945 states generated (6,867,815 s/min), 40,506,962 distinct states found (497,870 ds/min), 9,237,283 states left on queue.
Progress(31) at 2024-04-27 17:53:01: 458,287,461 states generated (6,292,516 s/min), 41,025,994 distinct states found (519,032 ds/min), 9,153,491 states left on queue.
Progress(31) at 2024-04-27 17:54:01: 464,035,235 states generated (5,747,774 s/min), 41,545,425 distinct states found (519,431 ds/min), 9,073,405 states left on queue.
Progress(31) at 2024-04-27 17:55:01: 469,359,991 states generated (5,324,756 s/min), 42,066,491 distinct states found (521,066 ds/min), 8,999,301 states left on queue.
Progress(31) at 2024-04-27 17:56:01: 474,709,738 states generated (5,349,747 s/min), 42,585,633 distinct states found (519,142 ds/min), 8,926,023 states left on queue.
Progress(31) at 2024-04-27 17:57:01: 480,004,463 states generated (5,294,725 s/min), 43,101,103 distinct states found (515,470 ds/min), 8,851,960 states left on queue.
Progress(31) at 2024-04-27 17:58:01: 484,677,875 states generated (4,673,412 s/min), 43,623,268 distinct states found (522,165 ds/min), 8,786,923 states left on queue.
Progress(31) at 2024-04-27 17:59:01: 489,215,814 states generated (4,537,939 s/min), 44,138,966 distinct states found (515,698 ds/min), 8,722,909 states left on queue.
Progress(31) at 2024-04-27 18:00:01: 494,665,644 states generated (5,449,830 s/min), 44,646,898 distinct states found (507,932 ds/min), 8,646,860 states left on queue.
Checkpointing of run states\24-04-27-16-30-56
Checkpointing completed at (2024-04-27 18:01:02)
Progress(31) at 2024-04-27 18:01:02: 499,396,578 states generated (4,730,934 s/min), 45,174,060 distinct states found (527,162 ds/min), 8,581,538 states left on queue.
Progress(31) at 2024-04-27 18:02:02: 504,190,642 states generated (4,794,064 s/min), 45,690,826 distinct states found (516,766 ds/min), 8,515,566 states left on queue.
Progress(31) at 2024-04-27 18:03:03: 509,818,606 states generated (5,627,964 s/min), 46,198,101 distinct states found (507,275 ds/min), 8,437,350 states left on queue.
Progress(31) at 2024-04-27 18:04:03: 514,702,144 states generated (4,883,538 s/min), 46,721,022 distinct states found (522,921 ds/min), 8,370,695 states left on queue.
Progress(31) at 2024-04-27 18:05:03: 520,284,248 states generated (5,582,104 s/min), 47,231,177 distinct states found (510,155 ds/min), 8,294,001 states left on queue.
Progress(31) at 2024-04-27 18:06:03: 526,183,964 states generated (5,899,716 s/min), 47,736,623 distinct states found (505,446 ds/min), 8,213,475 states left on queue.
Progress(31) at 2024-04-27 18:07:03: 532,662,370 states generated (6,478,406 s/min), 48,232,890 distinct states found (496,267 ds/min), 8,125,497 states left on queue.
Progress(32) at 2024-04-27 18:08:03: 538,404,207 states generated (5,741,837 s/min), 48,688,956 distinct states found (456,066 ds/min), 7,965,003 states left on queue.
Progress(32) at 2024-04-27 18:09:03: 543,516,563 states generated (5,112,356 s/min), 49,178,948 distinct states found (489,992 ds/min), 7,802,299 states left on queue.
Progress(32) at 2024-04-27 18:10:03: 548,913,062 states generated (5,396,499 s/min), 49,681,494 distinct states found (502,546 ds/min), 7,631,757 states left on queue.
Progress(32) at 2024-04-27 18:11:03: 553,947,927 states generated (5,034,865 s/min), 50,187,026 distinct states found (505,532 ds/min), 7,468,445 states left on queue.
Progress(32) at 2024-04-27 18:12:03: 558,598,748 states generated (4,650,821 s/min), 50,691,635 distinct states found (504,609 ds/min), 7,311,262 states left on queue.
Progress(32) at 2024-04-27 18:13:03: 563,177,626 states generated (4,578,878 s/min), 51,198,686 distinct states found (507,051 ds/min), 7,154,954 states left on queue.
Progress(32) at 2024-04-27 18:14:03: 568,116,614 states generated (4,938,988 s/min), 51,689,339 distinct states found (490,653 ds/min), 6,994,756 states left on queue.
Progress(32) at 2024-04-27 18:15:03: 572,568,848 states generated (4,452,234 s/min), 52,188,899 distinct states found (499,560 ds/min), 6,842,658 states left on queue.
Progress(32) at 2024-04-27 18:16:03: 577,694,255 states generated (5,125,407 s/min), 52,687,133 distinct states found (498,234 ds/min), 6,678,512 states left on queue.
Progress(32) at 2024-04-27 18:17:03: 582,338,482 states generated (4,644,227 s/min), 53,187,808 distinct states found (500,675 ds/min), 6,522,613 states left on queue.
Progress(32) at 2024-04-27 18:18:03: 587,656,071 states generated (5,317,589 s/min), 53,680,568 distinct states found (492,760 ds/min), 6,354,889 states left on queue.
Progress(32) at 2024-04-27 18:19:03: 593,289,752 states generated (5,633,681 s/min), 54,172,883 distinct states found (492,315 ds/min), 6,183,545 states left on queue.
Progress(33) at 2024-04-27 18:20:03: 599,293,420 states generated (6,003,668 s/min), 54,677,075 distinct states found (504,192 ds/min), 5,928,992 states left on queue.
Progress(33) at 2024-04-27 18:21:03: 604,668,951 states generated (5,375,531 s/min), 55,204,372 distinct states found (527,297 ds/min), 5,632,630 states left on queue.
Progress(33) at 2024-04-27 18:22:03: 609,751,713 states generated (5,082,762 s/min), 55,727,515 distinct states found (523,143 ds/min), 5,345,570 states left on queue.
Progress(33) at 2024-04-27 18:23:03: 614,363,608 states generated (4,611,895 s/min), 56,248,061 distinct states found (520,546 ds/min), 5,070,590 states left on queue.
Progress(33) at 2024-04-27 18:24:03: 619,257,787 states generated (4,894,179 s/min), 56,763,302 distinct states found (515,241 ds/min), 4,791,248 states left on queue.
Progress(33) at 2024-04-27 18:25:03: 624,263,658 states generated (5,005,871 s/min), 57,279,376 distinct states found (516,074 ds/min), 4,506,902 states left on queue.
Progress(33) at 2024-04-27 18:26:03: 629,198,506 states generated (4,934,848 s/min), 57,797,659 distinct states found (518,283 ds/min), 4,224,383 states left on queue.
Progress(33) at 2024-04-27 18:27:03: 634,795,212 states generated (5,596,706 s/min), 58,307,623 distinct states found (509,964 ds/min), 3,926,925 states left on queue.
Progress(34) at 2024-04-27 18:28:03: 640,154,544 states generated (5,359,332 s/min), 58,860,688 distinct states found (553,065 ds/min), 3,455,529 states left on queue.
Progress(34) at 2024-04-27 18:29:03: 645,181,474 states generated (5,026,930 s/min), 59,404,271 distinct states found (543,583 ds/min), 3,003,922 states left on queue.
Progress(34) at 2024-04-27 18:30:03: 650,032,738 states generated (4,851,264 s/min), 59,939,867 distinct states found (535,596 ds/min), 2,563,647 states left on queue.
Checkpointing of run states\24-04-27-16-30-56
Checkpointing completed at (2024-04-27 18:31:04)
Progress(35) at 2024-04-27 18:31:04: 655,443,525 states generated (5,410,787 s/min), 60,494,166 distinct states found (554,299 ds/min), 2,064,440 states left on queue.
Progress(35) at 2024-04-27 18:32:04: 660,473,655 states generated (5,030,130 s/min), 61,061,132 distinct states found (566,966 ds/min), 1,378,599 states left on queue.
Progress(36) at 2024-04-27 18:33:04: 665,434,409 states generated (4,960,754 s/min), 61,625,941 distinct states found (564,809 ds/min), 562,232 states left on queue.
Progress(43) at 2024-04-27 18:34:04: 669,395,973 states generated (3,961,564 s/min), 62,478,057 distinct states found (852,116 ds/min), 289,487 states left on queue.
Progress(45) at 2024-04-27 18:35:04: 672,135,521 states generated (2,739,548 s/min), 63,016,650 distinct states found (538,593 ds/min), 239,968 states left on queue.
Progress(50) at 2024-04-27 18:36:04: 674,846,672 states generated (2,711,151 s/min), 63,337,602 distinct states found (320,952 ds/min), 108,989 states left on queue.
Progress(51) at 2024-04-27 18:37:04: 679,387,382 states generated (4,540,710 s/min), 63,681,662 distinct states found (344,060 ds/min), 361,930 states left on queue.
Progress(51) at 2024-04-27 18:38:04: 684,678,328 states generated (5,290,946 s/min), 64,042,063 distinct states found (360,401 ds/min), 598,746 states left on queue.
Progress(51) at 2024-04-27 18:39:04: 689,852,144 states generated (5,173,816 s/min), 64,394,650 distinct states found (352,587 ds/min), 834,217 states left on queue.
Progress(52) at 2024-04-27 18:40:04: 694,534,584 states generated (4,682,440 s/min), 64,711,904 distinct states found (317,254 ds/min), 1,039,404 states left on queue.
Progress(52) at 2024-04-27 18:41:04: 699,855,386 states generated (5,320,802 s/min), 65,051,086 distinct states found (339,182 ds/min), 1,233,662 states left on queue.
Progress(52) at 2024-04-27 18:42:04: 705,177,587 states generated (5,322,201 s/min), 65,387,545 distinct states found (336,459 ds/min), 1,428,810 states left on queue.
Progress(52) at 2024-04-27 18:43:04: 710,474,788 states generated (5,297,201 s/min), 65,724,914 distinct states found (337,369 ds/min), 1,625,849 states left on queue.
Progress(52) at 2024-04-27 18:44:04: 715,756,210 states generated (5,281,422 s/min), 66,056,944 distinct states found (332,030 ds/min), 1,823,381 states left on queue.
Progress(52) at 2024-04-27 18:45:04: 720,954,378 states generated (5,198,168 s/min), 66,389,082 distinct states found (332,138 ds/min), 2,017,491 states left on queue.
Progress(52) at 2024-04-27 18:46:04: 726,197,187 states generated (5,242,809 s/min), 66,721,527 distinct states found (332,445 ds/min), 2,210,600 states left on queue.
Progress(52) at 2024-04-27 18:47:04: 731,408,620 states generated (5,211,433 s/min), 67,053,197 distinct states found (331,670 ds/min), 2,401,013 states left on queue.
Progress(53) at 2024-04-27 18:48:04: 736,430,304 states generated (5,021,684 s/min), 67,359,970 distinct states found (306,773 ds/min), 2,554,494 states left on queue.
Progress(53) at 2024-04-27 18:49:04: 741,144,455 states generated (4,714,151 s/min), 67,646,080 distinct states found (286,110 ds/min), 2,693,981 states left on queue.
Progress(53) at 2024-04-27 18:50:04: 745,885,015 states generated (4,740,560 s/min), 67,936,386 distinct states found (290,306 ds/min), 2,836,997 states left on queue.
Progress(53) at 2024-04-27 18:51:04: 750,752,109 states generated (4,867,094 s/min), 68,230,408 distinct states found (294,022 ds/min), 2,984,105 states left on queue.
Progress(53) at 2024-04-27 18:52:04: 755,295,343 states generated (4,543,234 s/min), 68,503,413 distinct states found (273,005 ds/min), 3,118,933 states left on queue.
Progress(53) at 2024-04-27 18:53:04: 759,703,771 states generated (4,408,428 s/min), 68,773,880 distinct states found (270,467 ds/min), 3,253,216 states left on queue.
Progress(53) at 2024-04-27 18:54:04: 764,500,290 states generated (4,796,519 s/min), 69,062,313 distinct states found (288,433 ds/min), 3,398,196 states left on queue.
Progress(53) at 2024-04-27 18:55:04: 769,255,415 states generated (4,755,125 s/min), 69,351,982 distinct states found (289,669 ds/min), 3,544,207 states left on queue.
Progress(53) at 2024-04-27 18:56:04: 773,973,585 states generated (4,718,170 s/min), 69,628,285 distinct states found (276,303 ds/min), 3,685,165 states left on queue.
Progress(53) at 2024-04-27 18:57:04: 778,610,692 states generated (4,637,107 s/min), 69,907,476 distinct states found (279,191 ds/min), 3,827,014 states left on queue.
Progress(53) at 2024-04-27 18:58:04: 783,317,471 states generated (4,706,779 s/min), 70,191,943 distinct states found (284,467 ds/min), 3,969,365 states left on queue.
Progress(53) at 2024-04-27 18:59:04: 788,010,220 states generated (4,692,749 s/min), 70,477,944 distinct states found (286,001 ds/min), 4,112,842 states left on queue.
Progress(53) at 2024-04-27 19:00:04: 792,625,857 states generated (4,615,637 s/min), 70,756,043 distinct states found (278,099 ds/min), 4,248,788 states left on queue.
Checkpointing of run states\24-04-27-16-30-56
Checkpointing completed at (2024-04-27 19:01:05)
Progress(53) at 2024-04-27 19:01:05: 797,439,775 states generated (4,813,918 s/min), 71,047,796 distinct states found (291,753 ds/min), 4,394,899 states left on queue.
Progress(53) at 2024-04-27 19:02:05: 802,042,014 states generated (4,602,239 s/min), 71,329,683 distinct states found (281,887 ds/min), 4,534,541 states left on queue.
Progress(53) at 2024-04-27 19:03:05: 806,743,183 states generated (4,701,169 s/min), 71,614,757 distinct states found (285,074 ds/min), 4,674,977 states left on queue.
Progress(53) at 2024-04-27 19:04:05: 811,281,044 states generated (4,537,861 s/min), 71,888,610 distinct states found (273,853 ds/min), 4,807,409 states left on queue.
Progress(54) at 2024-04-27 19:05:05: 816,113,753 states generated (4,832,709 s/min), 72,175,920 distinct states found (287,310 ds/min), 4,925,725 states left on queue.
Progress(54) at 2024-04-27 19:06:05: 820,727,531 states generated (4,613,778 s/min), 72,449,894 distinct states found (273,974 ds/min), 5,034,422 states left on queue.
Progress(54) at 2024-04-27 19:07:05: 825,435,116 states generated (4,707,585 s/min), 72,727,063 distinct states found (277,169 ds/min), 5,144,663 states left on queue.
Progress(54) at 2024-04-27 19:08:05: 830,122,958 states generated (4,687,842 s/min), 73,005,695 distinct states found (278,632 ds/min), 5,258,384 states left on queue.
Progress(54) at 2024-04-27 19:09:05: 834,821,067 states generated (4,698,109 s/min), 73,280,706 distinct states found (275,011 ds/min), 5,366,841 states left on queue.
Progress(54) at 2024-04-27 19:10:05: 839,360,306 states generated (4,539,239 s/min), 73,549,625 distinct states found (268,919 ds/min), 5,476,908 states left on queue.
Progress(54) at 2024-04-27 19:11:05: 844,061,540 states generated (4,701,234 s/min), 73,825,747 distinct states found (276,122 ds/min), 5,589,659 states left on queue.
Progress(54) at 2024-04-27 19:12:05: 848,990,908 states generated (4,929,368 s/min), 74,114,587 distinct states found (288,840 ds/min), 5,708,523 states left on queue.
Progress(54) at 2024-04-27 19:13:05: 854,019,415 states generated (5,028,507 s/min), 74,411,592 distinct states found (297,005 ds/min), 5,825,862 states left on queue.
Progress(54) at 2024-04-27 19:14:05: 859,022,043 states generated (5,002,628 s/min), 74,706,131 distinct states found (294,539 ds/min), 5,945,832 states left on queue.
Progress(54) at 2024-04-27 19:15:05: 864,006,122 states generated (4,984,079 s/min), 74,999,129 distinct states found (292,998 ds/min), 6,065,917 states left on queue.
Progress(54) at 2024-04-27 19:16:05: 868,974,921 states generated (4,968,799 s/min), 75,289,725 distinct states found (290,596 ds/min), 6,184,922 states left on queue.
Progress(54) at 2024-04-27 19:17:05: 873,922,708 states generated (4,947,787 s/min), 75,583,604 distinct states found (293,879 ds/min), 6,307,248 states left on queue.
Progress(54) at 2024-04-27 19:18:05: 878,873,188 states generated (4,950,480 s/min), 75,871,063 distinct states found (287,459 ds/min), 6,427,084 states left on queue.
Progress(54) at 2024-04-27 19:19:05: 883,847,092 states generated (4,973,904 s/min), 76,152,021 distinct states found (280,958 ds/min), 6,544,484 states left on queue.
Progress(54) at 2024-04-27 19:20:05: 888,784,020 states generated (4,936,928 s/min), 76,438,368 distinct states found (286,347 ds/min), 6,663,824 states left on queue.
Progress(54) at 2024-04-27 19:21:05: 893,696,969 states generated (4,912,949 s/min), 76,728,825 distinct states found (290,457 ds/min), 6,785,674 states left on queue.
Progress(54) at 2024-04-27 19:22:05: 898,628,327 states generated (4,931,358 s/min), 77,016,825 distinct states found (288,000 ds/min), 6,902,396 states left on queue.
Progress(54) at 2024-04-27 19:23:05: 903,488,544 states generated (4,860,217 s/min), 77,302,411 distinct states found (285,586 ds/min), 7,020,483 states left on queue.
Progress(54) at 2024-04-27 19:24:05: 908,382,216 states generated (4,893,672 s/min), 77,591,598 distinct states found (289,187 ds/min), 7,138,427 states left on queue.
Progress(54) at 2024-04-27 19:25:05: 913,280,332 states generated (4,898,116 s/min), 77,881,842 distinct states found (290,244 ds/min), 7,255,275 states left on queue.
Progress(54) at 2024-04-27 19:26:05: 918,211,726 states generated (4,931,394 s/min), 78,168,809 distinct states found (286,967 ds/min), 7,370,690 states left on queue.
Progress(54) at 2024-04-27 19:27:05: 923,134,395 states generated (4,922,669 s/min), 78,462,122 distinct states found (293,313 ds/min), 7,492,235 states left on queue.
Progress(54) at 2024-04-27 19:28:05: 928,034,981 states generated (4,900,586 s/min), 78,748,307 distinct states found (286,185 ds/min), 7,608,604 states left on queue.
Progress(54) at 2024-04-27 19:29:05: 932,922,494 states generated (4,887,513 s/min), 79,036,748 distinct states found (288,441 ds/min), 7,723,457 states left on queue.
Progress(54) at 2024-04-27 19:30:05: 937,829,933 states generated (4,907,439 s/min), 79,324,830 distinct states found (288,082 ds/min), 7,839,856 states left on queue.
Checkpointing of run states\24-04-27-16-30-56
Checkpointing completed at (2024-04-27 19:31:05)
Progress(54) at 2024-04-27 19:31:05: 942,743,240 states generated (4,913,307 s/min), 79,616,771 distinct states found (291,941 ds/min), 7,956,367 states left on queue.
Progress(54) at 2024-04-27 19:32:05: 947,577,183 states generated (4,833,943 s/min), 79,903,620 distinct states found (286,849 ds/min), 8,069,754 states left on queue.
Progress(55) at 2024-04-27 19:33:05: 952,480,751 states generated (4,903,568 s/min), 80,194,967 distinct states found (291,347 ds/min), 8,175,915 states left on queue.
Progress(55) at 2024-04-27 19:34:05: 957,458,768 states generated (4,978,017 s/min), 80,482,406 distinct states found (287,439 ds/min), 8,257,974 states left on queue.
Progress(55) at 2024-04-27 19:35:05: 962,442,211 states generated (4,983,443 s/min), 80,775,129 distinct states found (292,723 ds/min), 8,346,143 states left on queue.
Progress(55) at 2024-04-27 19:36:05: 967,396,721 states generated (4,954,510 s/min), 81,059,050 distinct states found (283,921 ds/min), 8,429,827 states left on queue.
Progress(55) at 2024-04-27 19:37:05: 972,410,344 states generated (5,013,623 s/min), 81,351,643 distinct states found (292,593 ds/min), 8,517,816 states left on queue.
Progress(55) at 2024-04-27 19:38:05: 977,351,247 states generated (4,940,903 s/min), 81,641,374 distinct states found (289,731 ds/min), 8,607,326 states left on queue.
Progress(55) at 2024-04-27 19:39:05: 982,351,394 states generated (5,000,147 s/min), 81,933,020 distinct states found (291,646 ds/min), 8,694,828 states left on queue.
Progress(55) at 2024-04-27 19:40:05: 987,338,990 states generated (4,987,596 s/min), 82,218,868 distinct states found (285,848 ds/min), 8,781,087 states left on queue.
Progress(55) at 2024-04-27 19:41:05: 992,324,525 states generated (4,985,535 s/min), 82,508,428 distinct states found (289,560 ds/min), 8,869,442 states left on queue.
Progress(55) at 2024-04-27 19:42:05: 997,268,645 states generated (4,944,120 s/min), 82,797,471 distinct states found (289,043 ds/min), 8,960,799 states left on queue.
Progress(55) at 2024-04-27 19:43:05: 1,002,221,685 states generated (4,953,040 s/min), 83,081,026 distinct states found (283,555 ds/min), 9,051,176 states left on queue.
Progress(55) at 2024-04-27 19:44:05: 1,007,216,468 states generated (4,994,783 s/min), 83,370,521 distinct states found (289,495 ds/min), 9,135,962 states left on queue.
Progress(55) at 2024-04-27 19:45:05: 1,012,215,511 states generated (4,999,043 s/min), 83,660,050 distinct states found (289,529 ds/min), 9,222,217 states left on queue.
Progress(55) at 2024-04-27 19:46:05: 1,016,773,948 states generated (4,558,437 s/min), 83,926,104 distinct states found (266,054 ds/min), 9,307,229 states left on queue.
Progress(55) at 2024-04-27 19:47:05: 1,021,516,021 states generated (4,742,073 s/min), 84,201,749 distinct states found (275,645 ds/min), 9,389,250 states left on queue.
Progress(55) at 2024-04-27 19:48:05: 1,026,163,650 states generated (4,647,629 s/min), 84,471,591 distinct states found (269,842 ds/min), 9,475,052 states left on queue.
Progress(55) at 2024-04-27 19:49:05: 1,030,944,839 states generated (4,781,189 s/min), 84,747,577 distinct states found (275,986 ds/min), 9,562,850 states left on queue.
Progress(55) at 2024-04-27 19:50:05: 1,035,661,563 states generated (4,716,724 s/min), 85,020,310 distinct states found (272,733 ds/min), 9,645,019 states left on queue.
Progress(55) at 2024-04-27 19:51:05: 1,040,403,007 states generated (4,741,444 s/min), 85,294,551 distinct states found (274,241 ds/min), 9,732,074 states left on queue.
Progress(55) at 2024-04-27 19:52:05: 1,045,123,812 states generated (4,720,805 s/min), 85,565,837 distinct states found (271,286 ds/min), 9,817,796 states left on queue.
Progress(55) at 2024-04-27 19:53:05: 1,049,835,948 states generated (4,712,136 s/min), 85,835,359 distinct states found (269,522 ds/min), 9,904,698 states left on queue.
Progress(55) at 2024-04-27 19:54:05: 1,054,585,304 states generated (4,749,356 s/min), 86,099,534 distinct states found (264,175 ds/min), 9,988,509 states left on queue.
Progress(55) at 2024-04-27 19:55:05: 1,059,379,469 states generated (4,794,165 s/min), 86,372,899 distinct states found (273,365 ds/min), 10,076,477 states left on queue.
Progress(55) at 2024-04-27 19:56:05: 1,064,179,402 states generated (4,799,933 s/min), 86,649,487 distinct states found (276,588 ds/min), 10,164,014 states left on queue.
Progress(55) at 2024-04-27 19:57:05: 1,068,730,001 states generated (4,550,599 s/min), 86,911,859 distinct states found (262,372 ds/min), 10,247,020 states left on queue.
Progress(55) at 2024-04-27 19:58:05: 1,073,394,861 states generated (4,664,860 s/min), 87,185,844 distinct states found (273,985 ds/min), 10,333,364 states left on queue.
Progress(55) at 2024-04-27 19:59:05: 1,078,287,462 states generated (4,892,601 s/min), 87,464,595 distinct states found (278,751 ds/min), 10,418,587 states left on queue.
Progress(55) at 2024-04-27 20:00:05: 1,083,204,529 states generated (4,917,067 s/min), 87,749,662 distinct states found (285,067 ds/min), 10,509,079 states left on queue.
Checkpointing of run states\24-04-27-16-30-56
Checkpointing completed at (2024-04-27 20:01:06)
Progress(55) at 2024-04-27 20:01:06: 1,087,879,237 states generated (4,674,708 s/min), 88,025,178 distinct states found (275,516 ds/min), 10,594,229 states left on queue.
Progress(55) at 2024-04-27 20:02:06: 1,092,591,947 states generated (4,712,710 s/min), 88,294,743 distinct states found (269,565 ds/min), 10,676,840 states left on queue.
Progress(55) at 2024-04-27 20:03:06: 1,097,350,596 states generated (4,758,649 s/min), 88,572,298 distinct states found (277,555 ds/min), 10,761,558 states left on queue.
Progress(55) at 2024-04-27 20:04:06: 1,102,026,614 states generated (4,676,018 s/min), 88,845,144 distinct states found (272,846 ds/min), 10,841,506 states left on queue.
Progress(55) at 2024-04-27 20:05:06: 1,106,707,188 states generated (4,680,574 s/min), 89,112,448 distinct states found (267,304 ds/min), 10,925,528 states left on queue.
Progress(55) at 2024-04-27 20:06:06: 1,111,497,997 states generated (4,790,809 s/min), 89,390,054 distinct states found (277,606 ds/min), 11,013,370 states left on queue.
Progress(55) at 2024-04-27 20:07:06: 1,116,140,256 states generated (4,642,259 s/min), 89,664,780 distinct states found (274,726 ds/min), 11,096,773 states left on queue.
Progress(55) at 2024-04-27 20:08:06: 1,120,799,311 states generated (4,659,055 s/min), 89,931,633 distinct states found (266,853 ds/min), 11,180,380 states left on queue.
Progress(55) at 2024-04-27 20:09:06: 1,125,320,309 states generated (4,520,998 s/min), 90,195,346 distinct states found (263,713 ds/min), 11,259,859 states left on queue.
Progress(55) at 2024-04-27 20:10:06: 1,129,830,184 states generated (4,509,875 s/min), 90,456,912 distinct states found (261,566 ds/min), 11,335,956 states left on queue.
Progress(55) at 2024-04-27 20:11:06: 1,134,432,726 states generated (4,602,542 s/min), 90,725,292 distinct states found (268,380 ds/min), 11,419,941 states left on queue.
Progress(55) at 2024-04-27 20:12:06: 1,139,044,431 states generated (4,611,705 s/min), 90,994,891 distinct states found (269,599 ds/min), 11,501,307 states left on queue.
Progress(55) at 2024-04-27 20:13:06: 1,143,763,100 states generated (4,718,669 s/min), 91,268,507 distinct states found (273,616 ds/min), 11,582,324 states left on queue.
Progress(55) at 2024-04-27 20:14:06: 1,148,227,907 states generated (4,464,807 s/min), 91,531,481 distinct states found (262,974 ds/min), 11,661,047 states left on queue.
Progress(55) at 2024-04-27 20:15:06: 1,152,917,407 states generated (4,689,500 s/min), 91,801,271 distinct states found (269,790 ds/min), 11,739,105 states left on queue.
Progress(56) at 2024-04-27 20:16:06: 1,157,795,444 states generated (4,878,037 s/min), 92,086,405 distinct states found (285,134 ds/min), 11,797,648 states left on queue.
Progress(56) at 2024-04-27 20:17:06: 1,162,736,901 states generated (4,941,457 s/min), 92,373,618 distinct states found (287,213 ds/min), 11,849,757 states left on queue.
Progress(56) at 2024-04-27 20:18:06: 1,167,624,959 states generated (4,888,058 s/min), 92,657,288 distinct states found (283,670 ds/min), 11,903,829 states left on queue.
Progress(56) at 2024-04-27 20:19:06: 1,172,585,542 states generated (4,960,583 s/min), 92,945,947 distinct states found (288,659 ds/min), 11,955,447 states left on queue.
Progress(56) at 2024-04-27 20:20:06: 1,177,414,054 states generated (4,828,512 s/min), 93,229,850 distinct states found (283,903 ds/min), 12,011,253 states left on queue.
Progress(56) at 2024-04-27 20:21:06: 1,182,254,782 states generated (4,840,728 s/min), 93,507,406 distinct states found (277,556 ds/min), 12,067,067 states left on queue.
Progress(56) at 2024-04-27 20:22:06: 1,187,121,287 states generated (4,866,505 s/min), 93,792,987 distinct states found (285,581 ds/min), 12,120,704 states left on queue.
Progress(56) at 2024-04-27 20:23:06: 1,192,031,773 states generated (4,910,486 s/min), 94,074,435 distinct states found (281,448 ds/min), 12,175,085 states left on queue.
Progress(56) at 2024-04-27 20:24:06: 1,196,911,254 states generated (4,879,481 s/min), 94,362,544 distinct states found (288,109 ds/min), 12,229,956 states left on queue.
Progress(56) at 2024-04-27 20:25:06: 1,201,685,980 states generated (4,774,726 s/min), 94,634,656 distinct states found (272,112 ds/min), 12,286,015 states left on queue.
Progress(56) at 2024-04-27 20:26:06: 1,206,596,013 states generated (4,910,033 s/min), 94,920,491 distinct states found (285,835 ds/min), 12,341,293 states left on queue.
Progress(56) at 2024-04-27 20:27:06: 1,211,432,765 states generated (4,836,752 s/min), 95,204,218 distinct states found (283,727 ds/min), 12,398,908 states left on queue.
Progress(56) at 2024-04-27 20:28:06: 1,216,252,010 states generated (4,819,245 s/min), 95,479,686 distinct states found (275,468 ds/min), 12,456,690 states left on queue.
Progress(56) at 2024-04-27 20:29:06: 1,221,118,937 states generated (4,866,927 s/min), 95,756,873 distinct states found (277,187 ds/min), 12,508,491 states left on queue.
Progress(56) at 2024-04-27 20:30:06: 1,226,026,424 states generated (4,907,487 s/min), 96,043,583 distinct states found (286,710 ds/min), 12,563,745 states left on queue.
Checkpointing of run states\24-04-27-16-30-56
Checkpointing completed at (2024-04-27 20:31:06)
Progress(56) at 2024-04-27 20:31:06: 1,230,947,854 states generated (4,921,430 s/min), 96,330,475 distinct states found (286,892 ds/min), 12,618,396 states left on queue.
Progress(56) at 2024-04-27 20:32:06: 1,235,793,496 states generated (4,845,642 s/min), 96,609,065 distinct states found (278,590 ds/min), 12,676,405 states left on queue.
Progress(56) at 2024-04-27 20:33:06: 1,240,700,908 states generated (4,907,412 s/min), 96,896,998 distinct states found (287,933 ds/min), 12,729,651 states left on queue.
Progress(56) at 2024-04-27 20:34:06: 1,245,564,255 states generated (4,863,347 s/min), 97,183,276 distinct states found (286,278 ds/min), 12,790,250 states left on queue.
Progress(56) at 2024-04-27 20:35:06: 1,250,404,201 states generated (4,839,946 s/min), 97,456,744 distinct states found (273,468 ds/min), 12,847,064 states left on queue.
Progress(56) at 2024-04-27 20:36:06: 1,255,268,825 states generated (4,864,624 s/min), 97,736,174 distinct states found (279,430 ds/min), 12,900,344 states left on queue.
Progress(56) at 2024-04-27 20:37:06: 1,260,120,329 states generated (4,851,504 s/min), 98,018,238 distinct states found (282,064 ds/min), 12,957,993 states left on queue.
Progress(56) at 2024-04-27 20:38:06: 1,264,999,806 states generated (4,879,477 s/min), 98,299,713 distinct states found (281,475 ds/min), 13,016,292 states left on queue.
Progress(56) at 2024-04-27 20:39:06: 1,269,830,756 states generated (4,830,950 s/min), 98,578,149 distinct states found (278,436 ds/min), 13,074,567 states left on queue.
Progress(56) at 2024-04-27 20:40:06: 1,274,658,104 states generated (4,827,348 s/min), 98,854,454 distinct states found (276,305 ds/min), 13,131,908 states left on queue.
Progress(56) at 2024-04-27 20:41:06: 1,279,497,419 states generated (4,839,315 s/min), 99,129,113 distinct states found (274,659 ds/min), 13,189,794 states left on queue.
Progress(56) at 2024-04-27 20:42:06: 1,284,353,998 states generated (4,856,579 s/min), 99,398,363 distinct states found (269,250 ds/min), 13,245,642 states left on queue.
Progress(56) at 2024-04-27 20:43:06: 1,289,209,509 states generated (4,855,511 s/min), 99,674,695 distinct states found (276,332 ds/min), 13,304,011 states left on queue.
Progress(56) at 2024-04-27 20:44:06: 1,294,073,437 states generated (4,863,928 s/min), 99,953,745 distinct states found (279,050 ds/min), 13,361,182 states left on queue.
Progress(56) at 2024-04-27 20:45:06: 1,298,937,042 states generated (4,863,605 s/min), 100,234,867 distinct states found (281,122 ds/min), 13,421,132 states left on queue.
Progress(56) at 2024-04-27 20:46:06: 1,303,769,801 states generated (4,832,759 s/min), 100,516,714 distinct states found (281,847 ds/min), 13,478,032 states left on queue.
Progress(56) at 2024-04-27 20:47:06: 1,308,576,174 states generated (4,806,373 s/min), 100,793,839 distinct states found (277,125 ds/min), 13,532,111 states left on queue.
Progress(56) at 2024-04-27 20:48:06: 1,313,437,787 states generated (4,861,613 s/min), 101,072,246 distinct states found (278,407 ds/min), 13,589,054 states left on queue.
Progress(56) at 2024-04-27 20:49:06: 1,318,272,870 states generated (4,835,083 s/min), 101,350,833 distinct states found (278,587 ds/min), 13,646,352 states left on queue.
Progress(56) at 2024-04-27 20:50:06: 1,322,655,305 states generated (4,382,435 s/min), 101,606,943 distinct states found (256,110 ds/min), 13,698,861 states left on queue.
Progress(56) at 2024-04-27 20:51:06: 1,327,399,467 states generated (4,744,162 s/min), 101,880,252 distinct states found (273,309 ds/min), 13,751,022 states left on queue.
Progress(56) at 2024-04-27 20:52:07: 1,332,216,594 states generated (4,817,127 s/min), 102,164,114 distinct states found (283,862 ds/min), 13,809,509 states left on queue.
Progress(56) at 2024-04-27 20:53:07: 1,337,045,530 states generated (4,828,936 s/min), 102,442,593 distinct states found (278,479 ds/min), 13,863,200 states left on queue.
Progress(56) at 2024-04-27 20:54:07: 1,341,805,662 states generated (4,760,132 s/min), 102,719,323 distinct states found (276,730 ds/min), 13,913,532 states left on queue.
Progress(56) at 2024-04-27 20:55:07: 1,346,623,376 states generated (4,817,714 s/min), 102,993,551 distinct states found (274,228 ds/min), 13,967,351 states left on queue.
Progress(56) at 2024-04-27 20:56:07: 1,351,485,623 states generated (4,862,247 s/min), 103,274,523 distinct states found (280,972 ds/min), 14,025,246 states left on queue.
Progress(56) at 2024-04-27 20:57:07: 1,356,309,281 states generated (4,823,658 s/min), 103,555,169 distinct states found (280,646 ds/min), 14,083,596 states left on queue.
Progress(56) at 2024-04-27 20:58:07: 1,361,088,573 states generated (4,779,292 s/min), 103,830,229 distinct states found (275,060 ds/min), 14,135,329 states left on queue.
Progress(56) at 2024-04-27 20:59:07: 1,365,914,908 states generated (4,826,335 s/min), 104,112,313 distinct states found (282,084 ds/min), 14,194,144 states left on queue.
Progress(56) at 2024-04-27 21:00:07: 1,370,665,217 states generated (4,750,309 s/min), 104,388,581 distinct states found (276,268 ds/min), 14,246,694 states left on queue.
Checkpointing of run states\24-04-27-16-30-56
Checkpointing completed at (2024-04-27 21:01:07)
Progress(56) at 2024-04-27 21:01:07: 1,375,459,561 states generated (4,794,344 s/min), 104,666,893 distinct states found (278,312 ds/min), 14,299,473 states left on queue.
Progress(56) at 2024-04-27 21:02:07: 1,380,265,772 states generated (4,806,211 s/min), 104,945,877 distinct states found (278,984 ds/min), 14,353,162 states left on queue.
Progress(56) at 2024-04-27 21:03:07: 1,385,090,230 states generated (4,824,458 s/min), 105,224,580 distinct states found (278,703 ds/min), 14,408,156 states left on queue.
Progress(56) at 2024-04-27 21:04:07: 1,389,896,428 states generated (4,806,198 s/min), 105,505,980 distinct states found (281,400 ds/min), 14,462,305 states left on queue.
Progress(56) at 2024-04-27 21:05:07: 1,394,651,757 states generated (4,755,329 s/min), 105,782,322 distinct states found (276,342 ds/min), 14,513,201 states left on queue.
Progress(56) at 2024-04-27 21:06:07: 1,399,486,830 states generated (4,835,073 s/min), 106,063,138 distinct states found (280,816 ds/min), 14,566,972 states left on queue.
Progress(56) at 2024-04-27 21:07:07: 1,404,263,526 states generated (4,776,696 s/min), 106,344,332 distinct states found (281,194 ds/min), 14,616,968 states left on queue.
Progress(57) at 2024-04-27 21:08:07: 1,409,084,828 states generated (4,821,302 s/min), 106,627,061 distinct states found (282,729 ds/min), 14,656,097 states left on queue.
Progress(57) at 2024-04-27 21:09:07: 1,414,034,774 states generated (4,949,946 s/min), 106,915,217 distinct states found (288,156 ds/min), 14,670,622 states left on queue.
Progress(57) at 2024-04-27 21:10:07: 1,418,938,007 states generated (4,903,233 s/min), 107,204,191 distinct states found (288,974 ds/min), 14,688,670 states left on queue.
Progress(57) at 2024-04-27 21:11:07: 1,423,781,991 states generated (4,843,984 s/min), 107,488,375 distinct states found (284,184 ds/min), 14,707,203 states left on queue.
Progress(57) at 2024-04-27 21:12:07: 1,428,676,146 states generated (4,894,155 s/min), 107,775,984 distinct states found (287,609 ds/min), 14,726,256 states left on queue.
Progress(57) at 2024-04-27 21:13:07: 1,433,580,852 states generated (4,904,706 s/min), 108,065,904 distinct states found (289,920 ds/min), 14,745,770 states left on queue.
Progress(57) at 2024-04-27 21:14:07: 1,438,427,744 states generated (4,846,892 s/min), 108,349,735 distinct states found (283,831 ds/min), 14,769,516 states left on queue.
Progress(57) at 2024-04-27 21:15:07: 1,443,319,486 states generated (4,891,742 s/min), 108,636,142 distinct states found (286,407 ds/min), 14,785,842 states left on queue.
Progress(57) at 2024-04-27 21:16:07: 1,448,235,426 states generated (4,915,940 s/min), 108,929,341 distinct states found (293,199 ds/min), 14,807,108 states left on queue.
Progress(57) at 2024-04-27 21:17:07: 1,453,123,055 states generated (4,887,629 s/min), 109,211,546 distinct states found (282,205 ds/min), 14,824,161 states left on queue.
Progress(57) at 2024-04-27 21:18:07: 1,457,968,860 states generated (4,845,805 s/min), 109,498,163 distinct states found (286,617 ds/min), 14,849,998 states left on queue.
Progress(57) at 2024-04-27 21:19:07: 1,462,864,112 states generated (4,895,252 s/min), 109,784,066 distinct states found (285,903 ds/min), 14,869,878 states left on queue.
Progress(57) at 2024-04-27 21:20:07: 1,467,727,680 states generated (4,863,568 s/min), 110,067,349 distinct states found (283,283 ds/min), 14,892,667 states left on queue.
Progress(57) at 2024-04-27 21:21:07: 1,472,547,863 states generated (4,820,183 s/min), 110,350,521 distinct states found (283,172 ds/min), 14,916,366 states left on queue.
Progress(57) at 2024-04-27 21:22:07: 1,477,379,592 states generated (4,831,729 s/min), 110,631,983 distinct states found (281,462 ds/min), 14,937,986 states left on queue.
Progress(57) at 2024-04-27 21:23:07: 1,482,279,898 states generated (4,900,306 s/min), 110,919,549 distinct states found (287,566 ds/min), 14,954,179 states left on queue.
Progress(57) at 2024-04-27 21:24:07: 1,487,150,319 states generated (4,870,421 s/min), 111,207,144 distinct states found (287,595 ds/min), 14,973,783 states left on queue.
Progress(57) at 2024-04-27 21:25:07: 1,492,033,007 states generated (4,882,688 s/min), 111,490,648 distinct states found (283,504 ds/min), 14,995,826 states left on queue.
Progress(57) at 2024-04-27 21:26:07: 1,496,874,637 states generated (4,841,630 s/min), 111,775,088 distinct states found (284,440 ds/min), 15,016,674 states left on queue.
Progress(57) at 2024-04-27 21:27:07: 1,501,748,502 states generated (4,873,865 s/min), 112,060,326 distinct states found (285,238 ds/min), 15,038,533 states left on queue.
Progress(57) at 2024-04-27 21:28:07: 1,506,585,948 states generated (4,837,446 s/min), 112,343,205 distinct states found (282,879 ds/min), 15,061,990 states left on queue.
Progress(57) at 2024-04-27 21:29:07: 1,511,364,485 states generated (4,778,537 s/min), 112,621,269 distinct states found (278,064 ds/min), 15,087,085 states left on queue.
Progress(57) at 2024-04-27 21:30:07: 1,516,247,746 states generated (4,883,261 s/min), 112,906,153 distinct states found (284,884 ds/min), 15,105,813 states left on queue.
Checkpointing of run states\24-04-27-16-30-56
Checkpointing completed at (2024-04-27 21:31:08)
Progress(57) at 2024-04-27 21:31:08: 1,521,126,900 states generated (4,879,154 s/min), 113,192,149 distinct states found (285,996 ds/min), 15,129,041 states left on queue.
Progress(57) at 2024-04-27 21:32:08: 1,525,956,898 states generated (4,829,998 s/min), 113,473,834 distinct states found (281,685 ds/min), 15,152,094 states left on queue.
Progress(57) at 2024-04-27 21:33:08: 1,530,762,222 states generated (4,805,324 s/min), 113,753,577 distinct states found (279,743 ds/min), 15,176,379 states left on queue.
Progress(57) at 2024-04-27 21:34:08: 1,535,634,668 states generated (4,872,446 s/min), 114,035,388 distinct states found (281,811 ds/min), 15,200,382 states left on queue.
Progress(57) at 2024-04-27 21:35:08: 1,540,421,225 states generated (4,786,557 s/min), 114,312,374 distinct states found (276,986 ds/min), 15,224,810 states left on queue.
Progress(57) at 2024-04-27 21:36:08: 1,545,260,700 states generated (4,839,475 s/min), 114,582,245 distinct states found (269,871 ds/min), 15,246,352 states left on queue.
Progress(57) at 2024-04-27 21:37:08: 1,550,081,850 states generated (4,821,150 s/min), 114,861,484 distinct states found (279,239 ds/min), 15,271,254 states left on queue.
Progress(57) at 2024-04-27 21:38:08: 1,554,913,518 states generated (4,831,668 s/min), 115,143,159 distinct states found (281,675 ds/min), 15,294,420 states left on queue.
Progress(57) at 2024-04-27 21:39:08: 1,559,745,462 states generated (4,831,944 s/min), 115,421,749 distinct states found (278,590 ds/min), 15,319,041 states left on queue.
Progress(57) at 2024-04-27 21:40:08: 1,564,527,318 states generated (4,781,856 s/min), 115,700,920 distinct states found (279,171 ds/min), 15,342,084 states left on queue.
Progress(57) at 2024-04-27 21:41:08: 1,569,351,430 states generated (4,824,112 s/min), 115,982,116 distinct states found (281,196 ds/min), 15,365,090 states left on queue.
Progress(57) at 2024-04-27 21:42:08: 1,574,077,013 states generated (4,725,583 s/min), 116,260,397 distinct states found (278,281 ds/min), 15,384,063 states left on queue.
Progress(57) at 2024-04-27 21:43:08: 1,578,931,439 states generated (4,854,426 s/min), 116,541,493 distinct states found (281,096 ds/min), 15,408,432 states left on queue.
Progress(57) at 2024-04-27 21:44:08: 1,583,738,036 states generated (4,806,597 s/min), 116,823,275 distinct states found (281,782 ds/min), 15,431,740 states left on queue.
Progress(57) at 2024-04-27 21:45:08: 1,588,493,747 states generated (4,755,711 s/min), 117,101,413 distinct states found (278,138 ds/min), 15,452,261 states left on queue.
Progress(57) at 2024-04-27 21:46:08: 1,593,250,468 states generated (4,756,721 s/min), 117,381,071 distinct states found (279,658 ds/min), 15,473,594 states left on queue.
Progress(57) at 2024-04-27 21:47:08: 1,598,019,570 states generated (4,769,102 s/min), 117,663,651 distinct states found (282,580 ds/min), 15,495,683 states left on queue.
Progress(57) at 2024-04-27 21:48:08: 1,602,797,924 states generated (4,778,354 s/min), 117,941,009 distinct states found (277,358 ds/min), 15,515,182 states left on queue.
Progress(57) at 2024-04-27 21:49:08: 1,607,539,096 states generated (4,741,172 s/min), 118,220,983 distinct states found (279,974 ds/min), 15,532,027 states left on queue.
Progress(57) at 2024-04-27 21:50:08: 1,612,338,958 states generated (4,799,862 s/min), 118,498,146 distinct states found (277,163 ds/min), 15,550,512 states left on queue.
Progress(57) at 2024-04-27 21:51:08: 1,617,141,334 states generated (4,802,376 s/min), 118,780,655 distinct states found (282,509 ds/min), 15,575,870 states left on queue.
Progress(57) at 2024-04-27 21:52:08: 1,621,946,779 states generated (4,805,445 s/min), 119,060,404 distinct states found (279,749 ds/min), 15,599,615 states left on queue.
Progress(57) at 2024-04-27 21:53:08: 1,626,703,516 states generated (4,756,737 s/min), 119,342,698 distinct states found (282,294 ds/min), 15,619,944 states left on queue.
Progress(57) at 2024-04-27 21:54:08: 1,631,497,406 states generated (4,793,890 s/min), 119,623,341 distinct states found (280,643 ds/min), 15,640,414 states left on queue.
Progress(57) at 2024-04-27 21:55:08: 1,636,294,556 states generated (4,797,150 s/min), 119,906,671 distinct states found (283,330 ds/min), 15,661,970 states left on queue.
Progress(57) at 2024-04-27 21:56:08: 1,641,014,331 states generated (4,719,775 s/min), 120,178,835 distinct states found (272,164 ds/min), 15,680,271 states left on queue.
Progress(57) at 2024-04-27 21:57:08: 1,645,764,586 states generated (4,750,255 s/min), 120,458,948 distinct states found (280,113 ds/min), 15,696,996 states left on queue.
Progress(57) at 2024-04-27 21:58:08: 1,650,050,265 states generated (4,285,679 s/min), 120,709,996 distinct states found (251,048 ds/min), 15,717,322 states left on queue.
Progress(57) at 2024-04-27 21:59:08: 1,654,487,896 states generated (4,437,631 s/min), 120,970,355 distinct states found (260,359 ds/min), 15,735,198 states left on queue.
Progress(57) at 2024-04-27 22:00:08: 1,659,218,425 states generated (4,730,529 s/min), 121,249,068 distinct states found (278,713 ds/min), 15,754,769 states left on queue.
Checkpointing of run states\24-04-27-16-30-56
Checkpointing completed at (2024-04-27 22:01:09)
Progress(57) at 2024-04-27 22:01:09: 1,663,968,246 states generated (4,749,821 s/min), 121,532,258 distinct states found (283,190 ds/min), 15,772,537 states left on queue.
Progress(57) at 2024-04-27 22:02:09: 1,668,685,028 states generated (4,716,782 s/min), 121,804,766 distinct states found (272,508 ds/min), 15,791,133 states left on queue.
Progress(57) at 2024-04-27 22:03:09: 1,673,403,169 states generated (4,718,141 s/min), 122,086,973 distinct states found (282,207 ds/min), 15,806,330 states left on queue.
Progress(57) at 2024-04-27 22:04:09: 1,678,132,892 states generated (4,729,723 s/min), 122,360,784 distinct states found (273,811 ds/min), 15,819,845 states left on queue.
Progress(58) at 2024-04-27 22:05:09: 1,682,988,160 states generated (4,855,268 s/min), 122,656,585 distinct states found (295,801 ds/min), 15,793,927 states left on queue.
Progress(58) at 2024-04-27 22:06:09: 1,687,860,495 states generated (4,872,335 s/min), 122,950,038 distinct states found (293,453 ds/min), 15,769,453 states left on queue.
Progress(58) at 2024-04-27 22:07:09: 1,692,649,360 states generated (4,788,865 s/min), 123,238,412 distinct states found (288,374 ds/min), 15,747,664 states left on queue.
Progress(58) at 2024-04-27 22:08:09: 1,697,505,256 states generated (4,855,896 s/min), 123,531,933 distinct states found (293,521 ds/min), 15,726,365 states left on queue.
Progress(58) at 2024-04-27 22:09:09: 1,702,347,617 states generated (4,842,361 s/min), 123,822,325 distinct states found (290,392 ds/min), 15,703,060 states left on queue.
Progress(58) at 2024-04-27 22:10:09: 1,707,158,013 states generated (4,810,396 s/min), 124,113,984 distinct states found (291,659 ds/min), 15,688,246 states left on queue.
Progress(58) at 2024-04-27 22:11:09: 1,711,999,728 states generated (4,841,715 s/min), 124,405,129 distinct states found (291,145 ds/min), 15,663,173 states left on queue.
Progress(58) at 2024-04-27 22:12:09: 1,716,822,074 states generated (4,822,346 s/min), 124,695,770 distinct states found (290,641 ds/min), 15,641,396 states left on queue.
Progress(58) at 2024-04-27 22:13:09: 1,721,657,206 states generated (4,835,132 s/min), 124,984,904 distinct states found (289,134 ds/min), 15,623,734 states left on queue.
Progress(58) at 2024-04-27 22:14:09: 1,726,512,135 states generated (4,854,929 s/min), 125,275,455 distinct states found (290,551 ds/min), 15,602,019 states left on queue.
Progress(58) at 2024-04-27 22:15:09: 1,731,343,287 states generated (4,831,152 s/min), 125,566,010 distinct states found (290,555 ds/min), 15,585,779 states left on queue.
Progress(58) at 2024-04-27 22:16:09: 1,736,094,554 states generated (4,751,267 s/min), 125,849,740 distinct states found (283,730 ds/min), 15,569,666 states left on queue.
Progress(58) at 2024-04-27 22:17:09: 1,740,889,037 states generated (4,794,483 s/min), 126,134,207 distinct states found (284,467 ds/min), 15,552,940 states left on queue.
Progress(58) at 2024-04-27 22:18:09: 1,745,768,936 states generated (4,879,899 s/min), 126,432,804 distinct states found (298,597 ds/min), 15,527,912 states left on queue.
Progress(58) at 2024-04-27 22:19:09: 1,750,593,123 states generated (4,824,187 s/min), 126,722,719 distinct states found (289,915 ds/min), 15,507,253 states left on queue.
Progress(58) at 2024-04-27 22:20:09: 1,755,397,862 states generated (4,804,739 s/min), 127,008,130 distinct states found (285,411 ds/min), 15,488,948 states left on queue.
Progress(58) at 2024-04-27 22:21:09: 1,760,221,725 states generated (4,823,863 s/min), 127,298,571 distinct states found (290,441 ds/min), 15,467,817 states left on queue.
Progress(58) at 2024-04-27 22:22:09: 1,765,036,530 states generated (4,814,805 s/min), 127,586,765 distinct states found (288,194 ds/min), 15,451,194 states left on queue.
Progress(58) at 2024-04-27 22:23:09: 1,769,820,461 states generated (4,783,931 s/min), 127,874,071 distinct states found (287,306 ds/min), 15,435,426 states left on queue.
Progress(58) at 2024-04-27 22:24:09: 1,774,623,958 states generated (4,803,497 s/min), 128,158,364 distinct states found (284,293 ds/min), 15,417,035 states left on queue.
Progress(58) at 2024-04-27 22:25:09: 1,779,379,184 states generated (4,755,226 s/min), 128,444,797 distinct states found (286,433 ds/min), 15,397,091 states left on queue.
Progress(58) at 2024-04-27 22:26:09: 1,784,147,708 states generated (4,768,524 s/min), 128,730,695 distinct states found (285,898 ds/min), 15,380,985 states left on queue.
Progress(58) at 2024-04-27 22:27:09: 1,788,937,593 states generated (4,789,885 s/min), 129,015,902 distinct states found (285,207 ds/min), 15,366,593 states left on queue.
Progress(58) at 2024-04-27 22:28:09: 1,793,737,503 states generated (4,799,910 s/min), 129,301,349 distinct states found (285,447 ds/min), 15,349,881 states left on queue.
Progress(58) at 2024-04-27 22:29:09: 1,798,535,326 states generated (4,797,823 s/min), 129,585,427 distinct states found (284,078 ds/min), 15,334,982 states left on queue.
Progress(58) at 2024-04-27 22:30:09: 1,803,286,256 states generated (4,750,930 s/min), 129,860,734 distinct states found (275,307 ds/min), 15,318,260 states left on queue.
Checkpointing of run states\24-04-27-16-30-56
Checkpointing completed at (2024-04-27 22:31:09)
Progress(58) at 2024-04-27 22:31:09: 1,808,174,245 states generated (4,887,989 s/min), 130,149,537 distinct states found (288,803 ds/min), 15,303,172 states left on queue.
Progress(58) at 2024-04-27 22:32:09: 1,812,964,600 states generated (4,790,355 s/min), 130,435,564 distinct states found (286,027 ds/min), 15,286,461 states left on queue.
Progress(58) at 2024-04-27 22:33:09: 1,817,780,857 states generated (4,816,257 s/min), 130,721,112 distinct states found (285,548 ds/min), 15,271,795 states left on queue.
Progress(58) at 2024-04-27 22:34:09: 1,822,570,465 states generated (4,789,608 s/min), 131,009,233 distinct states found (288,121 ds/min), 15,255,604 states left on queue.
Progress(58) at 2024-04-27 22:35:09: 1,827,311,716 states generated (4,741,251 s/min), 131,294,786 distinct states found (285,553 ds/min), 15,238,024 states left on queue.
Progress(58) at 2024-04-27 22:36:09: 1,832,088,507 states generated (4,776,791 s/min), 131,578,060 distinct states found (283,274 ds/min), 15,217,964 states left on queue.
Progress(58) at 2024-04-27 22:37:09: 1,836,787,612 states generated (4,699,105 s/min), 131,857,754 distinct states found (279,694 ds/min), 15,201,151 states left on queue.
Progress(58) at 2024-04-27 22:38:09: 1,841,497,469 states generated (4,709,857 s/min), 132,140,596 distinct states found (282,842 ds/min), 15,185,493 states left on queue.
Progress(58) at 2024-04-27 22:39:09: 1,846,242,754 states generated (4,745,285 s/min), 132,428,853 distinct states found (288,257 ds/min), 15,165,909 states left on queue.
Progress(58) at 2024-04-27 22:40:09: 1,850,985,490 states generated (4,742,736 s/min), 132,709,978 distinct states found (281,125 ds/min), 15,148,218 states left on queue.
Progress(58) at 2024-04-27 22:41:09: 1,855,576,313 states generated (4,590,823 s/min), 132,987,409 distinct states found (277,431 ds/min), 15,128,100 states left on queue.
Progress(58) at 2024-04-27 22:42:09: 1,860,351,509 states generated (4,775,196 s/min), 133,274,391 distinct states found (286,982 ds/min), 15,107,599 states left on queue.
Progress(58) at 2024-04-27 22:43:09: 1,865,128,083 states generated (4,776,574 s/min), 133,559,559 distinct states found (285,168 ds/min), 15,085,131 states left on queue.
Progress(58) at 2024-04-27 22:44:09: 1,869,942,630 states generated (4,814,547 s/min), 133,847,966 distinct states found (288,407 ds/min), 15,070,402 states left on queue.
Progress(58) at 2024-04-27 22:45:10: 1,874,709,284 states generated (4,766,654 s/min), 134,133,217 distinct states found (285,251 ds/min), 15,054,163 states left on queue.
Progress(58) at 2024-04-27 22:46:10: 1,878,761,718 states generated (4,052,434 s/min), 134,378,278 distinct states found (245,061 ds/min), 15,036,940 states left on queue.
Progress(58) at 2024-04-27 22:47:10: 1,883,551,230 states generated (4,789,512 s/min), 134,664,422 distinct states found (286,144 ds/min), 15,017,042 states left on queue.
Progress(58) at 2024-04-27 22:48:10: 1,888,339,740 states generated (4,788,510 s/min), 134,952,372 distinct states found (287,950 ds/min), 14,998,239 states left on queue.
Progress(58) at 2024-04-27 22:49:10: 1,893,171,029 states generated (4,831,289 s/min), 135,241,223 distinct states found (288,851 ds/min), 14,976,874 states left on queue.
Progress(58) at 2024-04-27 22:50:10: 1,897,984,373 states generated (4,813,344 s/min), 135,532,218 distinct states found (290,995 ds/min), 14,953,842 states left on queue.
Progress(58) at 2024-04-27 22:51:10: 1,902,850,927 states generated (4,866,554 s/min), 135,823,829 distinct states found (291,611 ds/min), 14,937,194 states left on queue.
Progress(58) at 2024-04-27 22:52:10: 1,907,645,095 states generated (4,794,168 s/min), 136,114,660 distinct states found (290,831 ds/min), 14,915,515 states left on queue.
Progress(58) at 2024-04-27 22:53:10: 1,912,426,172 states generated (4,781,077 s/min), 136,401,790 distinct states found (287,130 ds/min), 14,892,767 states left on queue.
Progress(58) at 2024-04-27 22:54:10: 1,917,261,187 states generated (4,835,015 s/min), 136,694,143 distinct states found (292,353 ds/min), 14,871,520 states left on queue.
Progress(58) at 2024-04-27 22:55:10: 1,922,038,994 states generated (4,777,807 s/min), 136,984,650 distinct states found (290,507 ds/min), 14,845,677 states left on queue.
Progress(59) at 2024-04-27 22:56:10: 1,926,840,979 states generated (4,801,985 s/min), 137,275,770 distinct states found (291,120 ds/min), 14,803,937 states left on queue.
Progress(59) at 2024-04-27 22:57:10: 1,931,781,015 states generated (4,940,036 s/min), 137,587,528 distinct states found (311,758 ds/min), 14,725,287 states left on queue.
Progress(59) at 2024-04-27 22:58:10: 1,936,650,295 states generated (4,869,280 s/min), 137,891,574 distinct states found (304,046 ds/min), 14,651,998 states left on queue.
Progress(59) at 2024-04-27 22:59:10: 1,941,559,860 states generated (4,909,565 s/min), 138,200,435 distinct states found (308,861 ds/min), 14,576,739 states left on queue.
Progress(59) at 2024-04-27 23:00:10: 1,946,433,659 states generated (4,873,799 s/min), 138,505,426 distinct states found (304,991 ds/min), 14,508,616 states left on queue.
Checkpointing of run states\24-04-27-16-30-56
Checkpointing completed at (2024-04-27 23:01:10)
Progress(59) at 2024-04-27 23:01:10: 1,951,406,755 states generated (4,973,096 s/min), 138,817,074 distinct states found (311,648 ds/min), 14,432,338 states left on queue.
Progress(59) at 2024-04-27 23:02:10: 1,956,286,640 states generated (4,879,885 s/min), 139,122,731 distinct states found (305,657 ds/min), 14,359,862 states left on queue.
Progress(59) at 2024-04-27 23:03:10: 1,961,125,944 states generated (4,839,304 s/min), 139,426,075 distinct states found (303,344 ds/min), 14,292,152 states left on queue.
Progress(59) at 2024-04-27 23:04:10: 1,966,012,404 states generated (4,886,460 s/min), 139,730,847 distinct states found (304,772 ds/min), 14,221,116 states left on queue.
Progress(59) at 2024-04-27 23:05:10: 1,970,884,817 states generated (4,872,413 s/min), 140,033,237 distinct states found (302,390 ds/min), 14,154,503 states left on queue.
Progress(59) at 2024-04-27 23:06:10: 1,975,760,706 states generated (4,875,889 s/min), 140,336,398 distinct states found (303,161 ds/min), 14,083,110 states left on queue.
Progress(59) at 2024-04-27 23:07:10: 1,980,543,439 states generated (4,782,733 s/min), 140,638,810 distinct states found (302,412 ds/min), 14,011,355 states left on queue.
Progress(59) at 2024-04-27 23:08:10: 1,985,409,874 states generated (4,866,435 s/min), 140,941,508 distinct states found (302,698 ds/min), 13,941,397 states left on queue.
Progress(59) at 2024-04-27 23:09:10: 1,989,652,480 states generated (4,242,606 s/min), 141,206,097 distinct states found (264,589 ds/min), 13,879,394 states left on queue.
Progress(59) at 2024-04-27 23:10:10: 1,993,965,966 states generated (4,313,486 s/min), 141,476,239 distinct states found (270,142 ds/min), 13,819,826 states left on queue.
Progress(59) at 2024-04-27 23:11:10: 1,998,181,433 states generated (4,215,467 s/min), 141,737,557 distinct states found (261,318 ds/min), 13,762,263 states left on queue.
Progress(59) at 2024-04-27 23:12:10: 2,002,156,574 states generated (3,975,141 s/min), 141,983,992 distinct states found (246,435 ds/min), 13,703,014 states left on queue.
Progress(59) at 2024-04-27 23:13:10: 2,006,486,782 states generated (4,330,208 s/min), 142,254,879 distinct states found (270,887 ds/min), 13,644,277 states left on queue.
Progress(59) at 2024-04-27 23:14:10: 2,010,892,952 states generated (4,406,170 s/min), 142,527,990 distinct states found (273,111 ds/min), 13,583,195 states left on queue.
Progress(59) at 2024-04-27 23:15:10: 2,015,140,647 states generated (4,247,695 s/min), 142,791,550 distinct states found (263,560 ds/min), 13,525,411 states left on queue.
Progress(59) at 2024-04-27 23:16:10: 2,019,444,634 states generated (4,303,987 s/min), 143,057,461 distinct states found (265,911 ds/min), 13,467,788 states left on queue.
Progress(59) at 2024-04-27 23:17:10: 2,023,998,542 states generated (4,553,908 s/min), 143,333,979 distinct states found (276,518 ds/min), 13,405,947 states left on queue.
Progress(59) at 2024-04-27 23:18:10: 2,028,481,627 states generated (4,483,085 s/min), 143,610,944 distinct states found (276,965 ds/min), 13,346,229 states left on queue.
Progress(59) at 2024-04-27 23:19:10: 2,032,857,703 states generated (4,376,076 s/min), 143,882,336 distinct states found (271,392 ds/min), 13,286,105 states left on queue.
Progress(59) at 2024-04-27 23:20:10: 2,037,299,880 states generated (4,442,177 s/min), 144,158,195 distinct states found (275,859 ds/min), 13,225,241 states left on queue.
Progress(59) at 2024-04-27 23:21:10: 2,041,815,269 states generated (4,515,389 s/min), 144,439,673 distinct states found (281,478 ds/min), 13,162,790 states left on queue.
Progress(59) at 2024-04-27 23:22:10: 2,046,301,382 states generated (4,486,113 s/min), 144,718,527 distinct states found (278,854 ds/min), 13,097,992 states left on queue.
Progress(59) at 2024-04-27 23:23:10: 2,050,679,462 states generated (4,378,080 s/min), 144,991,280 distinct states found (272,753 ds/min), 13,037,941 states left on queue.
Progress(59) at 2024-04-27 23:24:10: 2,055,165,380 states generated (4,485,918 s/min), 145,270,824 distinct states found (279,544 ds/min), 12,974,124 states left on queue.
Progress(59) at 2024-04-27 23:25:10: 2,059,706,018 states generated (4,540,638 s/min), 145,555,263 distinct states found (284,439 ds/min), 12,908,970 states left on queue.
Progress(59) at 2024-04-27 23:26:10: 2,064,238,133 states generated (4,532,115 s/min), 145,838,415 distinct states found (283,152 ds/min), 12,841,899 states left on queue.
Progress(59) at 2024-04-27 23:27:10: 2,068,581,306 states generated (4,343,173 s/min), 146,112,008 distinct states found (273,593 ds/min), 12,776,335 states left on queue.
Progress(59) at 2024-04-27 23:28:11: 2,073,001,913 states generated (4,420,607 s/min), 146,385,409 distinct states found (273,401 ds/min), 12,713,264 states left on queue.
Progress(59) at 2024-04-27 23:29:11: 2,077,387,662 states generated (4,385,749 s/min), 146,658,809 distinct states found (273,400 ds/min), 12,653,373 states left on queue.
Progress(59) at 2024-04-27 23:30:11: 2,081,863,561 states generated (4,475,899 s/min), 146,937,852 distinct states found (279,043 ds/min), 12,590,263 states left on queue.
Checkpointing of run states\24-04-27-16-30-56
Checkpointing completed at (2024-04-27 23:31:11)
Progress(59) at 2024-04-27 23:31:11: 2,086,428,942 states generated (4,565,381 s/min), 147,223,156 distinct states found (285,304 ds/min), 12,523,585 states left on queue.
Progress(59) at 2024-04-27 23:32:11: 2,091,093,024 states generated (4,664,082 s/min), 147,515,698 distinct states found (292,542 ds/min), 12,455,957 states left on queue.
Progress(59) at 2024-04-27 23:33:11: 2,095,676,562 states generated (4,583,538 s/min), 147,803,557 distinct states found (287,859 ds/min), 12,385,495 states left on queue.
Progress(59) at 2024-04-27 23:34:11: 2,100,278,430 states generated (4,601,868 s/min), 148,091,274 distinct states found (287,717 ds/min), 12,320,439 states left on queue.
Progress(59) at 2024-04-27 23:35:11: 2,104,680,146 states generated (4,401,716 s/min), 148,367,554 distinct states found (276,280 ds/min), 12,254,724 states left on queue.
Progress(59) at 2024-04-27 23:36:11: 2,108,954,164 states generated (4,274,018 s/min), 148,634,579 distinct states found (267,025 ds/min), 12,187,902 states left on queue.
Progress(59) at 2024-04-27 23:37:11: 2,113,375,754 states generated (4,421,590 s/min), 148,913,265 distinct states found (278,686 ds/min), 12,121,649 states left on queue.
Progress(59) at 2024-04-27 23:38:11: 2,117,842,554 states generated (4,466,800 s/min), 149,193,303 distinct states found (280,038 ds/min), 12,050,631 states left on queue.
Progress(60) at 2024-04-27 23:39:11: 2,122,425,681 states generated (4,583,127 s/min), 149,499,998 distinct states found (306,695 ds/min), 11,918,623 states left on queue.
Progress(60) at 2024-04-27 23:40:11: 2,127,080,996 states generated (4,655,315 s/min), 149,810,727 distinct states found (310,729 ds/min), 11,780,954 states left on queue.
Progress(60) at 2024-04-27 23:41:11: 2,131,741,793 states generated (4,660,797 s/min), 150,120,602 distinct states found (309,875 ds/min), 11,648,754 states left on queue.
Progress(60) at 2024-04-27 23:42:11: 2,136,209,722 states generated (4,467,929 s/min), 150,418,599 distinct states found (297,997 ds/min), 11,518,418 states left on queue.
Progress(60) at 2024-04-27 23:43:11: 2,140,640,568 states generated (4,430,846 s/min), 150,713,758 distinct states found (295,159 ds/min), 11,392,770 states left on queue.
Progress(60) at 2024-04-27 23:44:11: 2,145,225,262 states generated (4,584,694 s/min), 151,018,225 distinct states found (304,467 ds/min), 11,262,805 states left on queue.
Progress(60) at 2024-04-27 23:45:11: 2,149,786,510 states generated (4,561,248 s/min), 151,319,372 distinct states found (301,147 ds/min), 11,138,399 states left on queue.
Progress(60) at 2024-04-27 23:46:11: 2,154,503,178 states generated (4,716,668 s/min), 151,635,738 distinct states found (316,366 ds/min), 10,998,744 states left on queue.
Progress(60) at 2024-04-27 23:47:11: 2,159,032,862 states generated (4,529,684 s/min), 151,934,802 distinct states found (299,064 ds/min), 10,871,358 states left on queue.
Progress(60) at 2024-04-27 23:48:11: 2,163,525,991 states generated (4,493,129 s/min), 152,234,026 distinct states found (299,224 ds/min), 10,744,697 states left on queue.
Progress(60) at 2024-04-27 23:49:11: 2,168,059,974 states generated (4,533,983 s/min), 152,532,788 distinct states found (298,762 ds/min), 10,618,472 states left on queue.
Progress(60) at 2024-04-27 23:50:11: 2,172,711,489 states generated (4,651,515 s/min), 152,841,562 distinct states found (308,774 ds/min), 10,487,884 states left on queue.
Progress(60) at 2024-04-27 23:51:11: 2,177,227,523 states generated (4,516,034 s/min), 153,138,857 distinct states found (297,295 ds/min), 10,365,020 states left on queue.
Progress(60) at 2024-04-27 23:52:11: 2,181,767,705 states generated (4,540,182 s/min), 153,436,476 distinct states found (297,619 ds/min), 10,241,564 states left on queue.
Progress(60) at 2024-04-27 23:53:11: 2,186,404,252 states generated (4,636,547 s/min), 153,739,758 distinct states found (303,282 ds/min), 10,115,948 states left on queue.
Progress(60) at 2024-04-27 23:54:11: 2,191,080,117 states generated (4,675,865 s/min), 154,048,453 distinct states found (308,695 ds/min), 9,988,312 states left on queue.
Progress(60) at 2024-04-27 23:55:11: 2,195,755,160 states generated (4,675,043 s/min), 154,358,715 distinct states found (310,262 ds/min), 9,856,444 states left on queue.
Progress(60) at 2024-04-27 23:56:11: 2,200,428,636 states generated (4,673,476 s/min), 154,667,256 distinct states found (308,541 ds/min), 9,726,688 states left on queue.
Progress(60) at 2024-04-27 23:57:11: 2,205,084,638 states generated (4,656,002 s/min), 154,976,735 distinct states found (309,479 ds/min), 9,595,141 states left on queue.
Progress(60) at 2024-04-27 23:58:11: 2,209,640,486 states generated (4,555,848 s/min), 155,279,913 distinct states found (303,178 ds/min), 9,466,599 states left on queue.
Progress(60) at 2024-04-27 23:59:11: 2,214,098,198 states generated (4,457,712 s/min), 155,576,029 distinct states found (296,116 ds/min), 9,335,357 states left on queue.
Progress(60) at 2024-04-28 00:00:11: 2,218,510,647 states generated (4,412,449 s/min), 155,867,365 distinct states found (291,336 ds/min), 9,215,026 states left on queue.
Checkpointing of run states\24-04-27-16-30-56
Checkpointing completed at (2024-04-28 00:01:12)
Progress(60) at 2024-04-28 00:01:12: 2,223,072,912 states generated (4,562,265 s/min), 156,170,429 distinct states found (303,064 ds/min), 9,085,487 states left on queue.
Progress(60) at 2024-04-28 00:02:12: 2,227,567,881 states generated (4,494,969 s/min), 156,470,184 distinct states found (299,755 ds/min), 8,958,097 states left on queue.
Progress(60) at 2024-04-28 00:03:12: 2,232,099,757 states generated (4,531,876 s/min), 156,772,370 distinct states found (302,186 ds/min), 8,826,014 states left on queue.
Progress(60) at 2024-04-28 00:04:12: 2,236,607,619 states generated (4,507,862 s/min), 157,073,282 distinct states found (300,912 ds/min), 8,697,112 states left on queue.
Progress(60) at 2024-04-28 00:05:12: 2,241,244,334 states generated (4,636,715 s/min), 157,381,806 distinct states found (308,524 ds/min), 8,562,128 states left on queue.
Progress(61) at 2024-04-28 00:06:12: 2,245,953,587 states generated (4,709,253 s/min), 157,702,205 distinct states found (320,399 ds/min), 8,406,219 states left on queue.
Progress(61) at 2024-04-28 00:07:12: 2,250,663,290 states generated (4,709,703 s/min), 158,048,051 distinct states found (345,846 ds/min), 8,169,480 states left on queue.
Progress(61) at 2024-04-28 00:08:12: 2,255,273,902 states generated (4,610,612 s/min), 158,385,898 distinct states found (337,847 ds/min), 7,941,477 states left on queue.
Progress(61) at 2024-04-28 00:09:12: 2,259,644,474 states generated (4,370,572 s/min), 158,705,661 distinct states found (319,763 ds/min), 7,727,355 states left on queue.
Progress(61) at 2024-04-28 00:10:12: 2,264,290,260 states generated (4,645,786 s/min), 159,044,149 distinct states found (338,488 ds/min), 7,501,078 states left on queue.
Progress(61) at 2024-04-28 00:11:12: 2,268,885,425 states generated (4,595,165 s/min), 159,380,167 distinct states found (336,018 ds/min), 7,276,506 states left on queue.
Progress(61) at 2024-04-28 00:12:12: 2,273,520,248 states generated (4,634,823 s/min), 159,717,173 distinct states found (337,006 ds/min), 7,053,440 states left on queue.
Progress(61) at 2024-04-28 00:13:12: 2,278,189,363 states generated (4,669,115 s/min), 160,055,046 distinct states found (337,873 ds/min), 6,831,874 states left on queue.
Progress(61) at 2024-04-28 00:14:12: 2,282,862,256 states generated (4,672,893 s/min), 160,391,311 distinct states found (336,265 ds/min), 6,611,695 states left on queue.
Progress(61) at 2024-04-28 00:15:12: 2,287,519,678 states generated (4,657,422 s/min), 160,729,752 distinct states found (338,441 ds/min), 6,388,143 states left on queue.
Progress(61) at 2024-04-28 00:16:12: 2,292,146,042 states generated (4,626,364 s/min), 161,066,238 distinct states found (336,486 ds/min), 6,165,767 states left on queue.
Progress(61) at 2024-04-28 00:17:12: 2,295,723,268 states generated (3,577,226 s/min), 161,327,192 distinct states found (260,954 ds/min), 5,991,242 states left on queue.
Progress(61) at 2024-04-28 00:18:12: 2,299,934,441 states generated (4,211,173 s/min), 161,634,366 distinct states found (307,174 ds/min), 5,785,182 states left on queue.
Progress(61) at 2024-04-28 00:19:12: 2,304,567,302 states generated (4,632,861 s/min), 161,972,792 distinct states found (338,426 ds/min), 5,559,503 states left on queue.
Progress(61) at 2024-04-28 00:20:12: 2,309,156,294 states generated (4,588,992 s/min), 162,309,272 distinct states found (336,480 ds/min), 5,332,465 states left on queue.
Progress(61) at 2024-04-28 00:21:12: 2,313,728,827 states generated (4,572,533 s/min), 162,645,425 distinct states found (336,153 ds/min), 5,102,692 states left on queue.
Progress(62) at 2024-04-28 00:22:12: 2,317,620,550 states generated (3,891,723 s/min), 162,965,962 distinct states found (320,537 ds/min), 4,804,691 states left on queue.
Progress(62) at 2024-04-28 00:23:12: 2,321,280,644 states generated (3,660,094 s/min), 163,275,077 distinct states found (309,115 ds/min), 4,502,720 states left on queue.
Progress(62) at 2024-04-28 00:24:12: 2,324,815,774 states generated (3,535,130 s/min), 163,573,621 distinct states found (298,544 ds/min), 4,210,265 states left on queue.
Progress(62) at 2024-04-28 00:25:12: 2,328,405,144 states generated (3,589,370 s/min), 163,874,441 distinct states found (300,820 ds/min), 3,919,800 states left on queue.
Progress(62) at 2024-04-28 00:26:12: 2,332,617,781 states generated (4,212,637 s/min), 164,226,024 distinct states found (351,583 ds/min), 3,582,018 states left on queue.
Progress(62) at 2024-04-28 00:27:12: 2,336,938,440 states generated (4,320,659 s/min), 164,590,344 distinct states found (364,320 ds/min), 3,227,176 states left on queue.
Progress(62) at 2024-04-28 00:28:12: 2,341,292,190 states generated (4,353,750 s/min), 164,957,743 distinct states found (367,399 ds/min), 2,868,378 states left on queue.
Progress(63) at 2024-04-28 00:29:12: 2,345,532,255 states generated (4,240,065 s/min), 165,330,333 distinct states found (372,590 ds/min), 2,473,817 states left on queue.
Progress(63) at 2024-04-28 00:30:12: 2,349,227,507 states generated (3,695,252 s/min), 165,720,902 distinct states found (390,569 ds/min), 1,930,894 states left on queue.
Checkpointing of run states\24-04-27-16-30-56
Checkpointing completed at (2024-04-28 00:31:13)
Progress(63) at 2024-04-28 00:31:13: 2,353,025,628 states generated (3,798,121 s/min), 166,119,976 distinct states found (399,074 ds/min), 1,379,676 states left on queue.
Progress(64) at 2024-04-28 00:32:13: 2,356,460,746 states generated (3,435,118 s/min), 166,545,786 distinct states found (425,810 ds/min), 659,715 states left on queue.
Model checking completed. No error has been found.
  Estimates of the probability that TLC did not check all reachable states
  because two distinct states had the same fingerprint:
  calculated (optimistic):  val = .020
  based on the actual fingerprints:  val = .0037
2357787352 states generated, 166795764 distinct states found, 0 states left on queue.
The depth of the complete state graph search is 66.
The average outdegree of the complete state graph is 1 (minimum is 0, the maximum 13 and the 95th percentile is 3).
Finished in 08h 01min at (2024-04-28 00:32:55)
