TLC2 Version 2.17 of 02 February 2022 (rev: 3c7caa5)
Warning: Please run the Java VM which executes TLC with a throughput optimized garbage collector by passing the "-XX:+UseParallelGC" property.
(Use the -nowarning option to disable this warning.)
Running breadth-first search Model-Checking with fp 60 and seed -3621416967073382396 with 12 workers on 12 cores with 3936MB heap and 64MB offheap memory [pid: 16152] (Windows 11 10.0 amd64, Oracle Corporation 17.0.3.1 x86_64, MSBDiskFPSet, DiskStateQueue).
Parsing file C:\Users\marij\Desktop\Master's Thesis\Data Collection\BenOrAbstByzCC.tla
Parsing file C:\Users\marij\AppData\Local\Temp\TLC.tla
Parsing file C:\Users\marij\AppData\Local\Temp\Integers.tla
Parsing file C:\Users\marij\AppData\Local\Temp\FiniteSets.tla
Parsing file C:\Users\marij\AppData\Local\Temp\Naturals.tla
Parsing file C:\Users\marij\AppData\Local\Temp\Sequences.tla
Semantic processing of module Naturals
Semantic processing of module Sequences
Semantic processing of module FiniteSets
Semantic processing of module TLC
Semantic processing of module Integers
Semantic processing of module BenOrAbstByzCC
Starting... (2024-04-19 22:39:46)
Implied-temporal checking--satisfiability problem has 1 branches.
Computing initial states...
Computed 2 initial states...
Computed 4 initial states...
Computed 8 initial states...
Computed 16 initial states...
Computed 32 initial states...
Computed 64 initial states...
Computed 128 initial states...
Computed 256 initial states...
Finished computing initial states: 512 distinct states generated at 2024-04-19 22:39:46.
Checking temporal properties for the current state space with 8587 total distinct states at (2024-04-19 22:39:49)
Finished checking temporal properties in 00s at 2024-04-19 22:39:49
Progress(4) at 2024-04-19 22:39:49: 66,276 states generated (66,276 s/min), 31,678 distinct states found (31,678 ds/min), 23,100 states left on queue.
Checking temporal properties for the current state space with 292993 total distinct states at (2024-04-19 22:40:49)
Finished checking temporal properties in 05s at 2024-04-19 22:40:55
Progress(13) at 2024-04-19 22:40:55: 1,440,188 states generated (1,373,912 s/min), 361,551 distinct states found (329,873 ds/min), 68,552 states left on queue.
Checking temporal properties for the current state space with 354021 total distinct states at (2024-04-19 22:41:55)
Finished checking temporal properties in 08s at 2024-04-19 22:42:03
Progress(14) at 2024-04-19 22:42:03: 2,094,048 states generated (653,860 s/min), 543,188 distinct states found (181,637 ds/min), 189,160 states left on queue.
Checking temporal properties for the current state space with 416071 total distinct states at (2024-04-19 22:43:03)
Finished checking temporal properties in 08s at 2024-04-19 22:43:12
Progress(15) at 2024-04-19 22:43:12: 2,757,187 states generated (663,139 s/min), 698,381 distinct states found (155,193 ds/min), 282,305 states left on queue.
Checking temporal properties for the current state space with 484249 total distinct states at (2024-04-19 22:44:12)
Finished checking temporal properties in 10s at 2024-04-19 22:44:22
Progress(15) at 2024-04-19 22:44:22: 3,418,703 states generated (661,516 s/min), 854,346 distinct states found (155,965 ds/min), 370,091 states left on queue.
Checking temporal properties for the current state space with 556785 total distinct states at (2024-04-19 22:45:22)
Finished checking temporal properties in 11s at 2024-04-19 22:45:34
Progress(15) at 2024-04-19 22:45:34: 4,130,097 states generated (711,394 s/min), 1,015,407 distinct states found (161,061 ds/min), 458,622 states left on queue.
Checking temporal properties for the current state space with 636992 total distinct states at (2024-04-19 22:46:34)
Finished checking temporal properties in 13s at 2024-04-19 22:46:48
Progress(16) at 2024-04-19 22:46:48: 4,948,185 states generated (818,088 s/min), 1,177,725 distinct states found (162,318 ds/min), 540,732 states left on queue.
Checking temporal properties for the current state space with 719191 total distinct states at (2024-04-19 22:47:48)
Finished checking temporal properties in 15s at 2024-04-19 22:48:03
Progress(16) at 2024-04-19 22:48:03: 5,719,272 states generated (771,087 s/min), 1,340,427 distinct states found (162,702 ds/min), 621,231 states left on queue.
Checking temporal properties for the current state space with 800614 total distinct states at (2024-04-19 22:49:03)
Finished checking temporal properties in 17s at 2024-04-19 22:49:21
Progress(16) at 2024-04-19 22:49:21: 6,467,697 states generated (748,425 s/min), 1,492,295 distinct states found (151,868 ds/min), 691,674 states left on queue.
Checking temporal properties for the current state space with 886524 total distinct states at (2024-04-19 22:50:21)
Finished checking temporal properties in 19s at 2024-04-19 22:50:40
Progress(16) at 2024-04-19 22:50:40: 7,233,676 states generated (765,979 s/min), 1,645,804 distinct states found (153,509 ds/min), 759,274 states left on queue.
Progress(16) at 2024-04-19 22:51:40: 8,044,998 states generated (811,322 s/min), 1,800,093 distinct states found (154,289 ds/min), 826,409 states left on queue.
Checking temporal properties for the current state space with 1056458 total distinct states at (2024-04-19 22:52:40)
Finished checking temporal properties in 22s at 2024-04-19 22:53:03
Progress(16) at 2024-04-19 22:53:03: 8,840,742 states generated (795,744 s/min), 1,945,638 distinct states found (145,545 ds/min), 889,175 states left on queue.
Progress(17) at 2024-04-19 22:54:03: 9,761,923 states generated (921,181 s/min), 2,111,064 distinct states found (165,426 ds/min), 956,517 states left on queue.
Checking temporal properties for the current state space with 1246489 total distinct states at (2024-04-19 22:55:03)
Finished checking temporal properties in 27s at 2024-04-19 22:55:30
Progress(17) at 2024-04-19 22:55:30: 10,566,784 states generated (804,861 s/min), 2,263,477 distinct states found (152,413 ds/min), 1,016,987 states left on queue.
Progress(17) at 2024-04-19 22:56:30: 11,420,174 states generated (853,390 s/min), 2,419,650 distinct states found (156,173 ds/min), 1,076,220 states left on queue.
Checking temporal properties for the current state space with 1433373 total distinct states at (2024-04-19 22:57:30)
Finished checking temporal properties in 32s at 2024-04-19 22:58:03
Progress(17) at 2024-04-19 22:58:03: 12,210,856 states generated (790,682 s/min), 2,560,593 distinct states found (140,943 ds/min), 1,127,214 states left on queue.
Progress(17) at 2024-04-19 22:59:03: 13,023,116 states generated (812,260 s/min), 2,702,519 distinct states found (141,926 ds/min), 1,174,207 states left on queue.
Checking temporal properties for the current state space with 1623089 total distinct states at (2024-04-19 23:00:03)
Finished checking temporal properties in 37s at 2024-04-19 23:00:40
Progress(17) at 2024-04-19 23:00:40: 13,808,866 states generated (785,750 s/min), 2,841,416 distinct states found (138,897 ds/min), 1,218,326 states left on queue.
Progress(17) at 2024-04-19 23:01:40: 14,627,384 states generated (818,518 s/min), 2,984,868 distinct states found (143,452 ds/min), 1,264,364 states left on queue.
Checking temporal properties for the current state space with 1814866 total distinct states at (2024-04-19 23:02:40)
Finished checking temporal properties in 39s at 2024-04-19 23:03:19
Progress(17) at 2024-04-19 23:03:19: 15,465,035 states generated (837,651 s/min), 3,122,906 distinct states found (138,038 ds/min), 1,308,037 states left on queue.
Progress(17) at 2024-04-19 23:04:19: 16,369,855 states generated (904,820 s/min), 3,270,304 distinct states found (147,398 ds/min), 1,355,571 states left on queue.
Checking temporal properties for the current state space with 2015683 total distinct states at (2024-04-19 23:05:19)
Finished checking temporal properties in 47s at 2024-04-19 23:06:06
Progress(18) at 2024-04-19 23:06:06: 17,297,746 states generated (927,891 s/min), 3,416,679 distinct states found (146,375 ds/min), 1,400,990 states left on queue.
Progress(18) at 2024-04-19 23:07:06: 18,227,097 states generated (929,351 s/min), 3,580,988 distinct states found (164,309 ds/min), 1,453,176 states left on queue.
Checking temporal properties for the current state space with 2232800 total distinct states at (2024-04-19 23:08:06)
Finished checking temporal properties in 50s at 2024-04-19 23:08:57
Progress(18) at 2024-04-19 23:08:57: 19,098,609 states generated (871,512 s/min), 3,729,467 distinct states found (148,479 ds/min), 1,496,666 states left on queue.
Checkpointing of run states\24-04-19-22-39-46
Checkpointing completed at (2024-04-19 23:09:57)
Progress(18) at 2024-04-19 23:09:57: 20,027,716 states generated (929,107 s/min), 3,883,919 distinct states found (154,452 ds/min), 1,538,242 states left on queue.
Progress(18) at 2024-04-19 23:10:57: 20,892,237 states generated (864,521 s/min), 4,020,886 distinct states found (136,967 ds/min), 1,566,912 states left on queue.
Checking temporal properties for the current state space with 2566171 total distinct states at (2024-04-19 23:11:57)
Finished checking temporal properties in 55s at 2024-04-19 23:12:53
Progress(18) at 2024-04-19 23:12:53: 21,825,732 states generated (933,495 s/min), 4,173,394 distinct states found (152,508 ds/min), 1,607,219 states left on queue.
Progress(18) at 2024-04-19 23:13:53: 22,777,883 states generated (952,151 s/min), 4,320,924 distinct states found (147,530 ds/min), 1,636,825 states left on queue.
Progress(18) at 2024-04-19 23:14:53: 23,673,265 states generated (895,382 s/min), 4,457,617 distinct states found (136,693 ds/min), 1,659,679 states left on queue.
Progress(18) at 2024-04-19 23:15:53: 24,496,236 states generated (822,971 s/min), 4,596,567 distinct states found (138,950 ds/min), 1,691,850 states left on queue.
Checking temporal properties for the current state space with 3018300 total distinct states at (2024-04-19 23:16:53)
Finished checking temporal properties in 01min 11s at 2024-04-19 23:18:05
Progress(18) at 2024-04-19 23:18:05: 25,420,534 states generated (924,298 s/min), 4,736,316 distinct states found (139,749 ds/min), 1,718,013 states left on queue.
Progress(18) at 2024-04-19 23:19:05: 26,362,081 states generated (941,547 s/min), 4,879,551 distinct states found (143,235 ds/min), 1,747,231 states left on queue.
Progress(18) at 2024-04-19 23:20:05: 27,294,375 states generated (932,294 s/min), 5,018,894 distinct states found (139,343 ds/min), 1,776,318 states left on queue.
Progress(18) at 2024-04-19 23:21:05: 28,257,088 states generated (962,713 s/min), 5,164,475 distinct states found (145,581 ds/min), 1,810,320 states left on queue.
Checking temporal properties for the current state space with 3480962 total distinct states at (2024-04-19 23:22:05)
Finished checking temporal properties in 01min 20s at 2024-04-19 23:23:25
Progress(19) at 2024-04-19 23:23:25: 29,272,680 states generated (1,015,592 s/min), 5,319,624 distinct states found (155,149 ds/min), 1,838,661 states left on queue.
Progress(19) at 2024-04-19 23:24:25: 30,312,967 states generated (1,040,287 s/min), 5,490,197 distinct states found (170,573 ds/min), 1,873,792 states left on queue.
Progress(19) at 2024-04-19 23:25:25: 31,268,041 states generated (955,074 s/min), 5,638,286 distinct states found (148,089 ds/min), 1,896,799 states left on queue.
Progress(19) at 2024-04-19 23:26:25: 32,247,166 states generated (979,125 s/min), 5,786,556 distinct states found (148,270 ds/min), 1,917,614 states left on queue.
Progress(19) at 2024-04-19 23:27:25: 33,188,303 states generated (941,137 s/min), 5,921,635 distinct states found (135,079 ds/min), 1,927,749 states left on queue.
Progress(19) at 2024-04-19 23:28:25: 34,169,390 states generated (981,087 s/min), 6,068,472 distinct states found (146,837 ds/min), 1,946,084 states left on queue.
Checking temporal properties for the current state space with 4246732 total distinct states at (2024-04-19 23:29:25)
Finished checking temporal properties in 01min 32s at 2024-04-19 23:30:58
Progress(19) at 2024-04-19 23:30:58: 35,117,673 states generated (948,283 s/min), 6,204,420 distinct states found (135,948 ds/min), 1,957,683 states left on queue.
Progress(19) at 2024-04-19 23:31:58: 36,168,728 states generated (1,051,055 s/min), 6,352,515 distinct states found (148,095 ds/min), 1,965,045 states left on queue.
Progress(19) at 2024-04-19 23:32:58: 37,144,616 states generated (975,888 s/min), 6,502,436 distinct states found (149,921 ds/min), 1,980,027 states left on queue.
Progress(19) at 2024-04-19 23:33:58: 38,107,895 states generated (963,279 s/min), 6,638,624 distinct states found (136,188 ds/min), 1,987,095 states left on queue.
Progress(19) at 2024-04-19 23:34:58: 39,107,283 states generated (999,388 s/min), 6,779,832 distinct states found (141,208 ds/min), 1,997,326 states left on queue.
Progress(19) at 2024-04-19 23:35:58: 40,114,558 states generated (1,007,275 s/min), 6,922,921 distinct states found (143,089 ds/min), 2,009,142 states left on queue.
Checking temporal properties for the current state space with 5047504 total distinct states at (2024-04-19 23:36:58)
Finished checking temporal properties in 01min 50s at 2024-04-19 23:38:49
Progress(19) at 2024-04-19 23:38:49: 41,161,207 states generated (1,046,649 s/min), 7,070,707 distinct states found (147,786 ds/min), 2,023,200 states left on queue.
Progress(19) at 2024-04-19 23:39:49: 42,339,902 states generated (1,178,695 s/min), 7,238,292 distinct states found (167,585 ds/min), 2,042,699 states left on queue.
Checkpointing of run states\24-04-19-22-39-46
Checkpointing completed at (2024-04-19 23:40:49)
Progress(20) at 2024-04-19 23:40:49: 43,441,286 states generated (1,101,384 s/min), 7,404,338 distinct states found (166,046 ds/min), 2,055,522 states left on queue.
Progress(20) at 2024-04-19 23:41:49: 44,469,513 states generated (1,028,227 s/min), 7,558,762 distinct states found (154,424 ds/min), 2,065,544 states left on queue.
Progress(20) at 2024-04-19 23:42:49: 45,494,571 states generated (1,025,058 s/min), 7,703,577 distinct states found (144,815 ds/min), 2,065,577 states left on queue.
Progress(20) at 2024-04-19 23:43:49: 46,543,037 states generated (1,048,466 s/min), 7,850,716 distinct states found (147,139 ds/min), 2,065,095 states left on queue.
Progress(20) at 2024-04-19 23:44:49: 47,566,306 states generated (1,023,269 s/min), 7,985,385 distinct states found (134,669 ds/min), 2,053,697 states left on queue.
Checking temporal properties for the current state space with 6079441 total distinct states at (2024-04-19 23:45:49)
Finished checking temporal properties in 02min 15s at 2024-04-19 23:48:04
Progress(20) at 2024-04-19 23:48:04: 48,608,665 states generated (1,042,359 s/min), 8,131,142 distinct states found (145,757 ds/min), 2,051,698 states left on queue.
Progress(20) at 2024-04-19 23:49:04: 49,729,869 states generated (1,121,204 s/min), 8,277,648 distinct states found (146,506 ds/min), 2,037,711 states left on queue.
Progress(20) at 2024-04-19 23:50:04: 50,796,291 states generated (1,066,422 s/min), 8,420,871 distinct states found (143,223 ds/min), 2,026,081 states left on queue.
Progress(20) at 2024-04-19 23:51:04: 51,830,315 states generated (1,034,024 s/min), 8,568,477 distinct states found (147,606 ds/min), 2,020,872 states left on queue.
Progress(20) at 2024-04-19 23:52:04: 52,877,521 states generated (1,047,206 s/min), 8,706,115 distinct states found (137,638 ds/min), 2,007,621 states left on queue.
Progress(20) at 2024-04-19 23:53:04: 54,009,746 states generated (1,132,225 s/min), 8,860,720 distinct states found (154,605 ds/min), 2,003,324 states left on queue.
Progress(20) at 2024-04-19 23:54:04: 55,116,791 states generated (1,107,045 s/min), 9,008,682 distinct states found (147,962 ds/min), 1,996,491 states left on queue.
Progress(20) at 2024-04-19 23:55:04: 56,268,293 states generated (1,151,502 s/min), 9,165,249 distinct states found (156,567 ds/min), 1,993,901 states left on queue.
Progress(21) at 2024-04-19 23:56:04: 57,447,787 states generated (1,179,494 s/min), 9,331,050 distinct states found (165,801 ds/min), 1,987,430 states left on queue.
Checking temporal properties for the current state space with 7513083 total distinct states at (2024-04-19 23:57:05)
Finished checking temporal properties in 02min 44s at 2024-04-19 23:59:49
Progress(21) at 2024-04-19 23:59:49: 58,563,390 states generated (1,115,603 s/min), 9,489,235 distinct states found (158,185 ds/min), 1,976,150 states left on queue.
Progress(21) at 2024-04-20 00:00:49: 59,743,232 states generated (1,179,842 s/min), 9,645,257 distinct states found (156,022 ds/min), 1,951,454 states left on queue.
Progress(21) at 2024-04-20 00:01:49: 60,868,532 states generated (1,125,300 s/min), 9,792,228 distinct states found (146,971 ds/min), 1,925,651 states left on queue.
Progress(21) at 2024-04-20 00:02:50: 61,996,646 states generated (1,128,114 s/min), 9,931,953 distinct states found (139,725 ds/min), 1,889,386 states left on queue.
Progress(21) at 2024-04-20 00:03:50: 63,110,289 states generated (1,113,643 s/min), 10,076,051 distinct states found (144,098 ds/min), 1,862,446 states left on queue.
Progress(21) at 2024-04-20 00:04:50: 64,250,127 states generated (1,139,838 s/min), 10,218,353 distinct states found (142,302 ds/min), 1,825,593 states left on queue.
Progress(21) at 2024-04-20 00:05:50: 65,373,418 states generated (1,123,291 s/min), 10,368,227 distinct states found (149,874 ds/min), 1,795,340 states left on queue.
Progress(21) at 2024-04-20 00:06:50: 66,540,568 states generated (1,167,150 s/min), 10,516,476 distinct states found (148,249 ds/min), 1,761,706 states left on queue.
Progress(21) at 2024-04-20 00:07:50: 67,733,167 states generated (1,192,599 s/min), 10,670,335 distinct states found (153,859 ds/min), 1,731,129 states left on queue.
Progress(21) at 2024-04-20 00:08:50: 68,967,069 states generated (1,233,902 s/min), 10,832,272 distinct states found (161,937 ds/min), 1,705,201 states left on queue.
Progress(22) at 2024-04-20 00:09:50: 70,217,711 states generated (1,250,642 s/min), 11,001,033 distinct states found (168,761 ds/min), 1,675,517 states left on queue.
Checking temporal properties for the current state space with 9523471 total distinct states at (2024-04-20 00:10:50)
Finished checking temporal properties in 03min 38s at 2024-04-20 00:14:28
Checkpointing of run states\24-04-19-22-39-46
Checkpointing completed at (2024-04-20 00:14:28)
Progress(22) at 2024-04-20 00:14:28: 71,417,424 states generated (1,199,713 s/min), 11,160,357 distinct states found (159,324 ds/min), 1,635,771 states left on queue.
Progress(22) at 2024-04-20 00:15:28: 72,733,438 states generated (1,316,014 s/min), 11,321,551 distinct states found (161,194 ds/min), 1,575,256 states left on queue.
Progress(22) at 2024-04-20 00:16:28: 73,956,709 states generated (1,223,271 s/min), 11,467,968 distinct states found (146,417 ds/min), 1,512,632 states left on queue.
Progress(22) at 2024-04-20 00:17:28: 75,198,594 states generated (1,241,885 s/min), 11,618,201 distinct states found (150,233 ds/min), 1,450,747 states left on queue.
Progress(22) at 2024-04-20 00:18:28: 76,429,431 states generated (1,230,837 s/min), 11,770,179 distinct states found (151,978 ds/min), 1,387,219 states left on queue.
Progress(22) at 2024-04-20 00:19:28: 77,738,527 states generated (1,309,096 s/min), 11,933,450 distinct states found (163,271 ds/min), 1,325,482 states left on queue.
Progress(22) at 2024-04-20 00:20:28: 79,070,716 states generated (1,332,189 s/min), 12,100,758 distinct states found (167,308 ds/min), 1,266,050 states left on queue.
Progress(23) at 2024-04-20 00:21:28: 80,424,875 states generated (1,354,159 s/min), 12,276,399 distinct states found (175,641 ds/min), 1,200,368 states left on queue.
Progress(23) at 2024-04-20 00:22:28: 81,724,735 states generated (1,299,860 s/min), 12,430,183 distinct states found (153,784 ds/min), 1,112,948 states left on queue.
Progress(23) at 2024-04-20 00:23:28: 83,063,907 states generated (1,339,172 s/min), 12,583,911 distinct states found (153,728 ds/min), 1,011,488 states left on queue.
Progress(23) at 2024-04-20 00:24:28: 84,443,622 states generated (1,379,715 s/min), 12,748,678 distinct states found (164,767 ds/min), 908,771 states left on queue.
Progress(23) at 2024-04-20 00:25:28: 85,893,329 states generated (1,449,707 s/min), 12,925,888 distinct states found (177,210 ds/min), 807,567 states left on queue.
Progress(24) at 2024-04-20 00:26:28: 87,330,808 states generated (1,437,479 s/min), 13,096,842 distinct states found (170,954 ds/min), 685,419 states left on queue.
Progress(24) at 2024-04-20 00:27:28: 88,805,970 states generated (1,475,162 s/min), 13,264,567 distinct states found (167,725 ds/min), 531,406 states left on queue.
Progress(25) at 2024-04-20 00:28:28: 90,370,518 states generated (1,564,548 s/min), 13,447,807 distinct states found (183,240 ds/min), 362,930 states left on queue.
Checking temporal properties for the current state space with 13527019 total distinct states at (2024-04-20 00:29:28)
Finished checking temporal properties in 05min 01s at 2024-04-20 00:34:30
Progress(26) at 2024-04-20 00:34:30: 92,038,385 states generated (1,667,867 s/min), 13,634,305 distinct states found (186,498 ds/min), 107,285 states left on queue.
Progress(41) at 2024-04-20 00:35:30: 93,702,871 states generated (1,664,486 s/min), 13,970,835 distinct states found (336,530 ds/min), 48,162 states left on queue.
Progress(42) at 2024-04-20 00:36:30: 94,809,856 states generated (1,106,985 s/min), 14,165,772 distinct states found (194,937 ds/min), 172,812 states left on queue.
Progress(42) at 2024-04-20 00:37:30: 95,918,963 states generated (1,109,107 s/min), 14,352,274 distinct states found (186,502 ds/min), 286,329 states left on queue.
Progress(43) at 2024-04-20 00:38:30: 97,054,709 states generated (1,135,746 s/min), 14,524,441 distinct states found (172,167 ds/min), 378,746 states left on queue.
Progress(43) at 2024-04-20 00:39:30: 98,190,095 states generated (1,135,386 s/min), 14,696,192 distinct states found (171,751 ds/min), 468,373 states left on queue.
Progress(43) at 2024-04-20 00:40:30: 99,313,734 states generated (1,123,639 s/min), 14,871,726 distinct states found (175,534 ds/min), 561,003 states left on queue.
Checkpointing of run states\24-04-19-22-39-46
Checkpointing completed at (2024-04-20 00:41:31)
Progress(44) at 2024-04-20 00:41:31: 100,465,834 states generated (1,152,100 s/min), 15,040,545 distinct states found (168,819 ds/min), 647,184 states left on queue.
Progress(44) at 2024-04-20 00:42:31: 101,613,467 states generated (1,147,633 s/min), 15,201,726 distinct states found (161,181 ds/min), 716,976 states left on queue.
Progress(44) at 2024-04-20 00:43:31: 102,767,185 states generated (1,153,718 s/min), 15,362,163 distinct states found (160,437 ds/min), 785,470 states left on queue.
Progress(44) at 2024-04-20 00:44:31: 103,932,907 states generated (1,165,722 s/min), 15,524,866 distinct states found (162,703 ds/min), 855,326 states left on queue.
Progress(44) at 2024-04-20 00:45:31: 105,070,844 states generated (1,137,937 s/min), 15,696,291 distinct states found (171,425 ds/min), 931,471 states left on queue.
Progress(44) at 2024-04-20 00:46:31: 106,224,758 states generated (1,153,914 s/min), 15,858,151 distinct states found (161,860 ds/min), 1,001,040 states left on queue.
Progress(44) at 2024-04-20 00:47:31: 107,394,955 states generated (1,170,197 s/min), 16,018,916 distinct states found (160,765 ds/min), 1,069,500 states left on queue.
Progress(45) at 2024-04-20 00:48:31: 108,571,174 states generated (1,176,219 s/min), 16,178,082 distinct states found (159,166 ds/min), 1,134,766 states left on queue.
Progress(45) at 2024-04-20 00:49:31: 109,763,914 states generated (1,192,740 s/min), 16,339,592 distinct states found (161,510 ds/min), 1,190,270 states left on queue.
Progress(45) at 2024-04-20 00:50:31: 110,965,953 states generated (1,202,039 s/min), 16,495,753 distinct states found (156,161 ds/min), 1,240,933 states left on queue.
Progress(45) at 2024-04-20 00:51:31: 112,164,276 states generated (1,198,323 s/min), 16,653,586 distinct states found (157,833 ds/min), 1,292,888 states left on queue.
Progress(45) at 2024-04-20 00:52:31: 113,365,833 states generated (1,201,557 s/min), 16,810,773 distinct states found (157,187 ds/min), 1,344,610 states left on queue.
Progress(45) at 2024-04-20 00:53:31: 114,554,929 states generated (1,189,096 s/min), 16,970,334 distinct states found (159,561 ds/min), 1,397,529 states left on queue.
Checking temporal properties for the current state space with 15681810 total distinct states at (2024-04-20 00:54:31)
Finished checking temporal properties in 05min 54s at 2024-04-20 01:00:26
Progress(45) at 2024-04-20 01:00:26: 115,725,213 states generated (1,170,284 s/min), 17,138,888 distinct states found (168,554 ds/min), 1,457,076 states left on queue.
Progress(45) at 2024-04-20 01:01:26: 117,025,556 states generated (1,300,343 s/min), 17,310,420 distinct states found (171,532 ds/min), 1,513,358 states left on queue.
Progress(45) at 2024-04-20 01:02:26: 118,214,963 states generated (1,189,407 s/min), 17,468,847 distinct states found (158,427 ds/min), 1,566,200 states left on queue.
Progress(45) at 2024-04-20 01:03:26: 119,410,827 states generated (1,195,864 s/min), 17,624,008 distinct states found (155,161 ds/min), 1,616,507 states left on queue.
Progress(45) at 2024-04-20 01:04:26: 120,608,722 states generated (1,197,895 s/min), 17,779,019 distinct states found (155,011 ds/min), 1,666,857 states left on queue.
Progress(46) at 2024-04-20 01:05:26: 121,815,393 states generated (1,206,671 s/min), 17,938,391 distinct states found (159,372 ds/min), 1,711,474 states left on queue.
Progress(46) at 2024-04-20 01:06:26: 123,048,952 states generated (1,233,559 s/min), 18,093,147 distinct states found (154,756 ds/min), 1,746,342 states left on queue.
Progress(46) at 2024-04-20 01:07:26: 124,283,855 states generated (1,234,903 s/min), 18,246,794 distinct states found (153,647 ds/min), 1,779,588 states left on queue.
Progress(46) at 2024-04-20 01:08:26: 125,517,808 states generated (1,233,953 s/min), 18,400,530 distinct states found (153,736 ds/min), 1,812,967 states left on queue.
Progress(46) at 2024-04-20 01:09:26: 126,746,893 states generated (1,229,085 s/min), 18,556,061 distinct states found (155,531 ds/min), 1,847,301 states left on queue.
Progress(46) at 2024-04-20 01:10:26: 127,982,249 states generated (1,235,356 s/min), 18,709,997 distinct states found (153,936 ds/min), 1,880,792 states left on queue.
Progress(46) at 2024-04-20 01:11:26: 129,205,260 states generated (1,223,011 s/min), 18,867,603 distinct states found (157,606 ds/min), 1,916,527 states left on queue.
Checkpointing of run states\24-04-19-22-39-46
Checkpointing completed at (2024-04-20 01:12:26)
Progress(46) at 2024-04-20 01:12:26: 130,404,764 states generated (1,199,504 s/min), 19,036,032 distinct states found (168,429 ds/min), 1,958,836 states left on queue.
Progress(46) at 2024-04-20 01:13:26: 131,623,427 states generated (1,218,663 s/min), 19,191,932 distinct states found (155,900 ds/min), 1,994,185 states left on queue.
Progress(46) at 2024-04-20 01:14:26: 132,845,680 states generated (1,222,253 s/min), 19,344,056 distinct states found (152,124 ds/min), 2,027,109 states left on queue.
Progress(46) at 2024-04-20 01:15:26: 134,060,998 states generated (1,215,318 s/min), 19,498,414 distinct states found (154,358 ds/min), 2,061,255 states left on queue.
Progress(46) at 2024-04-20 01:16:26: 135,285,453 states generated (1,224,455 s/min), 19,650,634 distinct states found (152,220 ds/min), 2,093,971 states left on queue.
Progress(46) at 2024-04-20 01:17:26: 136,510,048 states generated (1,224,595 s/min), 19,802,986 distinct states found (152,352 ds/min), 2,126,952 states left on queue.
Progress(46) at 2024-04-20 01:18:26: 137,735,555 states generated (1,225,507 s/min), 19,955,125 distinct states found (152,139 ds/min), 2,160,144 states left on queue.
Progress(47) at 2024-04-20 01:19:26: 138,974,961 states generated (1,239,406 s/min), 20,110,667 distinct states found (155,542 ds/min), 2,184,700 states left on queue.
Progress(47) at 2024-04-20 01:20:26: 140,236,141 states generated (1,261,180 s/min), 20,267,199 distinct states found (156,532 ds/min), 2,203,312 states left on queue.
Progress(47) at 2024-04-20 01:21:26: 141,506,969 states generated (1,270,828 s/min), 20,418,970 distinct states found (151,771 ds/min), 2,217,398 states left on queue.
Progress(47) at 2024-04-20 01:22:26: 142,773,739 states generated (1,266,770 s/min), 20,571,120 distinct states found (152,150 ds/min), 2,231,464 states left on queue.
Progress(47) at 2024-04-20 01:23:26: 144,036,795 states generated (1,263,056 s/min), 20,724,884 distinct states found (153,764 ds/min), 2,246,169 states left on queue.
Checking temporal properties for the current state space with 18617199 total distinct states at (2024-04-20 01:24:26)
Finished checking temporal properties in 06min 55s at 2024-04-20 01:31:22
Progress(47) at 2024-04-20 01:31:22: 145,305,020 states generated (1,268,225 s/min), 20,878,857 distinct states found (153,973 ds/min), 2,261,654 states left on queue.
Progress(47) at 2024-04-20 01:32:22: 146,685,011 states generated (1,379,991 s/min), 21,048,598 distinct states found (169,741 ds/min), 2,278,693 states left on queue.
Progress(47) at 2024-04-20 01:33:22: 147,943,254 states generated (1,258,243 s/min), 21,205,289 distinct states found (156,691 ds/min), 2,295,380 states left on queue.
Progress(47) at 2024-04-20 01:34:22: 149,184,108 states generated (1,240,854 s/min), 21,369,836 distinct states found (164,547 ds/min), 2,316,329 states left on queue.
Progress(47) at 2024-04-20 01:35:22: 150,440,571 states generated (1,256,463 s/min), 21,524,908 distinct states found (155,072 ds/min), 2,332,686 states left on queue.
Progress(47) at 2024-04-20 01:36:22: 151,706,165 states generated (1,265,594 s/min), 21,677,004 distinct states found (152,096 ds/min), 2,346,910 states left on queue.
Progress(47) at 2024-04-20 01:37:22: 152,969,048 states generated (1,262,883 s/min), 21,832,048 distinct states found (155,044 ds/min), 2,362,648 states left on queue.
Progress(47) at 2024-04-20 01:38:22: 154,235,580 states generated (1,266,532 s/min), 21,984,077 distinct states found (152,029 ds/min), 2,376,697 states left on queue.
Progress(47) at 2024-04-20 01:39:22: 155,502,939 states generated (1,267,359 s/min), 22,136,625 distinct states found (152,548 ds/min), 2,390,981 states left on queue.
Progress(47) at 2024-04-20 01:40:22: 156,770,793 states generated (1,267,854 s/min), 22,288,298 distinct states found (151,673 ds/min), 2,404,684 states left on queue.
Progress(48) at 2024-04-20 01:41:22: 158,041,452 states generated (1,270,659 s/min), 22,440,766 distinct states found (152,468 ds/min), 2,418,686 states left on queue.
Progress(48) at 2024-04-20 01:42:22: 159,344,939 states generated (1,303,487 s/min), 22,603,224 distinct states found (162,458 ds/min), 2,419,250 states left on queue.
Checkpointing of run states\24-04-19-22-39-46
Checkpointing completed at (2024-04-20 01:43:22)
Progress(48) at 2024-04-20 01:43:22: 160,671,077 states generated (1,326,138 s/min), 22,758,211 distinct states found (154,987 ds/min), 2,411,880 states left on queue.
Progress(48) at 2024-04-20 01:44:22: 161,974,883 states generated (1,303,806 s/min), 22,911,050 distinct states found (152,839 ds/min), 2,404,182 states left on queue.
Progress(48) at 2024-04-20 01:45:22: 163,292,311 states generated (1,317,428 s/min), 23,065,532 distinct states found (154,482 ds/min), 2,397,484 states left on queue.
Progress(48) at 2024-04-20 01:46:22: 164,597,501 states generated (1,305,190 s/min), 23,221,257 distinct states found (155,725 ds/min), 2,391,323 states left on queue.
Progress(48) at 2024-04-20 01:47:22: 165,916,492 states generated (1,318,991 s/min), 23,375,984 distinct states found (154,727 ds/min), 2,384,493 states left on queue.
Progress(48) at 2024-04-20 01:48:22: 167,225,875 states generated (1,309,383 s/min), 23,533,805 distinct states found (157,821 ds/min), 2,378,743 states left on queue.
Progress(48) at 2024-04-20 01:49:22: 168,525,915 states generated (1,300,040 s/min), 23,699,475 distinct states found (165,670 ds/min), 2,376,875 states left on queue.
Progress(48) at 2024-04-20 01:50:22: 169,826,597 states generated (1,300,682 s/min), 23,857,350 distinct states found (157,875 ds/min), 2,372,101 states left on queue.
Progress(48) at 2024-04-20 01:51:22: 171,142,266 states generated (1,315,669 s/min), 24,012,758 distinct states found (155,408 ds/min), 2,365,439 states left on queue.
Progress(48) at 2024-04-20 01:52:22: 172,455,864 states generated (1,313,598 s/min), 24,169,895 distinct states found (157,137 ds/min), 2,359,531 states left on queue.
Progress(48) at 2024-04-20 01:53:22: 173,775,849 states generated (1,319,985 s/min), 24,323,909 distinct states found (154,014 ds/min), 2,351,972 states left on queue.
Progress(48) at 2024-04-20 01:54:22: 175,094,295 states generated (1,318,446 s/min), 24,478,846 distinct states found (154,937 ds/min), 2,345,361 states left on queue.
Progress(48) at 2024-04-20 01:55:22: 176,413,113 states generated (1,318,818 s/min), 24,632,972 distinct states found (154,126 ds/min), 2,337,912 states left on queue.
Progress(49) at 2024-04-20 01:56:22: 177,739,993 states generated (1,326,880 s/min), 24,787,303 distinct states found (154,331 ds/min), 2,326,764 states left on queue.
Progress(49) at 2024-04-20 01:57:22: 179,098,855 states generated (1,358,862 s/min), 24,953,329 distinct states found (166,026 ds/min), 2,301,935 states left on queue.
Checking temporal properties for the current state space with 22843476 total distinct states at (2024-04-20 01:58:22)
Finished checking temporal properties in 08min 48s at 2024-04-20 02:07:11
Progress(49) at 2024-04-20 02:07:11: 180,468,293 states generated (1,369,438 s/min), 25,111,882 distinct states found (158,553 ds/min), 2,268,405 states left on queue.
Progress(49) at 2024-04-20 02:08:11: 181,967,860 states generated (1,499,567 s/min), 25,285,113 distinct states found (173,231 ds/min), 2,231,743 states left on queue.
Progress(49) at 2024-04-20 02:09:11: 183,335,837 states generated (1,367,977 s/min), 25,445,374 distinct states found (160,261 ds/min), 2,199,465 states left on queue.
Progress(49) at 2024-04-20 02:10:11: 184,705,187 states generated (1,369,350 s/min), 25,606,177 distinct states found (160,803 ds/min), 2,167,213 states left on queue.
Progress(49) at 2024-04-20 02:11:11: 186,071,352 states generated (1,366,165 s/min), 25,771,149 distinct states found (164,972 ds/min), 2,136,215 states left on queue.
Progress(49) at 2024-04-20 02:12:11: 187,439,415 states generated (1,368,063 s/min), 25,935,926 distinct states found (164,777 ds/min), 2,105,481 states left on queue.
Progress(49) at 2024-04-20 02:13:11: 188,811,859 states generated (1,372,444 s/min), 26,096,008 distinct states found (160,082 ds/min), 2,072,826 states left on queue.
Checkpointing of run states\24-04-19-22-39-46
Checkpointing completed at (2024-04-20 02:14:11)
Progress(49) at 2024-04-20 02:14:11: 190,182,385 states generated (1,370,526 s/min), 26,256,618 distinct states found (160,610 ds/min), 2,040,004 states left on queue.
Progress(49) at 2024-04-20 02:15:11: 191,542,774 states generated (1,360,389 s/min), 26,413,784 distinct states found (157,166 ds/min), 2,006,908 states left on queue.
Progress(49) at 2024-04-20 02:16:11: 192,910,631 states generated (1,367,857 s/min), 26,572,534 distinct states found (158,750 ds/min), 1,974,191 states left on queue.
Progress(50) at 2024-04-20 02:17:11: 194,281,341 states generated (1,370,710 s/min), 26,730,587 distinct states found (158,053 ds/min), 1,936,060 states left on queue.
Progress(50) at 2024-04-20 02:18:11: 195,710,365 states generated (1,429,024 s/min), 26,902,543 distinct states found (171,956 ds/min), 1,876,476 states left on queue.
Progress(50) at 2024-04-20 02:19:11: 197,125,826 states generated (1,415,461 s/min), 27,067,793 distinct states found (165,250 ds/min), 1,809,516 states left on queue.
Progress(50) at 2024-04-20 02:20:11: 198,548,887 states generated (1,423,061 s/min), 27,234,443 distinct states found (166,650 ds/min), 1,742,929 states left on queue.
Progress(50) at 2024-04-20 02:21:11: 199,967,456 states generated (1,418,569 s/min), 27,403,127 distinct states found (168,684 ds/min), 1,677,454 states left on queue.
Progress(50) at 2024-04-20 02:22:11: 201,392,146 states generated (1,424,690 s/min), 27,575,469 distinct states found (172,342 ds/min), 1,612,891 states left on queue.
Progress(50) at 2024-04-20 02:23:11: 202,815,403 states generated (1,423,257 s/min), 27,742,615 distinct states found (167,146 ds/min), 1,546,387 states left on queue.
Progress(50) at 2024-04-20 02:24:11: 204,237,831 states generated (1,422,428 s/min), 27,908,711 distinct states found (166,096 ds/min), 1,479,603 states left on queue.
Progress(50) at 2024-04-20 02:25:11: 205,658,986 states generated (1,421,155 s/min), 28,073,707 distinct states found (164,996 ds/min), 1,412,006 states left on queue.
Progress(51) at 2024-04-20 02:26:11: 207,128,429 states generated (1,469,443 s/min), 28,253,073 distinct states found (179,366 ds/min), 1,313,737 states left on queue.
Progress(51) at 2024-04-20 02:27:11: 208,602,891 states generated (1,474,462 s/min), 28,432,157 distinct states found (179,084 ds/min), 1,199,051 states left on queue.
Progress(51) at 2024-04-20 02:28:11: 210,083,979 states generated (1,481,088 s/min), 28,615,448 distinct states found (183,291 ds/min), 1,085,906 states left on queue.
Progress(51) at 2024-04-20 02:29:11: 211,559,394 states generated (1,475,415 s/min), 28,795,353 distinct states found (179,905 ds/min), 971,731 states left on queue.
Progress(52) at 2024-04-20 02:30:11: 213,033,425 states generated (1,474,031 s/min), 28,974,382 distinct states found (179,029 ds/min), 854,014 states left on queue.
Progress(52) at 2024-04-20 02:31:11: 214,548,391 states generated (1,514,966 s/min), 29,176,174 distinct states found (201,792 ds/min), 670,406 states left on queue.
Progress(52) at 2024-04-20 02:32:11: 216,056,660 states generated (1,508,269 s/min), 29,377,882 distinct states found (201,708 ds/min), 482,733 states left on queue.
Progress(54) at 2024-04-20 02:33:11: 217,561,506 states generated (1,504,846 s/min), 29,608,333 distinct states found (230,451 ds/min), 191,694 states left on queue.
Progress(57) at 2024-04-20 02:33:28: 217,926,026 states generated, 29,694,106 distinct states found, 0 states left on queue.
Checking temporal properties for the complete state space with 29694106 total distinct states at (2024-04-20 02:33:28)
Finished checking temporal properties in 11min 18s at 2024-04-20 02:44:46
Model checking completed. No error has been found.
  Estimates of the probability that TLC did not check all reachable states
  because two distinct states had the same fingerprint:
  calculated (optimistic):  val = 3.0E-4
  based on the actual fingerprints:  val = 1.0E-4
217926026 states generated, 29694106 distinct states found, 0 states left on queue.
The depth of the complete state graph search is 57.
The average outdegree of the complete state graph is 1 (minimum is 0, the maximum 13 and the 95th percentile is 3).
Finished in 04h 05min at (2024-04-20 02:44:48)
