TLC2 Version 2.17 of 02 February 2022 (rev: 3c7caa5)
Warning: Please run the Java VM which executes TLC with a throughput optimized garbage collector by passing the "-XX:+UseParallelGC" property.
(Use the -nowarning option to disable this warning.)
Running breadth-first search Model-Checking with fp 117 and seed -3290512563665036696 with 12 workers on 12 cores with 3936MB heap and 64MB offheap memory [pid: 10616] (Windows 11 10.0 amd64, Oracle Corporation 17.0.3.1 x86_64, MSBDiskFPSet, DiskStateQueue).
Parsing file D:\Data Collection\BenOrMsgsByzCCL.tla
Parsing file C:\Users\marij\AppData\Local\Temp\TLC.tla
Parsing file C:\Users\marij\AppData\Local\Temp\Integers.tla
Parsing file C:\Users\marij\AppData\Local\Temp\FiniteSets.tla
Parsing file C:\Users\marij\AppData\Local\Temp\Naturals.tla
Parsing file C:\Users\marij\AppData\Local\Temp\Sequences.tla
Semantic processing of module Naturals
Semantic processing of module Sequences
Semantic processing of module FiniteSets
Semantic processing of module TLC
Semantic processing of module Integers
Semantic processing of module BenOrMsgsByzCCL
Starting... (2024-04-21 10:26:43)
Implied-temporal checking--satisfiability problem has 1 branches.
Computing initial states...
Computed 2 initial states...
Computed 4 initial states...
Computed 8 initial states...
Computed 16 initial states...
Computed 32 initial states...
Computed 64 initial states...
Finished computing initial states: 128 distinct states generated at 2024-04-21 10:26:43.
Checking temporal properties for the current state space with 11601 total distinct states at (2024-04-21 10:26:46)
Finished checking temporal properties in 00s at 2024-04-21 10:26:46
Progress(6) at 2024-04-21 10:26:46: 47,998 states generated (47,998 s/min), 14,731 distinct states found (14,731 ds/min), 3,121 states left on queue.
Checking temporal properties for the current state space with 66233 total distinct states at (2024-04-21 10:27:46)
Finished checking temporal properties in 00s at 2024-04-21 10:27:47
Progress(20) at 2024-04-21 10:27:47: 544,769 states generated (496,771 s/min), 118,972 distinct states found (104,241 ds/min), 52,734 states left on queue.
Checking temporal properties for the current state space with 113644 total distinct states at (2024-04-21 10:28:47)
Finished checking temporal properties in 01s at 2024-04-21 10:28:48
Progress(21) at 2024-04-21 10:28:48: 1,036,521 states generated (491,752 s/min), 207,097 distinct states found (88,125 ds/min), 93,452 states left on queue.
Checking temporal properties for the current state space with 167198 total distinct states at (2024-04-21 10:29:49)
Finished checking temporal properties in 02s at 2024-04-21 10:29:51
Progress(22) at 2024-04-21 10:29:51: 1,579,048 states generated (542,527 s/min), 292,290 distinct states found (85,193 ds/min), 125,087 states left on queue.
Checking temporal properties for the current state space with 225630 total distinct states at (2024-04-21 10:30:51)
Finished checking temporal properties in 03s at 2024-04-21 10:30:55
Progress(22) at 2024-04-21 10:30:55: 1,996,423 states generated (417,375 s/min), 381,192 distinct states found (88,902 ds/min), 155,555 states left on queue.
Checking temporal properties for the current state space with 292771 total distinct states at (2024-04-21 10:31:55)
Finished checking temporal properties in 04s at 2024-04-21 10:32:00
Progress(23) at 2024-04-21 10:32:00: 2,605,719 states generated (609,296 s/min), 468,066 distinct states found (86,874 ds/min), 175,291 states left on queue.
Checking temporal properties for the current state space with 364676 total distinct states at (2024-04-21 10:33:00)
Finished checking temporal properties in 06s at 2024-04-21 10:33:06
Progress(23) at 2024-04-21 10:33:06: 3,051,124 states generated (445,405 s/min), 559,376 distinct states found (91,310 ds/min), 194,696 states left on queue.
Checking temporal properties for the current state space with 442923 total distinct states at (2024-04-21 10:34:06)
Finished checking temporal properties in 07s at 2024-04-21 10:34:14
Progress(24) at 2024-04-21 10:34:14: 3,684,783 states generated (633,659 s/min), 648,531 distinct states found (89,155 ds/min), 205,605 states left on queue.
Checking temporal properties for the current state space with 533626 total distinct states at (2024-04-21 10:35:14)
Finished checking temporal properties in 09s at 2024-04-21 10:35:23
Progress(24) at 2024-04-21 10:35:23: 4,206,667 states generated (521,884 s/min), 744,402 distinct states found (95,871 ds/min), 210,772 states left on queue.
Checking temporal properties for the current state space with 625071 total distinct states at (2024-04-21 10:36:23)
Finished checking temporal properties in 10s at 2024-04-21 10:36:34
Progress(25) at 2024-04-21 10:36:34: 4,802,135 states generated (595,468 s/min), 838,184 distinct states found (93,782 ds/min), 213,109 states left on queue.
Checking temporal properties for the current state space with 743919 total distinct states at (2024-04-21 10:37:34)
Finished checking temporal properties in 13s at 2024-04-21 10:37:48
Progress(25) at 2024-04-21 10:37:48: 5,425,968 states generated (623,833 s/min), 942,099 distinct states found (103,915 ds/min), 198,176 states left on queue.
Checking temporal properties for the current state space with 872428 total distinct states at (2024-04-21 10:38:48)
Finished checking temporal properties in 15s at 2024-04-21 10:39:03
Progress(26) at 2024-04-21 10:39:03: 6,106,450 states generated (680,482 s/min), 1,047,219 distinct states found (105,120 ds/min), 174,788 states left on queue.
Checking temporal properties for the current state space with 1039844 total distinct states at (2024-04-21 10:40:03)
Finished checking temporal properties in 18s at 2024-04-21 10:40:22
Progress(27) at 2024-04-21 10:40:22: 6,835,713 states generated (729,263 s/min), 1,165,502 distinct states found (118,283 ds/min), 125,654 states left on queue.
Checking temporal properties for the current state space with 1306970 total distinct states at (2024-04-21 10:41:22)
Finished checking temporal properties in 24s at 2024-04-21 10:41:47
Progress(34) at 2024-04-21 10:41:47: 7,691,709 states generated (855,996 s/min), 1,325,928 distinct states found (160,426 ds/min), 18,954 states left on queue.
Progress(41) at 2024-04-21 10:42:47: 8,306,714 states generated (615,005 s/min), 1,410,867 distinct states found (84,939 ds/min), 39,758 states left on queue.
Progress(41) at 2024-04-21 10:43:47: 8,933,762 states generated (627,048 s/min), 1,474,615 distinct states found (63,748 ds/min), 78,562 states left on queue.
Progress(42) at 2024-04-21 10:44:47: 9,569,196 states generated (635,434 s/min), 1,534,050 distinct states found (59,435 ds/min), 109,181 states left on queue.
Checking temporal properties for the current state space with 1454245 total distinct states at (2024-04-21 10:45:47)
Finished checking temporal properties in 27s at 2024-04-21 10:46:15
Progress(42) at 2024-04-21 10:46:15: 10,189,871 states generated (620,675 s/min), 1,593,267 distinct states found (59,217 ds/min), 139,021 states left on queue.
Progress(43) at 2024-04-21 10:47:15: 10,851,242 states generated (661,371 s/min), 1,654,571 distinct states found (61,304 ds/min), 169,348 states left on queue.
Progress(43) at 2024-04-21 10:48:15: 11,494,117 states generated (642,875 s/min), 1,712,057 distinct states found (57,486 ds/min), 191,411 states left on queue.
Progress(43) at 2024-04-21 10:49:15: 12,130,254 states generated (636,137 s/min), 1,769,851 distinct states found (57,794 ds/min), 213,808 states left on queue.
Progress(43) at 2024-04-21 10:50:15: 12,764,259 states generated (634,005 s/min), 1,827,712 distinct states found (57,861 ds/min), 236,309 states left on queue.
Checking temporal properties for the current state space with 1626955 total distinct states at (2024-04-21 10:51:15)
Finished checking temporal properties in 30s at 2024-04-21 10:51:45
Progress(43) at 2024-04-21 10:51:45: 13,403,984 states generated (639,725 s/min), 1,885,656 distinct states found (57,944 ds/min), 258,700 states left on queue.
Progress(44) at 2024-04-21 10:52:45: 14,038,098 states generated (634,114 s/min), 1,940,947 distinct states found (55,291 ds/min), 277,749 states left on queue.
Progress(44) at 2024-04-21 10:53:45: 14,663,917 states generated (625,819 s/min), 1,996,376 distinct states found (55,429 ds/min), 292,021 states left on queue.
Progress(44) at 2024-04-21 10:54:45: 15,291,466 states generated (627,549 s/min), 2,051,958 distinct states found (55,582 ds/min), 306,345 states left on queue.
Progress(44) at 2024-04-21 10:55:45: 15,917,974 states generated (626,508 s/min), 2,107,959 distinct states found (56,001 ds/min), 320,823 states left on queue.
Checking temporal properties for the current state space with 1827118 total distinct states at (2024-04-21 10:56:45)
Finished checking temporal properties in 35s at 2024-04-21 10:57:21
Checkpointing of run states\24-04-21-10-26-42
Checkpointing completed at (2024-04-21 10:57:21)
Progress(44) at 2024-04-21 10:57:21: 16,522,328 states generated (604,354 s/min), 2,162,059 distinct states found (54,100 ds/min), 334,905 states left on queue.
Progress(44) at 2024-04-21 10:58:21: 17,166,461 states generated (644,133 s/min), 2,219,188 distinct states found (57,129 ds/min), 349,616 states left on queue.
Progress(44) at 2024-04-21 10:59:21: 17,773,845 states generated (607,384 s/min), 2,272,968 distinct states found (53,780 ds/min), 363,481 states left on queue.
Progress(45) at 2024-04-21 11:00:21: 18,393,875 states generated (620,030 s/min), 2,326,432 distinct states found (53,464 ds/min), 372,035 states left on queue.
Progress(45) at 2024-04-21 11:01:21: 19,024,671 states generated (630,796 s/min), 2,382,554 distinct states found (56,122 ds/min), 378,274 states left on queue.
Checking temporal properties for the current state space with 2056068 total distinct states at (2024-04-21 11:02:21)
Finished checking temporal properties in 39s at 2024-04-21 11:03:00
Progress(45) at 2024-04-21 11:03:00: 19,679,752 states generated (655,081 s/min), 2,440,612 distinct states found (58,058 ds/min), 384,543 states left on queue.
Progress(45) at 2024-04-21 11:04:00: 20,336,163 states generated (656,411 s/min), 2,499,552 distinct states found (58,940 ds/min), 391,273 states left on queue.
Progress(45) at 2024-04-21 11:05:00: 20,961,475 states generated (625,312 s/min), 2,555,554 distinct states found (56,002 ds/min), 397,577 states left on queue.
Progress(45) at 2024-04-21 11:06:00: 21,586,993 states generated (625,518 s/min), 2,611,530 distinct states found (55,976 ds/min), 403,866 states left on queue.
Progress(45) at 2024-04-21 11:07:00: 22,240,374 states generated (653,381 s/min), 2,669,189 distinct states found (57,659 ds/min), 410,133 states left on queue.
Checking temporal properties for the current state space with 2315058 total distinct states at (2024-04-21 11:08:00)
Finished checking temporal properties in 45s at 2024-04-21 11:08:46
Progress(46) at 2024-04-21 11:08:46: 22,906,957 states generated (666,583 s/min), 2,727,728 distinct states found (58,539 ds/min), 412,669 states left on queue.
Progress(46) at 2024-04-21 11:09:46: 23,603,350 states generated (696,393 s/min), 2,791,142 distinct states found (63,414 ds/min), 408,673 states left on queue.
Progress(46) at 2024-04-21 11:10:46: 24,256,669 states generated (653,319 s/min), 2,850,838 distinct states found (59,696 ds/min), 404,902 states left on queue.
Progress(46) at 2024-04-21 11:11:46: 24,908,688 states generated (652,019 s/min), 2,910,627 distinct states found (59,789 ds/min), 401,317 states left on queue.
Checking temporal properties for the current state space with 2571179 total distinct states at (2024-04-21 11:12:46)
Finished checking temporal properties in 50s at 2024-04-21 11:13:36
Progress(46) at 2024-04-21 11:13:36: 25,544,432 states generated (635,744 s/min), 2,968,949 distinct states found (58,322 ds/min), 397,769 states left on queue.
Progress(46) at 2024-04-21 11:14:36: 26,219,921 states generated (675,489 s/min), 3,030,562 distinct states found (61,613 ds/min), 393,976 states left on queue.
Progress(46) at 2024-04-21 11:15:36: 26,883,035 states generated (663,114 s/min), 3,090,634 distinct states found (60,072 ds/min), 389,946 states left on queue.
Progress(47) at 2024-04-21 11:16:36: 27,562,096 states generated (679,061 s/min), 3,155,551 distinct states found (64,917 ds/min), 373,305 states left on queue.
Checking temporal properties for the current state space with 2866251 total distinct states at (2024-04-21 11:17:36)
Finished checking temporal properties in 56s at 2024-04-21 11:18:32
Progress(47) at 2024-04-21 11:18:32: 28,244,457 states generated (682,361 s/min), 3,221,611 distinct states found (66,060 ds/min), 355,358 states left on queue.
Progress(47) at 2024-04-21 11:19:33: 28,936,329 states generated (691,872 s/min), 3,288,836 distinct states found (67,225 ds/min), 337,288 states left on queue.
Progress(47) at 2024-04-21 11:20:33: 29,578,435 states generated (642,106 s/min), 3,351,044 distinct states found (62,208 ds/min), 320,340 states left on queue.
Progress(48) at 2024-04-21 11:21:33: 30,278,819 states generated (700,384 s/min), 3,420,277 distinct states found (69,233 ds/min), 296,487 states left on queue.
Checking temporal properties for the current state space with 3241600 total distinct states at (2024-04-21 11:22:33)
Finished checking temporal properties in 01min 02s at 2024-04-21 11:23:35
Progress(48) at 2024-04-21 11:23:35: 30,988,431 states generated (709,612 s/min), 3,496,974 distinct states found (76,697 ds/min), 255,373 states left on queue.
Progress(48) at 2024-04-21 11:24:35: 31,755,665 states generated (767,234 s/min), 3,579,898 distinct states found (82,924 ds/min), 211,110 states left on queue.
Progress(49) at 2024-04-21 11:25:35: 32,472,184 states generated (716,519 s/min), 3,668,614 distinct states found (88,716 ds/min), 139,876 states left on queue.
Progress(52) at 2024-04-21 11:26:27: 33,059,388 states generated, 3,766,026 distinct states found, 0 states left on queue.
Checking temporal properties for the complete state space with 3766026 total distinct states at (2024-04-21 11:26:27)
Finished checking temporal properties in 01min 09s at 2024-04-21 11:27:37
Model checking completed. No error has been found.
  Estimates of the probability that TLC did not check all reachable states
  because two distinct states had the same fingerprint:
  calculated (optimistic):  val = 6.0E-6
  based on the actual fingerprints:  val = 1.7E-6
33059388 states generated, 3766026 distinct states found, 0 states left on queue.
The depth of the complete state graph search is 52.
The average outdegree of the complete state graph is 1 (minimum is 0, the maximum 11 and the 95th percentile is 3).
Finished in 01h 00min at (2024-04-21 11:27:37)
