TLC2 Version 2.17 of 02 February 2022 (rev: 3c7caa5)
Warning: Please run the Java VM which executes TLC with a throughput optimized garbage collector by passing the "-XX:+UseParallelGC" property.
(Use the -nowarning option to disable this warning.)
Running breadth-first search Model-Checking with fp 10 and seed 148011080361994397 with 6 workers on 12 cores with 3936MB heap and 64MB offheap memory [pid: 3908] (Windows 11 10.0 amd64, Oracle Corporation 17.0.3.1 x86_64, MSBDiskFPSet, DiskStateQueue).
Parsing file D:\Data Collection\BenOrAbstByzCCL.tla
Parsing file C:\Users\marij\AppData\Local\Temp\TLC.tla
Parsing file C:\Users\marij\AppData\Local\Temp\Integers.tla
Parsing file C:\Users\marij\AppData\Local\Temp\FiniteSets.tla
Parsing file C:\Users\marij\AppData\Local\Temp\Naturals.tla
Parsing file C:\Users\marij\AppData\Local\Temp\Sequences.tla
Semantic processing of module Naturals
Semantic processing of module Sequences
Semantic processing of module FiniteSets
Semantic processing of module TLC
Semantic processing of module Integers
Semantic processing of module BenOrAbstByzCCL
Starting... (2024-04-23 00:13:54)
Implied-temporal checking--satisfiability problem has 1 branches.
Computing initial states...
Computed 2 initial states...
Computed 4 initial states...
Computed 8 initial states...
Computed 16 initial states...
Computed 32 initial states...
Computed 64 initial states...
Computed 128 initial states...
Computed 256 initial states...
Finished computing initial states: 512 distinct states generated at 2024-04-23 00:13:55.
Checking temporal properties for the current state space with 4091 total distinct states at (2024-04-23 00:13:58)
Finished checking temporal properties in 00s at 2024-04-23 00:13:58
Progress(3) at 2024-04-23 00:13:58: 33,757 states generated (33,757 s/min), 19,453 distinct states found (19,453 ds/min), 15,360 states left on queue.
Checking temporal properties for the current state space with 184923 total distinct states at (2024-04-23 00:14:58)
Finished checking temporal properties in 02s at 2024-04-23 00:15:00
Progress(7) at 2024-04-23 00:15:00: 967,029 states generated (933,272 s/min), 231,501 distinct states found (212,048 ds/min), 46,572 states left on queue.
Checking temporal properties for the current state space with 297693 total distinct states at (2024-04-23 00:16:00)
Finished checking temporal properties in 05s at 2024-04-23 00:16:06
Progress(14) at 2024-04-23 00:16:06: 2,106,267 states generated (1,139,238 s/min), 368,300 distinct states found (136,799 ds/min), 70,603 states left on queue.
Checking temporal properties for the current state space with 343322 total distinct states at (2024-04-23 00:17:06)
Finished checking temporal properties in 05s at 2024-04-23 00:17:12
Progress(14) at 2024-04-23 00:17:12: 3,254,919 states generated (1,148,652 s/min), 492,686 distinct states found (124,386 ds/min), 149,360 states left on queue.
Checking temporal properties for the current state space with 394152 total distinct states at (2024-04-23 00:18:12)
Finished checking temporal properties in 06s at 2024-04-23 00:18:18
Progress(15) at 2024-04-23 00:18:18: 4,442,054 states generated (1,187,135 s/min), 611,301 distinct states found (118,615 ds/min), 217,143 states left on queue.
Checking temporal properties for the current state space with 449714 total distinct states at (2024-04-23 00:19:18)
Finished checking temporal properties in 07s at 2024-04-23 00:19:26
Progress(15) at 2024-04-23 00:19:26: 5,490,072 states generated (1,048,018 s/min), 731,061 distinct states found (119,760 ds/min), 281,343 states left on queue.
Checking temporal properties for the current state space with 501692 total distinct states at (2024-04-23 00:20:26)
Finished checking temporal properties in 08s at 2024-04-23 00:20:35
Progress(15) at 2024-04-23 00:20:35: 6,636,504 states generated (1,146,432 s/min), 842,820 distinct states found (111,759 ds/min), 341,127 states left on queue.
Checking temporal properties for the current state space with 561171 total distinct states at (2024-04-23 00:21:35)
Finished checking temporal properties in 10s at 2024-04-23 00:21:45
Progress(16) at 2024-04-23 00:21:45: 7,830,696 states generated (1,194,192 s/min), 957,194 distinct states found (114,374 ds/min), 396,018 states left on queue.
Checking temporal properties for the current state space with 624908 total distinct states at (2024-04-23 00:22:45)
Finished checking temporal properties in 11s at 2024-04-23 00:22:56
Progress(16) at 2024-04-23 00:22:56: 8,863,212 states generated (1,032,516 s/min), 1,075,849 distinct states found (118,655 ds/min), 450,938 states left on queue.
Checking temporal properties for the current state space with 687912 total distinct states at (2024-04-23 00:23:56)
Finished checking temporal properties in 12s at 2024-04-23 00:24:09
Progress(16) at 2024-04-23 00:24:09: 9,914,434 states generated (1,051,222 s/min), 1,190,469 distinct states found (114,620 ds/min), 502,554 states left on queue.
Progress(16) at 2024-04-23 00:25:09: 10,939,554 states generated (1,025,120 s/min), 1,307,652 distinct states found (117,183 ds/min), 551,966 states left on queue.
Checking temporal properties for the current state space with 814428 total distinct states at (2024-04-23 00:26:09)
Finished checking temporal properties in 15s at 2024-04-23 00:26:25
Progress(16) at 2024-04-23 00:26:25: 12,021,962 states generated (1,082,408 s/min), 1,413,341 distinct states found (105,689 ds/min), 598,912 states left on queue.
Progress(17) at 2024-04-23 00:27:25: 13,218,635 states generated (1,196,673 s/min), 1,522,669 distinct states found (109,328 ds/min), 646,673 states left on queue.
Checking temporal properties for the current state space with 947215 total distinct states at (2024-04-23 00:28:25)
Finished checking temporal properties in 17s at 2024-04-23 00:28:43
Progress(17) at 2024-04-23 00:28:43: 14,291,200 states generated (1,072,565 s/min), 1,634,620 distinct states found (111,951 ds/min), 687,405 states left on queue.
Progress(17) at 2024-04-23 00:29:43: 15,331,300 states generated (1,040,100 s/min), 1,751,334 distinct states found (116,714 ds/min), 730,358 states left on queue.
Checking temporal properties for the current state space with 1092626 total distinct states at (2024-04-23 00:30:43)
Finished checking temporal properties in 20s at 2024-04-23 00:31:04
Progress(17) at 2024-04-23 00:31:04: 16,322,835 states generated (991,535 s/min), 1,861,861 distinct states found (110,527 ds/min), 769,229 states left on queue.
Progress(17) at 2024-04-23 00:32:04: 17,337,383 states generated (1,014,548 s/min), 1,976,041 distinct states found (114,180 ds/min), 809,189 states left on queue.
Checking temporal properties for the current state space with 1243848 total distinct states at (2024-04-23 00:33:04)
Finished checking temporal properties in 23s at 2024-04-23 00:33:27
Progress(17) at 2024-04-23 00:33:27: 18,305,354 states generated (967,971 s/min), 2,089,750 distinct states found (113,709 ds/min), 845,898 states left on queue.
Progress(17) at 2024-04-23 00:34:27: 19,332,599 states generated (1,027,245 s/min), 2,203,117 distinct states found (113,367 ds/min), 882,966 states left on queue.
Checking temporal properties for the current state space with 1389311 total distinct states at (2024-04-23 00:35:27)
Finished checking temporal properties in 26s at 2024-04-23 00:35:54
Progress(17) at 2024-04-23 00:35:54: 20,368,601 states generated (1,036,002 s/min), 2,308,672 distinct states found (105,555 ds/min), 919,357 states left on queue.
Progress(17) at 2024-04-23 00:36:54: 21,505,251 states generated (1,136,650 s/min), 2,419,166 distinct states found (110,494 ds/min), 958,818 states left on queue.
Checking temporal properties for the current state space with 1533746 total distinct states at (2024-04-23 00:37:54)
Finished checking temporal properties in 29s at 2024-04-23 00:38:24
Progress(18) at 2024-04-23 00:38:24: 22,633,503 states generated (1,128,252 s/min), 2,526,227 distinct states found (107,061 ds/min), 992,480 states left on queue.
Progress(18) at 2024-04-23 00:39:24: 23,671,009 states generated (1,037,506 s/min), 2,641,042 distinct states found (114,815 ds/min), 1,022,586 states left on queue.
Checking temporal properties for the current state space with 1701903 total distinct states at (2024-04-23 00:40:24)
Finished checking temporal properties in 32s at 2024-04-23 00:40:56
Progress(18) at 2024-04-23 00:40:56: 24,651,148 states generated (980,139 s/min), 2,753,790 distinct states found (112,748 ds/min), 1,051,883 states left on queue.
Progress(18) at 2024-04-23 00:41:56: 25,689,903 states generated (1,038,755 s/min), 2,868,675 distinct states found (114,885 ds/min), 1,080,446 states left on queue.
Progress(18) at 2024-04-23 00:42:56: 26,671,910 states generated (982,007 s/min), 2,979,381 distinct states found (110,706 ds/min), 1,107,490 states left on queue.
Checking temporal properties for the current state space with 1953840 total distinct states at (2024-04-23 00:43:56)
Finished checking temporal properties in 37s at 2024-04-23 00:44:33
Checkpointing of run states\24-04-23-00-13-54
Checkpointing completed at (2024-04-23 00:44:34)
Progress(18) at 2024-04-23 00:44:34: 27,627,470 states generated (955,560 s/min), 3,087,064 distinct states found (107,683 ds/min), 1,133,204 states left on queue.
Progress(18) at 2024-04-23 00:45:34: 28,609,289 states generated (981,819 s/min), 3,203,089 distinct states found (116,025 ds/min), 1,158,410 states left on queue.
Progress(18) at 2024-04-23 00:46:34: 29,539,901 states generated (930,612 s/min), 3,316,763 distinct states found (113,674 ds/min), 1,182,093 states left on queue.
Checking temporal properties for the current state space with 2217237 total distinct states at (2024-04-23 00:47:34)
Finished checking temporal properties in 44s at 2024-04-23 00:48:18
Progress(18) at 2024-04-23 00:48:18: 30,546,762 states generated (1,006,861 s/min), 3,426,206 distinct states found (109,443 ds/min), 1,208,964 states left on queue.
Progress(18) at 2024-04-23 00:49:18: 31,553,510 states generated (1,006,748 s/min), 3,531,120 distinct states found (104,914 ds/min), 1,233,707 states left on queue.
Progress(18) at 2024-04-23 00:50:18: 32,590,266 states generated (1,036,756 s/min), 3,637,438 distinct states found (106,318 ds/min), 1,259,816 states left on queue.
Checking temporal properties for the current state space with 2457284 total distinct states at (2024-04-23 00:51:18)
Finished checking temporal properties in 47s at 2024-04-23 00:52:06
Progress(18) at 2024-04-23 00:52:06: 33,652,004 states generated (1,061,738 s/min), 3,744,448 distinct states found (107,010 ds/min), 1,287,163 states left on queue.
Progress(19) at 2024-04-23 00:53:06: 34,776,284 states generated (1,124,280 s/min), 3,856,364 distinct states found (111,916 ds/min), 1,305,413 states left on queue.
Progress(19) at 2024-04-23 00:54:06: 35,735,638 states generated (959,354 s/min), 3,970,049 distinct states found (113,685 ds/min), 1,323,594 states left on queue.
Checking temporal properties for the current state space with 2741668 total distinct states at (2024-04-23 00:55:06)
Finished checking temporal properties in 52s at 2024-04-23 00:55:58
Progress(19) at 2024-04-23 00:55:58: 36,700,471 states generated (964,833 s/min), 4,080,579 distinct states found (110,530 ds/min), 1,338,910 states left on queue.
Progress(19) at 2024-04-23 00:56:58: 37,715,580 states generated (1,015,109 s/min), 4,195,097 distinct states found (114,518 ds/min), 1,353,299 states left on queue.
Progress(19) at 2024-04-23 00:57:58: 38,640,318 states generated (924,738 s/min), 4,302,670 distinct states found (107,573 ds/min), 1,363,974 states left on queue.
Checking temporal properties for the current state space with 3030516 total distinct states at (2024-04-23 00:58:58)
Finished checking temporal properties in 59s at 2024-04-23 00:59:57
Progress(19) at 2024-04-23 00:59:57: 39,588,073 states generated (947,755 s/min), 4,409,271 distinct states found (106,601 ds/min), 1,378,751 states left on queue.
Progress(19) at 2024-04-23 01:00:57: 40,552,770 states generated (964,697 s/min), 4,520,680 distinct states found (111,409 ds/min), 1,390,796 states left on queue.
Progress(19) at 2024-04-23 01:01:57: 41,487,621 states generated (934,851 s/min), 4,630,778 distinct states found (110,098 ds/min), 1,400,233 states left on queue.
Progress(19) at 2024-04-23 01:02:57: 42,380,733 states generated (893,112 s/min), 4,744,147 distinct states found (113,369 ds/min), 1,413,383 states left on queue.
Checking temporal properties for the current state space with 3425586 total distinct states at (2024-04-23 01:03:57)
Finished checking temporal properties in 01min 07s at 2024-04-23 01:05:05
Progress(19) at 2024-04-23 01:05:05: 43,344,090 states generated (963,357 s/min), 4,852,984 distinct states found (108,837 ds/min), 1,427,396 states left on queue.
Progress(19) at 2024-04-23 01:06:05: 44,370,863 states generated (1,026,773 s/min), 4,963,996 distinct states found (111,012 ds/min), 1,440,682 states left on queue.
Progress(19) at 2024-04-23 01:07:05: 45,368,338 states generated (997,475 s/min), 5,070,616 distinct states found (106,620 ds/min), 1,455,727 states left on queue.
Progress(19) at 2024-04-23 01:08:05: 46,371,475 states generated (1,003,137 s/min), 5,177,256 distinct states found (106,640 ds/min), 1,470,158 states left on queue.
Checking temporal properties for the current state space with 3798864 total distinct states at (2024-04-23 01:09:05)
Finished checking temporal properties in 01min 12s at 2024-04-23 01:10:17
Progress(19) at 2024-04-23 01:10:17: 47,385,775 states generated (1,014,300 s/min), 5,281,233 distinct states found (103,977 ds/min), 1,482,368 states left on queue.
Progress(20) at 2024-04-23 01:11:17: 48,422,658 states generated (1,036,883 s/min), 5,399,998 distinct states found (118,765 ds/min), 1,482,923 states left on queue.
Progress(20) at 2024-04-23 01:12:17: 49,374,890 states generated (952,232 s/min), 5,511,817 distinct states found (111,819 ds/min), 1,484,347 states left on queue.
Progress(20) at 2024-04-23 01:13:17: 50,322,158 states generated (947,268 s/min), 5,620,500 distinct states found (108,683 ds/min), 1,481,988 states left on queue.
Checking temporal properties for the current state space with 4249192 total distinct states at (2024-04-23 01:14:17)
Finished checking temporal properties in 01min 20s at 2024-04-23 01:15:38
Checkpointing of run states\24-04-23-00-13-54
Checkpointing completed at (2024-04-23 01:15:38)
Progress(20) at 2024-04-23 01:15:38: 51,267,734 states generated (945,576 s/min), 5,728,692 distinct states found (108,192 ds/min), 1,479,300 states left on queue.
Progress(20) at 2024-04-23 01:16:38: 52,261,674 states generated (993,940 s/min), 5,843,452 distinct states found (114,760 ds/min), 1,477,964 states left on queue.
Progress(20) at 2024-04-23 01:17:38: 53,192,063 states generated (930,389 s/min), 5,948,783 distinct states found (105,331 ds/min), 1,474,669 states left on queue.
Progress(20) at 2024-04-23 01:18:38: 54,101,256 states generated (909,193 s/min), 6,058,915 distinct states found (110,132 ds/min), 1,472,303 states left on queue.
Checking temporal properties for the current state space with 4704469 total distinct states at (2024-04-23 01:19:38)
Finished checking temporal properties in 01min 32s at 2024-04-23 01:21:10
Progress(20) at 2024-04-23 01:21:10: 54,976,036 states generated (874,780 s/min), 6,172,864 distinct states found (113,949 ds/min), 1,468,393 states left on queue.
Progress(20) at 2024-04-23 01:22:10: 55,982,125 states generated (1,006,089 s/min), 6,290,024 distinct states found (117,160 ds/min), 1,468,352 states left on queue.
Progress(20) at 2024-04-23 01:23:10: 56,933,928 states generated (951,803 s/min), 6,395,244 distinct states found (105,220 ds/min), 1,467,824 states left on queue.
Progress(20) at 2024-04-23 01:24:10: 57,874,204 states generated (940,276 s/min), 6,502,169 distinct states found (106,925 ds/min), 1,468,470 states left on queue.
Progress(20) at 2024-04-23 01:25:11: 58,833,539 states generated (959,335 s/min), 6,609,305 distinct states found (107,136 ds/min), 1,469,282 states left on queue.
Checking temporal properties for the current state space with 5245853 total distinct states at (2024-04-23 01:26:11)
Finished checking temporal properties in 01min 42s at 2024-04-23 01:27:53
Progress(20) at 2024-04-23 01:27:53: 59,802,583 states generated (969,044 s/min), 6,715,175 distinct states found (105,870 ds/min), 1,469,321 states left on queue.
Progress(21) at 2024-04-23 01:28:53: 60,828,524 states generated (1,025,941 s/min), 6,829,463 distinct states found (114,288 ds/min), 1,455,861 states left on queue.
Progress(21) at 2024-04-23 01:29:53: 61,746,566 states generated (918,042 s/min), 6,938,499 distinct states found (109,036 ds/min), 1,440,587 states left on queue.
Progress(21) at 2024-04-23 01:30:53: 62,649,990 states generated (903,424 s/min), 7,043,273 distinct states found (104,774 ds/min), 1,421,480 states left on queue.
Progress(21) at 2024-04-23 01:31:53: 63,585,688 states generated (935,698 s/min), 7,150,186 distinct states found (106,913 ds/min), 1,401,390 states left on queue.
Checking temporal properties for the current state space with 5874901 total distinct states at (2024-04-23 01:32:53)
Finished checking temporal properties in 01min 51s at 2024-04-23 01:34:45
Progress(21) at 2024-04-23 01:34:45: 64,503,731 states generated (918,043 s/min), 7,258,356 distinct states found (108,170 ds/min), 1,383,454 states left on queue.
Progress(21) at 2024-04-23 01:35:45: 65,491,304 states generated (987,573 s/min), 7,371,757 distinct states found (113,401 ds/min), 1,362,508 states left on queue.
Progress(21) at 2024-04-23 01:36:45: 66,366,792 states generated (875,488 s/min), 7,485,519 distinct states found (113,762 ds/min), 1,342,061 states left on queue.
Progress(21) at 2024-04-23 01:37:45: 67,276,426 states generated (909,634 s/min), 7,596,295 distinct states found (110,776 ds/min), 1,326,066 states left on queue.
Progress(21) at 2024-04-23 01:38:45: 68,212,849 states generated (936,423 s/min), 7,701,862 distinct states found (105,567 ds/min), 1,309,135 states left on queue.
Checking temporal properties for the current state space with 6515959 total distinct states at (2024-04-23 01:39:45)
Finished checking temporal properties in 02min 03s at 2024-04-23 01:41:49
Progress(21) at 2024-04-23 01:41:49: 69,134,541 states generated (921,692 s/min), 7,809,946 distinct states found (108,084 ds/min), 1,293,981 states left on queue.
Progress(21) at 2024-04-23 01:42:49: 70,147,076 states generated (1,012,535 s/min), 7,924,512 distinct states found (114,566 ds/min), 1,276,766 states left on queue.
Progress(22) at 2024-04-23 01:43:49: 71,099,290 states generated (952,214 s/min), 8,029,476 distinct states found (104,964 ds/min), 1,253,993 states left on queue.
Checkpointing of run states\24-04-23-00-13-54
Checkpointing completed at (2024-04-23 01:44:49)
Progress(22) at 2024-04-23 01:44:49: 72,006,786 states generated (907,496 s/min), 8,139,158 distinct states found (109,682 ds/min), 1,220,264 states left on queue.
Progress(22) at 2024-04-23 01:45:49: 72,937,085 states generated (930,299 s/min), 8,246,846 distinct states found (107,688 ds/min), 1,180,017 states left on queue.
Progress(22) at 2024-04-23 01:46:49: 73,848,040 states generated (910,955 s/min), 8,353,500 distinct states found (106,654 ds/min), 1,141,781 states left on queue.
Progress(22) at 2024-04-23 01:47:49: 74,757,675 states generated (909,635 s/min), 8,459,594 distinct states found (106,094 ds/min), 1,103,629 states left on queue.
Progress(22) at 2024-04-23 01:48:49: 75,633,720 states generated (876,045 s/min), 8,570,173 distinct states found (110,579 ds/min), 1,064,760 states left on queue.
Checking temporal properties for the current state space with 7648272 total distinct states at (2024-04-23 01:49:49)
Finished checking temporal properties in 02min 33s at 2024-04-23 01:52:23
Progress(22) at 2024-04-23 01:52:23: 76,539,465 states generated (905,745 s/min), 8,677,920 distinct states found (107,747 ds/min), 1,029,646 states left on queue.
Progress(22) at 2024-04-23 01:53:23: 77,510,845 states generated (971,380 s/min), 8,792,165 distinct states found (114,245 ds/min), 991,553 states left on queue.
Progress(22) at 2024-04-23 01:54:23: 78,425,949 states generated (915,104 s/min), 8,897,818 distinct states found (105,653 ds/min), 956,467 states left on queue.
Progress(23) at 2024-04-23 01:55:23: 79,357,153 states generated (931,204 s/min), 9,006,730 distinct states found (108,912 ds/min), 907,936 states left on queue.
Progress(23) at 2024-04-23 01:56:23: 80,281,284 states generated (924,131 s/min), 9,112,840 distinct states found (106,110 ds/min), 844,160 states left on queue.
Progress(23) at 2024-04-23 01:57:23: 81,173,703 states generated (892,419 s/min), 9,217,289 distinct states found (104,449 ds/min), 783,462 states left on queue.
Progress(23) at 2024-04-23 01:58:23: 82,048,685 states generated (874,982 s/min), 9,324,525 distinct states found (107,236 ds/min), 723,330 states left on queue.
Progress(23) at 2024-04-23 01:59:23: 82,932,557 states generated (883,872 s/min), 9,429,413 distinct states found (104,888 ds/min), 665,070 states left on queue.
Progress(23) at 2024-04-23 02:00:23: 83,825,156 states generated (892,599 s/min), 9,533,861 distinct states found (104,448 ds/min), 607,232 states left on queue.
Progress(24) at 2024-04-23 02:01:23: 84,741,613 states generated (916,457 s/min), 9,639,620 distinct states found (105,759 ds/min), 519,887 states left on queue.
Checking temporal properties for the current state space with 9310711 total distinct states at (2024-04-23 02:02:23)
Finished checking temporal properties in 03min 04s at 2024-04-23 02:05:27
Progress(24) at 2024-04-23 02:05:27: 85,610,378 states generated (868,765 s/min), 9,742,825 distinct states found (103,205 ds/min), 432,113 states left on queue.
Progress(24) at 2024-04-23 02:06:27: 86,545,863 states generated (935,485 s/min), 9,852,891 distinct states found (110,066 ds/min), 340,114 states left on queue.
Progress(25) at 2024-04-23 02:07:27: 87,421,426 states generated (875,563 s/min), 9,954,259 distinct states found (101,368 ds/min), 222,563 states left on queue.
Progress(26) at 2024-04-23 02:08:27: 88,264,127 states generated (842,701 s/min), 10,051,751 distinct states found (97,492 ds/min), 85,927 states left on queue.
Progress(34) at 2024-04-23 02:09:27: 89,064,361 states generated (800,234 s/min), 10,220,103 distinct states found (168,352 ds/min), 48,705 states left on queue.
Progress(41) at 2024-04-23 02:10:27: 90,281,272 states generated (1,216,911 s/min), 10,372,881 distinct states found (152,778 ds/min), 48,753 states left on queue.
Progress(42) at 2024-04-23 02:11:27: 91,934,370 states generated (1,653,098 s/min), 10,499,956 distinct states found (127,075 ds/min), 132,504 states left on queue.
Progress(42) at 2024-04-23 02:12:27: 93,523,705 states generated (1,589,335 s/min), 10,620,035 distinct states found (120,079 ds/min), 204,979 states left on queue.
Progress(42) at 2024-04-23 02:13:27: 95,120,724 states generated (1,597,019 s/min), 10,740,503 distinct states found (120,468 ds/min), 278,498 states left on queue.
Progress(43) at 2024-04-23 02:14:27: 96,661,143 states generated (1,540,419 s/min), 10,858,624 distinct states found (118,121 ds/min), 343,605 states left on queue.
Checkpointing of run states\24-04-23-00-13-54
Checkpointing completed at (2024-04-23 02:15:27)
Progress(43) at 2024-04-23 02:15:27: 98,177,150 states generated (1,516,007 s/min), 10,974,410 distinct states found (115,786 ds/min), 403,638 states left on queue.
Progress(43) at 2024-04-23 02:16:27: 99,689,658 states generated (1,512,508 s/min), 11,089,765 distinct states found (115,355 ds/min), 463,759 states left on queue.
Checking temporal properties for the current state space with 10680520 total distinct states at (2024-04-23 02:17:27)
Finished checking temporal properties in 03min 32s at 2024-04-23 02:21:00
Progress(43) at 2024-04-23 02:21:00: 101,214,686 states generated (1,525,028 s/min), 11,206,062 distinct states found (116,297 ds/min), 525,540 states left on queue.
Progress(43) at 2024-04-23 02:22:00: 102,857,926 states generated (1,643,240 s/min), 11,331,442 distinct states found (125,380 ds/min), 590,599 states left on queue.
Progress(44) at 2024-04-23 02:23:00: 104,352,716 states generated (1,494,790 s/min), 11,447,313 distinct states found (115,871 ds/min), 648,444 states left on queue.
Progress(44) at 2024-04-23 02:24:00: 105,786,435 states generated (1,433,719 s/min), 11,560,913 distinct states found (113,600 ds/min), 696,747 states left on queue.
Progress(44) at 2024-04-23 02:25:00: 107,218,511 states generated (1,432,076 s/min), 11,674,914 distinct states found (114,001 ds/min), 745,484 states left on queue.
Progress(44) at 2024-04-23 02:26:00: 108,653,937 states generated (1,435,426 s/min), 11,788,178 distinct states found (113,264 ds/min), 794,277 states left on queue.
Progress(44) at 2024-04-23 02:27:00: 110,092,664 states generated (1,438,727 s/min), 11,901,119 distinct states found (112,941 ds/min), 842,608 states left on queue.
Progress(44) at 2024-04-23 02:28:00: 111,541,098 states generated (1,448,434 s/min), 12,014,669 distinct states found (113,550 ds/min), 893,440 states left on queue.
Progress(44) at 2024-04-23 02:29:00: 112,980,654 states generated (1,439,556 s/min), 12,127,672 distinct states found (113,003 ds/min), 942,491 states left on queue.
Progress(44) at 2024-04-23 02:30:00: 114,409,262 states generated (1,428,608 s/min), 12,240,740 distinct states found (113,068 ds/min), 990,809 states left on queue.
Progress(44) at 2024-04-23 02:31:00: 115,833,203 states generated (1,423,941 s/min), 12,353,243 distinct states found (112,503 ds/min), 1,038,870 states left on queue.
Progress(44) at 2024-04-23 02:32:00: 117,259,518 states generated (1,426,315 s/min), 12,466,291 distinct states found (113,048 ds/min), 1,087,060 states left on queue.
Progress(45) at 2024-04-23 02:33:00: 118,664,676 states generated (1,405,158 s/min), 12,579,054 distinct states found (112,763 ds/min), 1,131,617 states left on queue.
Progress(45) at 2024-04-23 02:34:00: 120,014,043 states generated (1,349,367 s/min), 12,692,175 distinct states found (113,121 ds/min), 1,169,085 states left on queue.
Progress(45) at 2024-04-23 02:35:00: 121,368,727 states generated (1,354,684 s/min), 12,803,672 distinct states found (111,497 ds/min), 1,205,112 states left on queue.
Progress(45) at 2024-04-23 02:36:00: 122,721,612 states generated (1,352,885 s/min), 12,916,064 distinct states found (112,392 ds/min), 1,241,879 states left on queue.
Checking temporal properties for the current state space with 11749225 total distinct states at (2024-04-23 02:37:00)
Finished checking temporal properties in 03min 52s at 2024-04-23 02:40:52
Progress(45) at 2024-04-23 02:40:52: 124,083,556 states generated (1,361,944 s/min), 13,027,986 distinct states found (111,922 ds/min), 1,278,760 states left on queue.
Progress(45) at 2024-04-23 02:41:52: 125,548,526 states generated (1,464,970 s/min), 13,148,224 distinct states found (120,238 ds/min), 1,318,404 states left on queue.
Progress(45) at 2024-04-23 02:42:52: 126,907,389 states generated (1,358,863 s/min), 13,260,568 distinct states found (112,344 ds/min), 1,355,956 states left on queue.
Progress(45) at 2024-04-23 02:43:52: 128,269,608 states generated (1,362,219 s/min), 13,372,636 distinct states found (112,068 ds/min), 1,393,902 states left on queue.
Progress(45) at 2024-04-23 02:44:52: 129,644,128 states generated (1,374,520 s/min), 13,484,760 distinct states found (112,124 ds/min), 1,433,525 states left on queue.
Checkpointing of run states\24-04-23-00-13-54
Checkpointing completed at (2024-04-23 02:45:52)
Progress(45) at 2024-04-23 02:45:52: 131,005,381 states generated (1,361,253 s/min), 13,596,660 distinct states found (111,900 ds/min), 1,470,722 states left on queue.
Progress(45) at 2024-04-23 02:46:52: 132,340,590 states generated (1,335,209 s/min), 13,706,609 distinct states found (109,949 ds/min), 1,506,682 states left on queue.
Progress(45) at 2024-04-23 02:47:52: 133,699,759 states generated (1,359,169 s/min), 13,818,810 distinct states found (112,201 ds/min), 1,544,183 states left on queue.
Progress(45) at 2024-04-23 02:48:52: 135,049,364 states generated (1,349,605 s/min), 13,930,908 distinct states found (112,098 ds/min), 1,580,311 states left on queue.
Progress(45) at 2024-04-23 02:49:52: 136,404,760 states generated (1,355,396 s/min), 14,042,640 distinct states found (111,732 ds/min), 1,617,006 states left on queue.
Progress(45) at 2024-04-23 02:50:52: 137,756,394 states generated (1,351,634 s/min), 14,154,507 distinct states found (111,867 ds/min), 1,653,401 states left on queue.
Progress(46) at 2024-04-23 02:51:52: 139,080,563 states generated (1,324,169 s/min), 14,265,434 distinct states found (110,927 ds/min), 1,684,004 states left on queue.
Progress(46) at 2024-04-23 02:52:52: 140,325,024 states generated (1,244,461 s/min), 14,376,817 distinct states found (111,383 ds/min), 1,709,800 states left on queue.
Progress(46) at 2024-04-23 02:53:52: 141,584,936 states generated (1,259,912 s/min), 14,486,779 distinct states found (109,962 ds/min), 1,733,235 states left on queue.
Progress(46) at 2024-04-23 02:54:52: 142,855,571 states generated (1,270,635 s/min), 14,597,210 distinct states found (110,431 ds/min), 1,756,982 states left on queue.
Checking temporal properties for the current state space with 12926805 total distinct states at (2024-04-23 02:55:52)
Finished checking temporal properties in 04min 18s at 2024-04-23 03:00:10
Progress(46) at 2024-04-23 03:00:10: 144,133,533 states generated (1,277,962 s/min), 14,707,615 distinct states found (110,405 ds/min), 1,780,809 states left on queue.
Progress(46) at 2024-04-23 03:01:10: 145,515,841 states generated (1,382,308 s/min), 14,827,957 distinct states found (120,342 ds/min), 1,807,037 states left on queue.
Progress(46) at 2024-04-23 03:02:10: 146,797,421 states generated (1,281,580 s/min), 14,940,121 distinct states found (112,164 ds/min), 1,832,165 states left on queue.
Progress(46) at 2024-04-23 03:03:10: 148,085,343 states generated (1,287,922 s/min), 15,051,273 distinct states found (111,152 ds/min), 1,856,307 states left on queue.
Progress(46) at 2024-04-23 03:04:10: 149,369,105 states generated (1,283,762 s/min), 15,163,248 distinct states found (111,975 ds/min), 1,881,631 states left on queue.
Progress(46) at 2024-04-23 03:05:10: 150,664,385 states generated (1,295,280 s/min), 15,274,899 distinct states found (111,651 ds/min), 1,907,672 states left on queue.
Progress(46) at 2024-04-23 03:06:11: 151,975,052 states generated (1,310,667 s/min), 15,386,972 distinct states found (112,073 ds/min), 1,936,074 states left on queue.
Progress(46) at 2024-04-23 03:07:11: 153,264,990 states generated (1,289,938 s/min), 15,498,771 distinct states found (111,799 ds/min), 1,961,391 states left on queue.
Progress(46) at 2024-04-23 03:08:11: 154,553,815 states generated (1,288,825 s/min), 15,610,332 distinct states found (111,561 ds/min), 1,985,913 states left on queue.
Progress(46) at 2024-04-23 03:09:11: 155,834,971 states generated (1,281,156 s/min), 15,721,363 distinct states found (111,031 ds/min), 2,010,216 states left on queue.
Progress(46) at 2024-04-23 03:10:11: 157,116,021 states generated (1,281,050 s/min), 15,833,293 distinct states found (111,930 ds/min), 2,035,403 states left on queue.
Progress(46) at 2024-04-23 03:11:11: 158,398,232 states generated (1,282,211 s/min), 15,943,989 distinct states found (110,696 ds/min), 2,059,254 states left on queue.
Progress(46) at 2024-04-23 03:12:11: 159,676,340 states generated (1,278,108 s/min), 16,055,772 distinct states found (111,783 ds/min), 2,083,178 states left on queue.
Progress(46) at 2024-04-23 03:13:11: 160,964,291 states generated (1,287,951 s/min), 16,167,623 distinct states found (111,851 ds/min), 2,107,869 states left on queue.
Progress(46) at 2024-04-23 03:14:11: 162,244,115 states generated (1,279,824 s/min), 16,278,646 distinct states found (111,023 ds/min), 2,131,428 states left on queue.
Progress(47) at 2024-04-23 03:15:11: 163,503,428 states generated (1,259,313 s/min), 16,389,680 distinct states found (111,034 ds/min), 2,153,107 states left on queue.
Checking temporal properties for the current state space with 14337380 total distinct states at (2024-04-23 03:16:11)
Finished checking temporal properties in 04min 35s at 2024-04-23 03:20:47
Checkpointing of run states\24-04-23-00-13-54
Checkpointing completed at (2024-04-23 03:20:47)
Progress(47) at 2024-04-23 03:20:47: 164,694,303 states generated (1,190,875 s/min), 16,502,418 distinct states found (112,738 ds/min), 2,164,871 states left on queue.
Progress(47) at 2024-04-23 03:21:47: 165,995,933 states generated (1,301,630 s/min), 16,620,850 distinct states found (118,432 ds/min), 2,176,067 states left on queue.
Progress(47) at 2024-04-23 03:22:47: 167,190,826 states generated (1,194,893 s/min), 16,732,084 distinct states found (111,234 ds/min), 2,185,722 states left on queue.
Progress(47) at 2024-04-23 03:23:47: 168,404,548 states generated (1,213,722 s/min), 16,842,645 distinct states found (110,561 ds/min), 2,196,877 states left on queue.
Progress(47) at 2024-04-23 03:24:47: 169,608,461 states generated (1,203,913 s/min), 16,952,632 distinct states found (109,987 ds/min), 2,206,819 states left on queue.
Progress(47) at 2024-04-23 03:25:47: 170,812,040 states generated (1,203,579 s/min), 17,064,082 distinct states found (111,450 ds/min), 2,218,253 states left on queue.
Progress(47) at 2024-04-23 03:26:47: 172,010,226 states generated (1,198,186 s/min), 17,174,127 distinct states found (110,045 ds/min), 2,228,475 states left on queue.
Progress(47) at 2024-04-23 03:27:47: 173,220,809 states generated (1,210,583 s/min), 17,284,378 distinct states found (110,251 ds/min), 2,239,445 states left on queue.
Progress(47) at 2024-04-23 03:28:47: 174,429,387 states generated (1,208,578 s/min), 17,395,259 distinct states found (110,881 ds/min), 2,250,619 states left on queue.
Progress(47) at 2024-04-23 03:29:47: 175,633,313 states generated (1,203,926 s/min), 17,505,922 distinct states found (110,663 ds/min), 2,262,165 states left on queue.
Progress(47) at 2024-04-23 03:30:47: 176,856,005 states generated (1,222,692 s/min), 17,616,246 distinct states found (110,324 ds/min), 2,277,047 states left on queue.
Progress(47) at 2024-04-23 03:31:47: 178,071,477 states generated (1,215,472 s/min), 17,726,248 distinct states found (110,002 ds/min), 2,289,545 states left on queue.
Progress(47) at 2024-04-23 03:32:47: 179,275,768 states generated (1,204,291 s/min), 17,837,182 distinct states found (110,934 ds/min), 2,300,799 states left on queue.
Progress(47) at 2024-04-23 03:33:47: 180,479,062 states generated (1,203,294 s/min), 17,947,825 distinct states found (110,643 ds/min), 2,311,953 states left on queue.
Progress(47) at 2024-04-23 03:34:47: 181,685,732 states generated (1,206,670 s/min), 18,058,199 distinct states found (110,374 ds/min), 2,322,204 states left on queue.
Progress(47) at 2024-04-23 03:35:47: 182,894,007 states generated (1,208,275 s/min), 18,168,328 distinct states found (110,129 ds/min), 2,333,009 states left on queue.
Progress(47) at 2024-04-23 03:36:47: 184,094,108 states generated (1,200,101 s/min), 18,279,283 distinct states found (110,955 ds/min), 2,344,069 states left on queue.
Progress(47) at 2024-04-23 03:37:47: 185,297,819 states generated (1,203,711 s/min), 18,390,000 distinct states found (110,717 ds/min), 2,353,836 states left on queue.
Progress(47) at 2024-04-23 03:38:47: 186,496,023 states generated (1,198,204 s/min), 18,499,462 distinct states found (109,462 ds/min), 2,364,671 states left on queue.
Checking temporal properties for the current state space with 16233906 total distinct states at (2024-04-23 03:39:47)
Finished checking temporal properties in 05min 23s at 2024-04-23 03:45:11
Progress(47) at 2024-04-23 03:45:11: 187,684,917 states generated (1,188,894 s/min), 18,608,648 distinct states found (109,186 ds/min), 2,374,740 states left on queue.
Checkpointing of run states\24-04-23-00-13-54
Checkpointing completed at (2024-04-23 03:46:11)
Progress(47) at 2024-04-23 03:46:11: 188,977,242 states generated (1,292,325 s/min), 18,728,275 distinct states found (119,627 ds/min), 2,385,554 states left on queue.
Progress(48) at 2024-04-23 03:47:11: 190,125,949 states generated (1,148,707 s/min), 18,838,399 distinct states found (110,124 ds/min), 2,385,062 states left on queue.
Progress(48) at 2024-04-23 03:48:11: 191,251,968 states generated (1,126,019 s/min), 18,949,439 distinct states found (111,040 ds/min), 2,380,766 states left on queue.
Progress(48) at 2024-04-23 03:49:11: 192,385,109 states generated (1,133,141 s/min), 19,058,918 distinct states found (109,479 ds/min), 2,375,580 states left on queue.
Progress(48) at 2024-04-23 03:50:11: 193,512,453 states generated (1,127,344 s/min), 19,169,282 distinct states found (110,364 ds/min), 2,370,416 states left on queue.
Progress(48) at 2024-04-23 03:51:11: 194,647,300 states generated (1,134,847 s/min), 19,279,166 distinct states found (109,884 ds/min), 2,364,816 states left on queue.
Progress(48) at 2024-04-23 03:52:11: 195,781,661 states generated (1,134,361 s/min), 19,389,347 distinct states found (110,181 ds/min), 2,360,396 states left on queue.
Progress(48) at 2024-04-23 03:53:11: 196,915,343 states generated (1,133,682 s/min), 19,499,337 distinct states found (109,990 ds/min), 2,356,148 states left on queue.
Progress(48) at 2024-04-23 03:54:11: 198,048,978 states generated (1,133,635 s/min), 19,609,321 distinct states found (109,984 ds/min), 2,351,172 states left on queue.
Progress(48) at 2024-04-23 03:55:11: 199,184,686 states generated (1,135,708 s/min), 19,719,202 distinct states found (109,881 ds/min), 2,347,030 states left on queue.
Progress(48) at 2024-04-23 03:56:11: 200,321,595 states generated (1,136,909 s/min), 19,828,877 distinct states found (109,675 ds/min), 2,342,856 states left on queue.
Progress(48) at 2024-04-23 03:57:11: 201,472,182 states generated (1,150,587 s/min), 19,939,384 distinct states found (110,507 ds/min), 2,342,060 states left on queue.
Progress(48) at 2024-04-23 03:58:11: 202,623,394 states generated (1,151,212 s/min), 20,049,201 distinct states found (109,817 ds/min), 2,340,104 states left on queue.
Progress(48) at 2024-04-23 03:59:11: 203,760,324 states generated (1,136,930 s/min), 20,159,024 distinct states found (109,823 ds/min), 2,335,900 states left on queue.
Progress(48) at 2024-04-23 04:00:11: 204,892,641 states generated (1,132,317 s/min), 20,268,900 distinct states found (109,876 ds/min), 2,330,921 states left on queue.
Progress(48) at 2024-04-23 04:01:11: 206,027,237 states generated (1,134,596 s/min), 20,378,885 distinct states found (109,985 ds/min), 2,325,788 states left on queue.
Progress(48) at 2024-04-23 04:02:11: 207,160,402 states generated (1,133,165 s/min), 20,488,933 distinct states found (110,048 ds/min), 2,321,992 states left on queue.
Progress(48) at 2024-04-23 04:03:11: 208,293,065 states generated (1,132,663 s/min), 20,598,865 distinct states found (109,932 ds/min), 2,316,978 states left on queue.
Progress(48) at 2024-04-23 04:04:11: 209,424,384 states generated (1,131,319 s/min), 20,708,735 distinct states found (109,870 ds/min), 2,311,842 states left on queue.
Progress(48) at 2024-04-23 04:05:11: 210,555,687 states generated (1,131,303 s/min), 20,818,540 distinct states found (109,805 ds/min), 2,306,829 states left on queue.
Checking temporal properties for the current state space with 18626136 total distinct states at (2024-04-23 04:06:11)
Finished checking temporal properties in 05min 53s at 2024-04-23 04:12:05
Progress(48) at 2024-04-23 04:12:05: 211,681,276 states generated (1,125,589 s/min), 20,928,035 distinct states found (109,495 ds/min), 2,301,898 states left on queue.
Progress(48) at 2024-04-23 04:13:05: 212,904,362 states generated (1,223,086 s/min), 21,047,310 distinct states found (119,275 ds/min), 2,295,544 states left on queue.
Progress(49) at 2024-04-23 04:14:05: 213,972,063 states generated (1,067,701 s/min), 21,157,297 distinct states found (109,987 ds/min), 2,274,625 states left on queue.
Progress(49) at 2024-04-23 04:15:05: 215,036,275 states generated (1,064,212 s/min), 21,267,120 distinct states found (109,823 ds/min), 2,251,420 states left on queue.
Progress(49) at 2024-04-23 04:16:05: 216,102,462 states generated (1,066,187 s/min), 21,376,401 distinct states found (109,281 ds/min), 2,228,685 states left on queue.
Checkpointing of run states\24-04-23-00-13-54
Checkpointing completed at (2024-04-23 04:17:05)
Progress(49) at 2024-04-23 04:17:05: 217,169,652 states generated (1,067,190 s/min), 21,486,004 distinct states found (109,603 ds/min), 2,205,181 states left on queue.
Progress(49) at 2024-04-23 04:18:05: 218,236,491 states generated (1,066,839 s/min), 21,595,892 distinct states found (109,888 ds/min), 2,183,391 states left on queue.
Progress(49) at 2024-04-23 04:19:05: 219,306,861 states generated (1,070,370 s/min), 21,705,128 distinct states found (109,236 ds/min), 2,161,219 states left on queue.
Progress(49) at 2024-04-23 04:20:05: 220,367,869 states generated (1,061,008 s/min), 21,814,395 distinct states found (109,267 ds/min), 2,138,099 states left on queue.
Progress(49) at 2024-04-23 04:21:05: 221,437,234 states generated (1,069,365 s/min), 21,923,660 distinct states found (109,265 ds/min), 2,116,337 states left on queue.
Progress(49) at 2024-04-23 04:22:05: 222,520,046 states generated (1,082,812 s/min), 22,033,126 distinct states found (109,466 ds/min), 2,097,674 states left on queue.
Progress(49) at 2024-04-23 04:23:05: 223,597,707 states generated (1,077,661 s/min), 22,142,886 distinct states found (109,760 ds/min), 2,077,950 states left on queue.
Progress(49) at 2024-04-23 04:24:05: 224,662,165 states generated (1,064,458 s/min), 22,252,549 distinct states found (109,663 ds/min), 2,056,127 states left on queue.
Progress(49) at 2024-04-23 04:25:05: 225,727,432 states generated (1,065,267 s/min), 22,361,377 distinct states found (108,828 ds/min), 2,033,465 states left on queue.
Progress(49) at 2024-04-23 04:26:05: 226,787,542 states generated (1,060,110 s/min), 22,470,323 distinct states found (108,946 ds/min), 2,011,694 states left on queue.
Progress(49) at 2024-04-23 04:27:05: 227,854,718 states generated (1,067,176 s/min), 22,579,904 distinct states found (109,581 ds/min), 1,988,953 states left on queue.
Progress(49) at 2024-04-23 04:28:05: 228,919,905 states generated (1,065,187 s/min), 22,689,413 distinct states found (109,509 ds/min), 1,965,502 states left on queue.
Progress(49) at 2024-04-23 04:29:05: 229,986,713 states generated (1,066,808 s/min), 22,798,712 distinct states found (109,299 ds/min), 1,942,891 states left on queue.
Progress(49) at 2024-04-23 04:30:05: 231,049,823 states generated (1,063,110 s/min), 22,908,163 distinct states found (109,451 ds/min), 1,919,478 states left on queue.
Progress(50) at 2024-04-23 04:31:05: 232,074,266 states generated (1,024,443 s/min), 23,017,219 distinct states found (109,056 ds/min), 1,886,850 states left on queue.
Progress(50) at 2024-04-23 04:32:05: 233,072,363 states generated (998,097 s/min), 23,126,419 distinct states found (109,200 ds/min), 1,842,238 states left on queue.
Progress(50) at 2024-04-23 04:33:05: 234,071,852 states generated (999,489 s/min), 23,235,644 distinct states found (109,225 ds/min), 1,798,266 states left on queue.
Progress(50) at 2024-04-23 04:34:05: 235,066,622 states generated (994,770 s/min), 23,344,440 distinct states found (108,796 ds/min), 1,754,379 states left on queue.
Progress(50) at 2024-04-23 04:35:05: 236,070,095 states generated (1,003,473 s/min), 23,453,638 distinct states found (109,198 ds/min), 1,710,779 states left on queue.
Checking temporal properties for the current state space with 21894817 total distinct states at (2024-04-23 04:36:05)
Finished checking temporal properties in 07min 05s at 2024-04-23 04:43:11
Progress(50) at 2024-04-23 04:43:11: 237,070,014 states generated (999,919 s/min), 23,562,603 distinct states found (108,965 ds/min), 1,667,785 states left on queue.
Progress(50) at 2024-04-23 04:44:11: 238,156,913 states generated (1,086,899 s/min), 23,680,269 distinct states found (117,666 ds/min), 1,624,775 states left on queue.
Progress(50) at 2024-04-23 04:45:11: 239,162,291 states generated (1,005,378 s/min), 23,789,221 distinct states found (108,952 ds/min), 1,583,071 states left on queue.
Progress(50) at 2024-04-23 04:46:11: 240,162,111 states generated (999,820 s/min), 23,898,405 distinct states found (109,184 ds/min), 1,539,097 states left on queue.
Checkpointing of run states\24-04-23-00-13-54
Checkpointing completed at (2024-04-23 04:47:11)
Progress(50) at 2024-04-23 04:47:11: 241,164,493 states generated (1,002,382 s/min), 24,008,063 distinct states found (109,658 ds/min), 1,495,478 states left on queue.
Progress(50) at 2024-04-23 04:48:11: 242,163,647 states generated (999,154 s/min), 24,116,968 distinct states found (108,905 ds/min), 1,451,140 states left on queue.
Progress(50) at 2024-04-23 04:49:11: 243,161,080 states generated (997,433 s/min), 24,226,102 distinct states found (109,134 ds/min), 1,407,145 states left on queue.
Progress(51) at 2024-04-23 04:50:11: 244,154,377 states generated (993,297 s/min), 24,335,243 distinct states found (109,141 ds/min), 1,361,169 states left on queue.
Progress(51) at 2024-04-23 04:51:11: 245,082,222 states generated (927,845 s/min), 24,445,828 distinct states found (110,585 ds/min), 1,290,436 states left on queue.
Progress(51) at 2024-04-23 04:52:11: 246,011,780 states generated (929,558 s/min), 24,555,631 distinct states found (109,803 ds/min), 1,219,922 states left on queue.
Progress(51) at 2024-04-23 04:53:11: 246,940,698 states generated (928,918 s/min), 24,665,846 distinct states found (110,215 ds/min), 1,149,653 states left on queue.
Progress(51) at 2024-04-23 04:54:11: 247,877,679 states generated (936,981 s/min), 24,775,396 distinct states found (109,550 ds/min), 1,083,437 states left on queue.
Progress(51) at 2024-04-23 04:55:11: 248,808,929 states generated (931,250 s/min), 24,885,249 distinct states found (109,853 ds/min), 1,014,294 states left on queue.
Progress(51) at 2024-04-23 04:56:11: 249,737,689 states generated (928,760 s/min), 24,995,163 distinct states found (109,914 ds/min), 944,014 states left on queue.
Progress(51) at 2024-04-23 04:57:11: 250,666,827 states generated (929,138 s/min), 25,105,371 distinct states found (110,208 ds/min), 873,191 states left on queue.
Progress(52) at 2024-04-23 04:58:11: 251,557,712 states generated (890,885 s/min), 25,217,245 distinct states found (111,874 ds/min), 784,584 states left on queue.
Progress(52) at 2024-04-23 04:59:11: 252,408,594 states generated (850,882 s/min), 25,330,950 distinct states found (113,705 ds/min), 677,391 states left on queue.
Progress(52) at 2024-04-23 05:00:11: 253,263,151 states generated (854,557 s/min), 25,443,908 distinct states found (112,958 ds/min), 573,777 states left on queue.
Progress(52) at 2024-04-23 05:01:11: 254,112,846 states generated (849,695 s/min), 25,557,556 distinct states found (113,648 ds/min), 466,393 states left on queue.
Progress(53) at 2024-04-23 05:02:11: 254,892,936 states generated (780,090 s/min), 25,676,322 distinct states found (118,766 ds/min), 320,808 states left on queue.
Progress(54) at 2024-04-23 05:03:11: 255,622,968 states generated (730,032 s/min), 25,800,047 distinct states found (123,725 ds/min), 141,853 states left on queue.
Progress(56) at 2024-04-23 05:03:37: 255,851,610 states generated, 25,858,878 distinct states found, 0 states left on queue.
Checking temporal properties for the complete state space with 25858878 total distinct states at (2024-04-23 05:03:37)
Finished checking temporal properties in 08min 31s at 2024-04-23 05:12:08
Model checking completed. No error has been found.
  Estimates of the probability that TLC did not check all reachable states
  because two distinct states had the same fingerprint:
  calculated (optimistic):  val = 3.2E-4
  based on the actual fingerprints:  val = 4.2E-5
255851610 states generated, 25858878 distinct states found, 0 states left on queue.
The depth of the complete state graph search is 56.
The average outdegree of the complete state graph is 1 (minimum is 0, the maximum 11 and the 95th percentile is 3).
Finished in 04h 58min at (2024-04-23 05:12:09)
