TLC2 Version 2.17 of 02 February 2022 (rev: 3c7caa5)
Warning: Please run the Java VM which executes TLC with a throughput optimized garbage collector by passing the "-XX:+UseParallelGC" property.
(Use the -nowarning option to disable this warning.)
Running breadth-first search Model-Checking with fp 17 and seed -927641580774410603 with 6 workers on 12 cores with 3936MB heap and 64MB offheap memory [pid: 17936] (Windows 11 10.0 amd64, Oracle Corporation 17.0.3.1 x86_64, MSBDiskFPSet, DiskStateQueue).
Parsing file D:\Data Collection\BenOrAbstByzCC.tla
Parsing file C:\Users\marij\AppData\Local\Temp\TLC.tla
Parsing file C:\Users\marij\AppData\Local\Temp\Integers.tla
Parsing file C:\Users\marij\AppData\Local\Temp\FiniteSets.tla
Parsing file C:\Users\marij\AppData\Local\Temp\Naturals.tla
Parsing file C:\Users\marij\AppData\Local\Temp\Sequences.tla
Semantic processing of module Naturals
Semantic processing of module Sequences
Semantic processing of module FiniteSets
Semantic processing of module TLC
Semantic processing of module Integers
Semantic processing of module BenOrAbstByzCC
Starting... (2024-04-22 22:33:20)
Implied-temporal checking--satisfiability problem has 1 branches.
Computing initial states...
Computed 2 initial states...
Computed 4 initial states...
Computed 8 initial states...
Computed 16 initial states...
Computed 32 initial states...
Computed 64 initial states...
Computed 128 initial states...
Finished computing initial states: 256 distinct states generated at 2024-04-22 22:33:20.
Checking temporal properties for the current state space with 10928 total distinct states at (2024-04-22 22:33:23)
Finished checking temporal properties in 00s at 2024-04-22 22:33:23
Progress(5) at 2024-04-22 22:33:23: 66,933 states generated (66,933 s/min), 25,648 distinct states found (25,648 ds/min), 14,724 states left on queue.
Checking temporal properties for the current state space with 157097 total distinct states at (2024-04-22 22:34:23)
Finished checking temporal properties in 02s at 2024-04-22 22:34:25
Progress(14) at 2024-04-22 22:34:25: 1,068,735 states generated (1,001,802 s/min), 293,295 distinct states found (267,647 ds/min), 136,192 states left on queue.
Checking temporal properties for the current state space with 264805 total distinct states at (2024-04-22 22:35:25)
Finished checking temporal properties in 04s at 2024-04-22 22:35:30
Progress(15) at 2024-04-22 22:35:30: 1,974,560 states generated (905,825 s/min), 495,123 distinct states found (201,828 ds/min), 230,314 states left on queue.
Checking temporal properties for the current state space with 381958 total distinct states at (2024-04-22 22:36:30)
Finished checking temporal properties in 06s at 2024-04-22 22:36:36
Progress(15) at 2024-04-22 22:36:36: 2,907,253 states generated (932,693 s/min), 686,856 distinct states found (191,733 ds/min), 304,895 states left on queue.
Checking temporal properties for the current state space with 506925 total distinct states at (2024-04-22 22:37:36)
Finished checking temporal properties in 09s at 2024-04-22 22:37:46
Progress(16) at 2024-04-22 22:37:46: 3,855,907 states generated (948,654 s/min), 870,778 distinct states found (183,922 ds/min), 363,852 states left on queue.
Checking temporal properties for the current state space with 636774 total distinct states at (2024-04-22 22:38:46)
Finished checking temporal properties in 11s at 2024-04-22 22:38:57
Progress(16) at 2024-04-22 22:38:57: 4,807,055 states generated (951,148 s/min), 1,044,635 distinct states found (173,857 ds/min), 407,857 states left on queue.
Checking temporal properties for the current state space with 784414 total distinct states at (2024-04-22 22:39:57)
Finished checking temporal properties in 14s at 2024-04-22 22:40:12
Progress(17) at 2024-04-22 22:40:12: 5,878,934 states generated (1,071,879 s/min), 1,234,204 distinct states found (189,569 ds/min), 449,789 states left on queue.
Checking temporal properties for the current state space with 938159 total distinct states at (2024-04-22 22:41:12)
Finished checking temporal properties in 18s at 2024-04-22 22:41:30
Progress(17) at 2024-04-22 22:41:30: 6,927,608 states generated (1,048,674 s/min), 1,412,049 distinct states found (177,845 ds/min), 473,885 states left on queue.
Checking temporal properties for the current state space with 1092818 total distinct states at (2024-04-22 22:42:30)
Finished checking temporal properties in 20s at 2024-04-22 22:42:51
Progress(17) at 2024-04-22 22:42:51: 7,985,066 states generated (1,057,458 s/min), 1,584,456 distinct states found (172,407 ds/min), 491,634 states left on queue.
Checking temporal properties for the current state space with 1271410 total distinct states at (2024-04-22 22:43:51)
Finished checking temporal properties in 23s at 2024-04-22 22:44:14
Progress(18) at 2024-04-22 22:44:14: 9,149,426 states generated (1,164,360 s/min), 1,775,731 distinct states found (191,275 ds/min), 504,319 states left on queue.
Checking temporal properties for the current state space with 1453238 total distinct states at (2024-04-22 22:45:14)
Finished checking temporal properties in 27s at 2024-04-22 22:45:41
Progress(18) at 2024-04-22 22:45:41: 10,282,827 states generated (1,133,401 s/min), 1,950,976 distinct states found (175,245 ds/min), 497,735 states left on queue.
Checking temporal properties for the current state space with 1658732 total distinct states at (2024-04-22 22:46:41)
Finished checking temporal properties in 32s at 2024-04-22 22:47:14
Progress(19) at 2024-04-22 22:47:14: 11,567,369 states generated (1,284,542 s/min), 2,144,676 distinct states found (193,700 ds/min), 485,938 states left on queue.
Progress(19) at 2024-04-22 22:48:14: 12,874,958 states generated (1,307,589 s/min), 2,337,707 distinct states found (193,031 ds/min), 452,881 states left on queue.
Checking temporal properties for the current state space with 2113680 total distinct states at (2024-04-22 22:49:14)
Finished checking temporal properties in 38s at 2024-04-22 22:49:53
Progress(20) at 2024-04-22 22:49:53: 14,171,501 states generated (1,296,543 s/min), 2,521,786 distinct states found (184,079 ds/min), 408,100 states left on queue.
Progress(20) at 2024-04-22 22:50:53: 15,585,498 states generated (1,413,997 s/min), 2,719,917 distinct states found (198,131 ds/min), 334,723 states left on queue.
Checking temporal properties for the current state space with 2691034 total distinct states at (2024-04-22 22:51:53)
Finished checking temporal properties in 53s at 2024-04-22 22:52:46
Progress(21) at 2024-04-22 22:52:46: 17,066,228 states generated (1,480,730 s/min), 2,919,919 distinct states found (200,002 ds/min), 228,884 states left on queue.
Progress(29) at 2024-04-22 22:53:46: 18,840,426 states generated (1,774,198 s/min), 3,166,340 distinct states found (246,421 ds/min), 14,502 states left on queue.
Progress(39) at 2024-04-22 22:54:46: 20,163,159 states generated (1,322,733 s/min), 3,428,621 distinct states found (262,281 ds/min), 128,052 states left on queue.
Progress(39) at 2024-04-22 22:55:46: 21,427,365 states generated (1,264,206 s/min), 3,636,072 distinct states found (207,451 ds/min), 225,546 states left on queue.
Checking temporal properties for the current state space with 3536635 total distinct states at (2024-04-22 22:56:46)
Finished checking temporal properties in 01min 08s at 2024-04-22 22:57:55
Progress(40) at 2024-04-22 22:57:55: 22,741,675 states generated (1,314,310 s/min), 3,837,485 distinct states found (201,413 ds/min), 300,850 states left on queue.
Progress(40) at 2024-04-22 22:58:55: 23,727,005 states generated (985,330 s/min), 3,988,804 distinct states found (151,319 ds/min), 355,954 states left on queue.
Progress(41) at 2024-04-22 22:59:55: 24,889,714 states generated (1,162,709 s/min), 4,158,164 distinct states found (169,360 ds/min), 402,055 states left on queue.
Progress(41) at 2024-04-22 23:00:55: 25,998,739 states generated (1,109,025 s/min), 4,321,085 distinct states found (162,921 ds/min), 442,762 states left on queue.
Progress(41) at 2024-04-22 23:01:55: 27,323,747 states generated (1,325,008 s/min), 4,509,799 distinct states found (188,714 ds/min), 488,142 states left on queue.
Checking temporal properties for the current state space with 4190040 total distinct states at (2024-04-22 23:02:55)
Finished checking temporal properties in 01min 19s at 2024-04-22 23:04:15
Progress(42) at 2024-04-22 23:04:15: 28,698,087 states generated (1,374,340 s/min), 4,701,204 distinct states found (191,405 ds/min), 511,161 states left on queue.
Checkpointing of run states\24-04-22-22-33-19
Checkpointing completed at (2024-04-22 23:05:15)
Progress(42) at 2024-04-22 23:05:15: 30,202,840 states generated (1,504,753 s/min), 4,912,562 distinct states found (211,358 ds/min), 535,926 states left on queue.
Progress(43) at 2024-04-22 23:06:15: 31,625,401 states generated (1,422,561 s/min), 5,109,123 distinct states found (196,561 ds/min), 552,952 states left on queue.
Progress(43) at 2024-04-22 23:07:15: 33,102,065 states generated (1,476,664 s/min), 5,306,385 distinct states found (197,262 ds/min), 543,527 states left on queue.
Progress(43) at 2024-04-22 23:08:15: 34,579,073 states generated (1,477,008 s/min), 5,507,591 distinct states found (201,206 ds/min), 536,095 states left on queue.
Checking temporal properties for the current state space with 5201391 total distinct states at (2024-04-22 23:09:15)
Finished checking temporal properties in 01min 42s at 2024-04-22 23:10:57
Progress(44) at 2024-04-22 23:10:57: 36,089,519 states generated (1,510,446 s/min), 5,709,859 distinct states found (202,268 ds/min), 508,462 states left on queue.
Progress(44) at 2024-04-22 23:11:57: 37,744,714 states generated (1,655,195 s/min), 5,932,613 distinct states found (222,754 ds/min), 459,529 states left on queue.
Progress(45) at 2024-04-22 23:12:57: 39,320,496 states generated (1,575,782 s/min), 6,145,306 distinct states found (212,693 ds/min), 388,427 states left on queue.
Progress(46) at 2024-04-22 23:13:57: 40,926,498 states generated (1,606,002 s/min), 6,367,642 distinct states found (222,336 ds/min), 283,116 states left on queue.
Progress(49) at 2024-04-22 23:14:57: 42,558,503 states generated (1,632,005 s/min), 6,632,000 distinct states found (264,358 ds/min), 30,434 states left on queue.
Progress(51) at 2024-04-22 23:14:58: 42,582,528 states generated, 6,641,760 distinct states found, 0 states left on queue.
Checking temporal properties for the complete state space with 6641760 total distinct states at (2024-04-22 23:14:58)
Finished checking temporal properties in 02min 05s at 2024-04-22 23:17:04
Model checking completed. No error has been found.
  Estimates of the probability that TLC did not check all reachable states
  because two distinct states had the same fingerprint:
  calculated (optimistic):  val = 1.3E-5
  based on the actual fingerprints:  val = 1.2E-6
42582528 states generated, 6641760 distinct states found, 0 states left on queue.
The depth of the complete state graph search is 51.
The average outdegree of the complete state graph is 1 (minimum is 0, the maximum 12 and the 95th percentile is 3).
Finished in 43min 45s at (2024-04-22 23:17:04)
